{"D:\\0809\\server\\server.js": {"path":"D:\\0809\\server\\server.js","statementMap":{"0":{"start":{"line":7,"column":16},"end":{"line":7,"column":34}},"1":{"start":{"line":8,"column":13},"end":{"line":8,"column":28}},"2":{"start":{"line":9,"column":13},"end":{"line":9,"column":28}},"3":{"start":{"line":10,"column":13},"end":{"line":10,"column":28}},"4":{"start":{"line":11,"column":15},"end":{"line":11,"column":32}},"5":{"start":{"line":12,"column":20},"end":{"line":12,"column":42}},"6":{"start":{"line":13,"column":18},"end":{"line":13,"column":47}},"7":{"start":{"line":14,"column":25},"end":{"line":14,"column":40}},"8":{"start":{"line":15,"column":19},"end":{"line":15,"column":39}},"9":{"start":{"line":18,"column":0},"end":{"line":18,"column":27}},"10":{"start":{"line":21,"column":15},"end":{"line":21,"column":40}},"11":{"start":{"line":22,"column":23},"end":{"line":22,"column":56}},"12":{"start":{"line":23,"column":25},"end":{"line":23,"column":61}},"13":{"start":{"line":24,"column":27},"end":{"line":24,"column":55}},"14":{"start":{"line":27,"column":19},"end":{"line":27,"column":47}},"15":{"start":{"line":28,"column":25},"end":{"line":28,"column":59}},"16":{"start":{"line":29,"column":22},"end":{"line":29,"column":53}},"17":{"start":{"line":30,"column":20},"end":{"line":30,"column":50}},"18":{"start":{"line":31,"column":23},"end":{"line":31,"column":55}},"19":{"start":{"line":32,"column":24},"end":{"line":32,"column":57}},"20":{"start":{"line":33,"column":26},"end":{"line":33,"column":61}},"21":{"start":{"line":34,"column":20},"end":{"line":34,"column":49}},"22":{"start":{"line":37,"column":28},"end":{"line":37,"column":69}},"23":{"start":{"line":38,"column":25},"end":{"line":38,"column":63}},"24":{"start":{"line":41,"column":37},"end":{"line":41,"column":56}},"25":{"start":{"line":45,"column":8},"end":{"line":45,"column":29}},"26":{"start":{"line":46,"column":8},"end":{"line":46,"column":45}},"27":{"start":{"line":47,"column":8},"end":{"line":52,"column":11}},"28":{"start":{"line":54,"column":8},"end":{"line":54,"column":45}},"29":{"start":{"line":55,"column":8},"end":{"line":55,"column":52}},"30":{"start":{"line":57,"column":8},"end":{"line":57,"column":36}},"31":{"start":{"line":58,"column":8},"end":{"line":58,"column":32}},"32":{"start":{"line":59,"column":8},"end":{"line":59,"column":35}},"33":{"start":{"line":60,"column":8},"end":{"line":60,"column":39}},"34":{"start":{"line":67,"column":8},"end":{"line":67,"column":36}},"35":{"start":{"line":70,"column":8},"end":{"line":82,"column":12}},"36":{"start":{"line":85,"column":8},"end":{"line":90,"column":12}},"37":{"start":{"line":93,"column":8},"end":{"line":93,"column":36}},"38":{"start":{"line":96,"column":8},"end":{"line":101,"column":12}},"39":{"start":{"line":99,"column":16},"end":{"line":99,"column":34}},"40":{"start":{"line":102,"column":8},"end":{"line":105,"column":12}},"41":{"start":{"line":108,"column":8},"end":{"line":112,"column":12}},"42":{"start":{"line":115,"column":8},"end":{"line":118,"column":12}},"43":{"start":{"line":121,"column":24},"end":{"line":131,"column":10}},"44":{"start":{"line":134,"column":29},"end":{"line":143,"column":10}},"45":{"start":{"line":145,"column":8},"end":{"line":145,"column":39}},"46":{"start":{"line":146,"column":8},"end":{"line":146,"column":54}},"47":{"start":{"line":149,"column":8},"end":{"line":170,"column":11}},"48":{"start":{"line":150,"column":30},"end":{"line":150,"column":40}},"49":{"start":{"line":153,"column":12},"end":{"line":157,"column":15}},"50":{"start":{"line":160,"column":12},"end":{"line":167,"column":15}},"51":{"start":{"line":161,"column":33},"end":{"line":161,"column":55}},"52":{"start":{"line":162,"column":16},"end":{"line":166,"column":19}},"53":{"start":{"line":169,"column":12},"end":{"line":169,"column":19}},"54":{"start":{"line":172,"column":8},"end":{"line":172,"column":34}},"55":{"start":{"line":179,"column":8},"end":{"line":179,"column":36}},"56":{"start":{"line":182,"column":8},"end":{"line":190,"column":11}},"57":{"start":{"line":183,"column":12},"end":{"line":189,"column":25}},"58":{"start":{"line":193,"column":8},"end":{"line":193,"column":46}},"59":{"start":{"line":194,"column":8},"end":{"line":194,"column":58}},"60":{"start":{"line":195,"column":8},"end":{"line":195,"column":52}},"61":{"start":{"line":196,"column":8},"end":{"line":196,"column":49}},"62":{"start":{"line":197,"column":8},"end":{"line":197,"column":54}},"63":{"start":{"line":198,"column":8},"end":{"line":198,"column":56}},"64":{"start":{"line":199,"column":8},"end":{"line":199,"column":60}},"65":{"start":{"line":200,"column":8},"end":{"line":200,"column":48}},"66":{"start":{"line":203,"column":8},"end":{"line":205,"column":11}},"67":{"start":{"line":204,"column":12},"end":{"line":204,"column":35}},"68":{"start":{"line":208,"column":8},"end":{"line":210,"column":11}},"69":{"start":{"line":209,"column":12},"end":{"line":209,"column":77}},"70":{"start":{"line":213,"column":8},"end":{"line":215,"column":11}},"71":{"start":{"line":214,"column":12},"end":{"line":214,"column":80}},"72":{"start":{"line":218,"column":8},"end":{"line":220,"column":11}},"73":{"start":{"line":219,"column":12},"end":{"line":219,"column":80}},"74":{"start":{"line":223,"column":8},"end":{"line":225,"column":11}},"75":{"start":{"line":224,"column":12},"end":{"line":224,"column":77}},"76":{"start":{"line":228,"column":8},"end":{"line":230,"column":11}},"77":{"start":{"line":229,"column":12},"end":{"line":229,"column":77}},"78":{"start":{"line":233,"column":8},"end":{"line":233,"column":86}},"79":{"start":{"line":234,"column":8},"end":{"line":234,"column":86}},"80":{"start":{"line":237,"column":8},"end":{"line":257,"column":9}},"81":{"start":{"line":238,"column":12},"end":{"line":256,"column":15}},"82":{"start":{"line":239,"column":16},"end":{"line":255,"column":19}},"83":{"start":{"line":260,"column":8},"end":{"line":267,"column":11}},"84":{"start":{"line":261,"column":12},"end":{"line":266,"column":13}},"85":{"start":{"line":262,"column":16},"end":{"line":262,"column":82}},"86":{"start":{"line":265,"column":16},"end":{"line":265,"column":81}},"87":{"start":{"line":269,"column":8},"end":{"line":269,"column":33}},"88":{"start":{"line":276,"column":8},"end":{"line":276,"column":43}},"89":{"start":{"line":279,"column":8},"end":{"line":319,"column":11}},"90":{"start":{"line":280,"column":12},"end":{"line":280,"column":57}},"91":{"start":{"line":283,"column":12},"end":{"line":296,"column":15}},"92":{"start":{"line":284,"column":16},"end":{"line":295,"column":17}},"93":{"start":{"line":285,"column":36},"end":{"line":285,"column":77}},"94":{"start":{"line":286,"column":20},"end":{"line":286,"column":51}},"95":{"start":{"line":287,"column":20},"end":{"line":287,"column":51}},"96":{"start":{"line":288,"column":20},"end":{"line":288,"column":58}},"97":{"start":{"line":290,"column":20},"end":{"line":290,"column":74}},"98":{"start":{"line":291,"column":20},"end":{"line":291,"column":68}},"99":{"start":{"line":293,"column":20},"end":{"line":293,"column":61}},"100":{"start":{"line":294,"column":20},"end":{"line":294,"column":78}},"101":{"start":{"line":299,"column":12},"end":{"line":302,"column":15}},"102":{"start":{"line":300,"column":16},"end":{"line":300,"column":57}},"103":{"start":{"line":301,"column":16},"end":{"line":301,"column":61}},"104":{"start":{"line":305,"column":12},"end":{"line":308,"column":15}},"105":{"start":{"line":306,"column":16},"end":{"line":306,"column":46}},"106":{"start":{"line":307,"column":16},"end":{"line":307,"column":55}},"107":{"start":{"line":311,"column":12},"end":{"line":313,"column":15}},"108":{"start":{"line":312,"column":16},"end":{"line":312,"column":73}},"109":{"start":{"line":316,"column":12},"end":{"line":318,"column":15}},"110":{"start":{"line":317,"column":16},"end":{"line":317,"column":68}},"111":{"start":{"line":322,"column":8},"end":{"line":322,"column":49}},"112":{"start":{"line":323,"column":8},"end":{"line":323,"column":45}},"113":{"start":{"line":325,"column":8},"end":{"line":325,"column":41}},"114":{"start":{"line":332,"column":8},"end":{"line":332,"column":36}},"115":{"start":{"line":335,"column":8},"end":{"line":335,"column":35}},"116":{"start":{"line":338,"column":8},"end":{"line":341,"column":11}},"117":{"start":{"line":339,"column":12},"end":{"line":339,"column":55}},"118":{"start":{"line":340,"column":12},"end":{"line":340,"column":45}},"119":{"start":{"line":344,"column":8},"end":{"line":347,"column":11}},"120":{"start":{"line":345,"column":12},"end":{"line":345,"column":45}},"121":{"start":{"line":346,"column":12},"end":{"line":346,"column":28}},"122":{"start":{"line":350,"column":8},"end":{"line":353,"column":11}},"123":{"start":{"line":351,"column":12},"end":{"line":351,"column":51}},"124":{"start":{"line":352,"column":12},"end":{"line":352,"column":36}},"125":{"start":{"line":355,"column":8},"end":{"line":358,"column":11}},"126":{"start":{"line":356,"column":12},"end":{"line":356,"column":50}},"127":{"start":{"line":357,"column":12},"end":{"line":357,"column":36}},"128":{"start":{"line":360,"column":8},"end":{"line":360,"column":35}},"129":{"start":{"line":367,"column":8},"end":{"line":397,"column":9}},"130":{"start":{"line":369,"column":12},"end":{"line":369,"column":49}},"131":{"start":{"line":372,"column":12},"end":{"line":381,"column":15}},"132":{"start":{"line":373,"column":16},"end":{"line":373,"column":43}},"133":{"start":{"line":374,"column":16},"end":{"line":374,"column":73}},"134":{"start":{"line":375,"column":16},"end":{"line":375,"column":76}},"135":{"start":{"line":376,"column":16},"end":{"line":376,"column":80}},"136":{"start":{"line":377,"column":16},"end":{"line":377,"column":79}},"137":{"start":{"line":378,"column":16},"end":{"line":378,"column":78}},"138":{"start":{"line":379,"column":16},"end":{"line":379,"column":49}},"139":{"start":{"line":380,"column":16},"end":{"line":380,"column":45}},"140":{"start":{"line":384,"column":12},"end":{"line":384,"column":45}},"141":{"start":{"line":387,"column":12},"end":{"line":392,"column":13}},"142":{"start":{"line":388,"column":16},"end":{"line":391,"column":18}},"143":{"start":{"line":395,"column":12},"end":{"line":395,"column":46}},"144":{"start":{"line":396,"column":12},"end":{"line":396,"column":28}},"145":{"start":{"line":404,"column":8},"end":{"line":418,"column":9}},"146":{"start":{"line":405,"column":12},"end":{"line":405,"column":41}},"147":{"start":{"line":408,"column":12},"end":{"line":408,"column":31}},"148":{"start":{"line":409,"column":12},"end":{"line":409,"column":39}},"149":{"start":{"line":412,"column":12},"end":{"line":412,"column":33}},"150":{"start":{"line":413,"column":12},"end":{"line":413,"column":39}},"151":{"start":{"line":416,"column":12},"end":{"line":416,"column":47}},"152":{"start":{"line":417,"column":12},"end":{"line":417,"column":24}},"153":{"start":{"line":425,"column":8},"end":{"line":425,"column":35}},"154":{"start":{"line":427,"column":21},"end":{"line":427,"column":41}},"155":{"start":{"line":430,"column":8},"end":{"line":441,"column":9}},"156":{"start":{"line":431,"column":12},"end":{"line":440,"column":15}},"157":{"start":{"line":432,"column":16},"end":{"line":432,"column":46}},"158":{"start":{"line":433,"column":16},"end":{"line":439,"column":17}},"159":{"start":{"line":434,"column":42},"end":{"line":434,"column":77}},"160":{"start":{"line":435,"column":20},"end":{"line":435,"column":61}},"161":{"start":{"line":436,"column":20},"end":{"line":436,"column":44}},"162":{"start":{"line":438,"column":20},"end":{"line":438,"column":53}},"163":{"start":{"line":444,"column":8},"end":{"line":451,"column":11}},"164":{"start":{"line":445,"column":12},"end":{"line":450,"column":13}},"165":{"start":{"line":446,"column":38},"end":{"line":446,"column":73}},"166":{"start":{"line":447,"column":16},"end":{"line":447,"column":57}},"167":{"start":{"line":449,"column":16},"end":{"line":449,"column":49}},"168":{"start":{"line":454,"column":8},"end":{"line":461,"column":11}},"169":{"start":{"line":455,"column":12},"end":{"line":460,"column":13}},"170":{"start":{"line":456,"column":39},"end":{"line":456,"column":75}},"171":{"start":{"line":457,"column":16},"end":{"line":457,"column":56}},"172":{"start":{"line":459,"column":16},"end":{"line":459,"column":51}},"173":{"start":{"line":463,"column":8},"end":{"line":463,"column":34}},"174":{"start":{"line":470,"column":8},"end":{"line":470,"column":38}},"175":{"start":{"line":472,"column":8},"end":{"line":508,"column":9}},"176":{"start":{"line":474,"column":12},"end":{"line":497,"column":15}},"177":{"start":{"line":475,"column":16},"end":{"line":475,"column":46}},"178":{"start":{"line":478,"column":16},"end":{"line":480,"column":19}},"179":{"start":{"line":479,"column":20},"end":{"line":479,"column":55}},"180":{"start":{"line":483,"column":27},"end":{"line":483,"column":46}},"181":{"start":{"line":484,"column":16},"end":{"line":484,"column":43}},"182":{"start":{"line":485,"column":16},"end":{"line":485,"column":44}},"183":{"start":{"line":488,"column":16},"end":{"line":493,"column":17}},"184":{"start":{"line":489,"column":20},"end":{"line":492,"column":22}},"185":{"start":{"line":495,"column":16},"end":{"line":495,"column":40}},"186":{"start":{"line":496,"column":16},"end":{"line":496,"column":32}},"187":{"start":{"line":500,"column":12},"end":{"line":503,"column":22}},"188":{"start":{"line":501,"column":16},"end":{"line":501,"column":46}},"189":{"start":{"line":502,"column":16},"end":{"line":502,"column":32}},"190":{"start":{"line":506,"column":12},"end":{"line":506,"column":50}},"191":{"start":{"line":507,"column":12},"end":{"line":507,"column":28}},"192":{"start":{"line":513,"column":15},"end":{"line":513,"column":45}},"193":{"start":{"line":516,"column":0},"end":{"line":519,"column":3}},"194":{"start":{"line":517,"column":4},"end":{"line":517,"column":39}},"195":{"start":{"line":518,"column":4},"end":{"line":518,"column":20}},"196":{"start":{"line":521,"column":0},"end":{"line":521,"column":24}}},"fnMap":{"0":{"name":"(anonymous_0)","decl":{"start":{"line":44,"column":4},"end":{"line":44,"column":5}},"loc":{"start":{"line":44,"column":18},"end":{"line":61,"column":5}},"line":44},"1":{"name":"(anonymous_1)","decl":{"start":{"line":66,"column":4},"end":{"line":66,"column":5}},"loc":{"start":{"line":66,"column":27},"end":{"line":173,"column":5}},"line":66},"2":{"name":"(anonymous_2)","decl":{"start":{"line":98,"column":20},"end":{"line":98,"column":21}},"loc":{"start":{"line":98,"column":39},"end":{"line":100,"column":13}},"line":98},"3":{"name":"(anonymous_3)","decl":{"start":{"line":149,"column":21},"end":{"line":149,"column":22}},"loc":{"start":{"line":149,"column":41},"end":{"line":170,"column":9}},"line":149},"4":{"name":"(anonymous_4)","decl":{"start":{"line":160,"column":29},"end":{"line":160,"column":30}},"loc":{"start":{"line":160,"column":35},"end":{"line":167,"column":13}},"line":160},"5":{"name":"(anonymous_5)","decl":{"start":{"line":178,"column":4},"end":{"line":178,"column":5}},"loc":{"start":{"line":178,"column":23},"end":{"line":270,"column":5}},"line":178},"6":{"name":"(anonymous_6)","decl":{"start":{"line":182,"column":32},"end":{"line":182,"column":33}},"loc":{"start":{"line":182,"column":46},"end":{"line":190,"column":9}},"line":182},"7":{"name":"(anonymous_7)","decl":{"start":{"line":203,"column":26},"end":{"line":203,"column":27}},"loc":{"start":{"line":203,"column":40},"end":{"line":205,"column":9}},"line":203},"8":{"name":"(anonymous_8)","decl":{"start":{"line":208,"column":31},"end":{"line":208,"column":32}},"loc":{"start":{"line":208,"column":45},"end":{"line":210,"column":9}},"line":208},"9":{"name":"(anonymous_9)","decl":{"start":{"line":213,"column":34},"end":{"line":213,"column":35}},"loc":{"start":{"line":213,"column":48},"end":{"line":215,"column":9}},"line":213},"10":{"name":"(anonymous_10)","decl":{"start":{"line":218,"column":34},"end":{"line":218,"column":35}},"loc":{"start":{"line":218,"column":48},"end":{"line":220,"column":9}},"line":218},"11":{"name":"(anonymous_11)","decl":{"start":{"line":223,"column":31},"end":{"line":223,"column":32}},"loc":{"start":{"line":223,"column":45},"end":{"line":225,"column":9}},"line":223},"12":{"name":"(anonymous_12)","decl":{"start":{"line":228,"column":30},"end":{"line":228,"column":31}},"loc":{"start":{"line":228,"column":44},"end":{"line":230,"column":9}},"line":228},"13":{"name":"(anonymous_13)","decl":{"start":{"line":238,"column":38},"end":{"line":238,"column":39}},"loc":{"start":{"line":238,"column":52},"end":{"line":256,"column":13}},"line":238},"14":{"name":"(anonymous_14)","decl":{"start":{"line":260,"column":26},"end":{"line":260,"column":27}},"loc":{"start":{"line":260,"column":40},"end":{"line":267,"column":9}},"line":260},"15":{"name":"(anonymous_15)","decl":{"start":{"line":275,"column":4},"end":{"line":275,"column":5}},"loc":{"start":{"line":275,"column":26},"end":{"line":326,"column":5}},"line":275},"16":{"name":"(anonymous_16)","decl":{"start":{"line":279,"column":33},"end":{"line":279,"column":34}},"loc":{"start":{"line":279,"column":45},"end":{"line":319,"column":9}},"line":279},"17":{"name":"(anonymous_17)","decl":{"start":{"line":283,"column":38},"end":{"line":283,"column":39}},"loc":{"start":{"line":283,"column":55},"end":{"line":296,"column":13}},"line":283},"18":{"name":"(anonymous_18)","decl":{"start":{"line":299,"column":44},"end":{"line":299,"column":45}},"loc":{"start":{"line":299,"column":63},"end":{"line":302,"column":13}},"line":299},"19":{"name":"(anonymous_19)","decl":{"start":{"line":305,"column":40},"end":{"line":305,"column":41}},"loc":{"start":{"line":305,"column":52},"end":{"line":308,"column":13}},"line":305},"20":{"name":"(anonymous_20)","decl":{"start":{"line":311,"column":36},"end":{"line":311,"column":37}},"loc":{"start":{"line":311,"column":48},"end":{"line":313,"column":13}},"line":311},"21":{"name":"(anonymous_21)","decl":{"start":{"line":316,"column":31},"end":{"line":316,"column":32}},"loc":{"start":{"line":316,"column":42},"end":{"line":318,"column":13}},"line":316},"22":{"name":"(anonymous_22)","decl":{"start":{"line":331,"column":4},"end":{"line":331,"column":5}},"loc":{"start":{"line":331,"column":30},"end":{"line":361,"column":5}},"line":331},"23":{"name":"(anonymous_23)","decl":{"start":{"line":338,"column":41},"end":{"line":338,"column":42}},"loc":{"start":{"line":338,"column":62},"end":{"line":341,"column":9}},"line":338},"24":{"name":"(anonymous_24)","decl":{"start":{"line":344,"column":40},"end":{"line":344,"column":41}},"loc":{"start":{"line":344,"column":51},"end":{"line":347,"column":9}},"line":344},"25":{"name":"(anonymous_25)","decl":{"start":{"line":350,"column":30},"end":{"line":350,"column":31}},"loc":{"start":{"line":350,"column":36},"end":{"line":353,"column":9}},"line":350},"26":{"name":"(anonymous_26)","decl":{"start":{"line":355,"column":29},"end":{"line":355,"column":30}},"loc":{"start":{"line":355,"column":35},"end":{"line":358,"column":9}},"line":355},"27":{"name":"(anonymous_27)","decl":{"start":{"line":366,"column":4},"end":{"line":366,"column":5}},"loc":{"start":{"line":366,"column":18},"end":{"line":398,"column":5}},"line":366},"28":{"name":"(anonymous_28)","decl":{"start":{"line":372,"column":53},"end":{"line":372,"column":54}},"loc":{"start":{"line":372,"column":59},"end":{"line":381,"column":13}},"line":372},"29":{"name":"(anonymous_29)","decl":{"start":{"line":403,"column":4},"end":{"line":403,"column":5}},"loc":{"start":{"line":403,"column":36},"end":{"line":419,"column":5}},"line":403},"30":{"name":"(anonymous_30)","decl":{"start":{"line":424,"column":4},"end":{"line":424,"column":5}},"loc":{"start":{"line":424,"column":32},"end":{"line":464,"column":5}},"line":424},"31":{"name":"(anonymous_31)","decl":{"start":{"line":431,"column":39},"end":{"line":431,"column":40}},"loc":{"start":{"line":431,"column":51},"end":{"line":440,"column":13}},"line":431},"32":{"name":"(anonymous_32)","decl":{"start":{"line":444,"column":35},"end":{"line":444,"column":36}},"loc":{"start":{"line":444,"column":47},"end":{"line":451,"column":9}},"line":444},"33":{"name":"(anonymous_33)","decl":{"start":{"line":454,"column":35},"end":{"line":454,"column":36}},"loc":{"start":{"line":454,"column":47},"end":{"line":461,"column":9}},"line":454},"34":{"name":"(anonymous_34)","decl":{"start":{"line":469,"column":4},"end":{"line":469,"column":5}},"loc":{"start":{"line":469,"column":29},"end":{"line":509,"column":5}},"line":469},"35":{"name":"(anonymous_35)","decl":{"start":{"line":474,"column":30},"end":{"line":474,"column":31}},"loc":{"start":{"line":474,"column":42},"end":{"line":497,"column":13}},"line":474},"36":{"name":"(anonymous_36)","decl":{"start":{"line":478,"column":30},"end":{"line":478,"column":31}},"loc":{"start":{"line":478,"column":36},"end":{"line":480,"column":17}},"line":478},"37":{"name":"(anonymous_37)","decl":{"start":{"line":500,"column":23},"end":{"line":500,"column":24}},"loc":{"start":{"line":500,"column":29},"end":{"line":503,"column":13}},"line":500},"38":{"name":"(anonymous_38)","decl":{"start":{"line":516,"column":21},"end":{"line":516,"column":22}},"loc":{"start":{"line":516,"column":30},"end":{"line":519,"column":1}},"line":516}},"branchMap":{"0":{"loc":{"start":{"line":49,"column":24},"end":{"line":49,"column":74}},"type":"binary-expr","locations":[{"start":{"line":49,"column":24},"end":{"line":49,"column":47}},{"start":{"line":49,"column":51},"end":{"line":49,"column":74}}],"line":49},"1":{"loc":{"start":{"line":54,"column":20},"end":{"line":54,"column":44}},"type":"binary-expr","locations":[{"start":{"line":54,"column":20},"end":{"line":54,"column":36}},{"start":{"line":54,"column":40},"end":{"line":54,"column":44}}],"line":54},"2":{"loc":{"start":{"line":55,"column":20},"end":{"line":55,"column":51}},"type":"binary-expr","locations":[{"start":{"line":55,"column":20},"end":{"line":55,"column":36}},{"start":{"line":55,"column":40},"end":{"line":55,"column":51}}],"line":55},"3":{"loc":{"start":{"line":86,"column":20},"end":{"line":86,"column":70}},"type":"binary-expr","locations":[{"start":{"line":86,"column":20},"end":{"line":86,"column":43}},{"start":{"line":86,"column":47},"end":{"line":86,"column":70}}],"line":86},"4":{"loc":{"start":{"line":122,"column":22},"end":{"line":122,"column":79}},"type":"binary-expr","locations":[{"start":{"line":122,"column":22},"end":{"line":122,"column":61}},{"start":{"line":122,"column":65},"end":{"line":122,"column":79}}],"line":122},"5":{"loc":{"start":{"line":123,"column":17},"end":{"line":123,"column":60}},"type":"binary-expr","locations":[{"start":{"line":123,"column":17},"end":{"line":123,"column":53}},{"start":{"line":123,"column":57},"end":{"line":123,"column":60}}],"line":123},"6":{"loc":{"start":{"line":136,"column":17},"end":{"line":136,"column":64}},"type":"binary-expr","locations":[{"start":{"line":136,"column":17},"end":{"line":136,"column":59}},{"start":{"line":136,"column":63},"end":{"line":136,"column":64}}],"line":136},"7":{"loc":{"start":{"line":156,"column":22},"end":{"line":156,"column":65}},"type":"cond-expr","locations":[{"start":{"line":156,"column":45},"end":{"line":156,"column":53}},{"start":{"line":156,"column":56},"end":{"line":156,"column":65}}],"line":156},"8":{"loc":{"start":{"line":188,"column":25},"end":{"line":188,"column":67}},"type":"binary-expr","locations":[{"start":{"line":188,"column":25},"end":{"line":188,"column":56}},{"start":{"line":188,"column":60},"end":{"line":188,"column":67}}],"line":188},"9":{"loc":{"start":{"line":237,"column":8},"end":{"line":257,"column":9}},"type":"if","locations":[{"start":{"line":237,"column":8},"end":{"line":257,"column":9}},{"start":{},"end":{}}],"line":237},"10":{"loc":{"start":{"line":237,"column":12},"end":{"line":237,"column":93}},"type":"binary-expr","locations":[{"start":{"line":237,"column":12},"end":{"line":237,"column":50}},{"start":{"line":237,"column":54},"end":{"line":237,"column":93}}],"line":237},"11":{"loc":{"start":{"line":261,"column":12},"end":{"line":266,"column":13}},"type":"if","locations":[{"start":{"line":261,"column":12},"end":{"line":266,"column":13}},{"start":{"line":263,"column":19},"end":{"line":266,"column":13}}],"line":261},"12":{"loc":{"start":{"line":377,"column":38},"end":{"line":377,"column":75}},"type":"binary-expr","locations":[{"start":{"line":377,"column":38},"end":{"line":377,"column":58}},{"start":{"line":377,"column":62},"end":{"line":377,"column":75}}],"line":377},"13":{"loc":{"start":{"line":378,"column":40},"end":{"line":378,"column":74}},"type":"binary-expr","locations":[{"start":{"line":378,"column":40},"end":{"line":378,"column":60}},{"start":{"line":378,"column":64},"end":{"line":378,"column":74}}],"line":378},"14":{"loc":{"start":{"line":387,"column":12},"end":{"line":392,"column":13}},"type":"if","locations":[{"start":{"line":387,"column":12},"end":{"line":392,"column":13}},{"start":{},"end":{}}],"line":387},"15":{"loc":{"start":{"line":430,"column":8},"end":{"line":441,"column":9}},"type":"if","locations":[{"start":{"line":430,"column":8},"end":{"line":441,"column":9}},{"start":{},"end":{}}],"line":430},"16":{"loc":{"start":{"line":488,"column":16},"end":{"line":493,"column":17}},"type":"if","locations":[{"start":{"line":488,"column":16},"end":{"line":493,"column":17}},{"start":{},"end":{}}],"line":488}},"s":{"0":3,"1":3,"2":3,"3":3,"4":3,"5":3,"6":3,"7":3,"8":3,"9":3,"10":3,"11":3,"12":3,"13":3,"14":3,"15":3,"16":3,"17":3,"18":3,"19":3,"20":3,"21":3,"22":3,"23":3,"24":3,"25":3,"26":3,"27":3,"28":3,"29":3,"30":3,"31":3,"32":3,"33":3,"34":3,"35":3,"36":3,"37":3,"38":3,"39":0,"40":3,"41":3,"42":3,"43":3,"44":3,"45":3,"46":3,"47":3,"48":0,"49":0,"50":0,"51":0,"52":0,"53":0,"54":3,"55":3,"56":3,"57":0,"58":3,"59":3,"60":3,"61":3,"62":3,"63":3,"64":3,"65":3,"66":3,"67":0,"68":3,"69":0,"70":3,"71":0,"72":3,"73":0,"74":3,"75":0,"76":3,"77":0,"78":3,"79":3,"80":3,"81":0,"82":0,"83":3,"84":0,"85":0,"86":0,"87":3,"88":3,"89":3,"90":0,"91":0,"92":0,"93":0,"94":0,"95":0,"96":0,"97":0,"98":0,"99":0,"100":0,"101":0,"102":0,"103":0,"104":0,"105":0,"106":0,"107":0,"108":0,"109":0,"110":0,"111":3,"112":3,"113":3,"114":3,"115":3,"116":3,"117":0,"118":0,"119":3,"120":0,"121":0,"122":3,"123":0,"124":0,"125":3,"126":0,"127":0,"128":3,"129":3,"130":3,"131":0,"132":0,"133":0,"134":0,"135":0,"136":0,"137":0,"138":0,"139":0,"140":0,"141":0,"142":0,"143":0,"144":0,"145":3,"146":3,"147":3,"148":0,"149":0,"150":0,"151":0,"152":0,"153":0,"154":0,"155":0,"156":0,"157":0,"158":0,"159":0,"160":0,"161":0,"162":0,"163":0,"164":0,"165":0,"166":0,"167":0,"168":0,"169":0,"170":0,"171":0,"172":0,"173":0,"174":0,"175":0,"176":0,"177":0,"178":0,"179":0,"180":0,"181":0,"182":0,"183":0,"184":0,"185":0,"186":0,"187":0,"188":0,"189":0,"190":0,"191":0,"192":3,"193":3,"194":0,"195":0,"196":3},"f":{"0":3,"1":3,"2":0,"3":0,"4":0,"5":3,"6":0,"7":0,"8":0,"9":0,"10":0,"11":0,"12":0,"13":0,"14":0,"15":3,"16":0,"17":0,"18":0,"19":0,"20":0,"21":0,"22":3,"23":0,"24":0,"25":0,"26":0,"27":3,"28":0,"29":3,"30":0,"31":0,"32":0,"33":0,"34":0,"35":0,"36":0,"37":0,"38":0},"b":{"0":[3,0],"1":[3,0],"2":[3,0],"3":[3,0],"4":[3,0],"5":[3,0],"6":[3,0],"7":[0,0],"8":[0,0],"9":[0,3],"10":[3,0],"11":[0,0],"12":[0,0],"13":[0,0],"14":[0,0],"15":[0,0],"16":[0,0]},"_coverageSchema":"1a1c01bbd47fc00a2c39e90264f33305004495a9","hash":"623a21fa5a65c755f98e2d3a6b837d1ac7556875"}
,"D:\\0809\\server\\config\\database.js": {"path":"D:\\0809\\server\\config\\database.js","statementMap":{"0":{"start":{"line":5,"column":22},"end":{"line":5,"column":42}},"1":{"start":{"line":6,"column":15},"end":{"line":6,"column":41}},"2":{"start":{"line":10,"column":8},"end":{"line":10,"column":30}},"3":{"start":{"line":14,"column":8},"end":{"line":36,"column":9}},"4":{"start":{"line":16,"column":12},"end":{"line":26,"column":15}},"5":{"start":{"line":19,"column":34},"end":{"line":19,"column":51}},"6":{"start":{"line":29,"column":12},"end":{"line":29,"column":48}},"7":{"start":{"line":30,"column":12},"end":{"line":30,"column":37}},"8":{"start":{"line":32,"column":12},"end":{"line":32,"column":34}},"9":{"start":{"line":34,"column":12},"end":{"line":34,"column":46}},"10":{"start":{"line":35,"column":12},"end":{"line":35,"column":24}},"11":{"start":{"line":40,"column":8},"end":{"line":46,"column":9}},"12":{"start":{"line":41,"column":12},"end":{"line":41,"column":49}},"13":{"start":{"line":42,"column":12},"end":{"line":42,"column":38}},"14":{"start":{"line":44,"column":12},"end":{"line":44,"column":47}},"15":{"start":{"line":45,"column":12},"end":{"line":45,"column":24}},"16":{"start":{"line":50,"column":8},"end":{"line":50,"column":30}},"17":{"start":{"line":54,"column":8},"end":{"line":57,"column":9}},"18":{"start":{"line":55,"column":12},"end":{"line":55,"column":41}},"19":{"start":{"line":56,"column":12},"end":{"line":56,"column":39}},"20":{"start":{"line":61,"column":0},"end":{"line":61,"column":39}}},"fnMap":{"0":{"name":"(anonymous_0)","decl":{"start":{"line":9,"column":4},"end":{"line":9,"column":5}},"loc":{"start":{"line":9,"column":18},"end":{"line":11,"column":5}},"line":9},"1":{"name":"(anonymous_1)","decl":{"start":{"line":13,"column":4},"end":{"line":13,"column":5}},"loc":{"start":{"line":13,"column":23},"end":{"line":37,"column":5}},"line":13},"2":{"name":"(anonymous_2)","decl":{"start":{"line":19,"column":25},"end":{"line":19,"column":26}},"loc":{"start":{"line":19,"column":34},"end":{"line":19,"column":51}},"line":19},"3":{"name":"(anonymous_3)","decl":{"start":{"line":39,"column":4},"end":{"line":39,"column":5}},"loc":{"start":{"line":39,"column":36},"end":{"line":47,"column":5}},"line":39},"4":{"name":"(anonymous_4)","decl":{"start":{"line":49,"column":4},"end":{"line":49,"column":5}},"loc":{"start":{"line":49,"column":19},"end":{"line":51,"column":5}},"line":49},"5":{"name":"(anonymous_5)","decl":{"start":{"line":53,"column":4},"end":{"line":53,"column":5}},"loc":{"start":{"line":53,"column":18},"end":{"line":58,"column":5}},"line":53}},"branchMap":{"0":{"loc":{"start":{"line":39,"column":21},"end":{"line":39,"column":34}},"type":"default-arg","locations":[{"start":{"line":39,"column":29},"end":{"line":39,"column":34}}],"line":39},"1":{"loc":{"start":{"line":54,"column":8},"end":{"line":57,"column":9}},"type":"if","locations":[{"start":{"line":54,"column":8},"end":{"line":57,"column":9}},{"start":{},"end":{}}],"line":54}},"s":{"0":0,"1":0,"2":0,"3":0,"4":0,"5":0,"6":0,"7":0,"8":0,"9":0,"10":0,"11":0,"12":0,"13":0,"14":0,"15":0,"16":0,"17":0,"18":0,"19":0,"20":0},"f":{"0":0,"1":0,"2":0,"3":0,"4":0,"5":0},"b":{"0":[0],"1":[0,0]}}
,"D:\\0809\\server\\config\\https.js": {"path":"D:\\0809\\server\\config\\https.js","statementMap":{"0":{"start":{"line":6,"column":11},"end":{"line":6,"column":24}},"1":{"start":{"line":7,"column":13},"end":{"line":7,"column":28}},"2":{"start":{"line":8,"column":14},"end":{"line":8,"column":30}},"3":{"start":{"line":11,"column":18},"end":{"line":37,"column":1}},"4":{"start":{"line":41,"column":20},"end":{"line":45,"column":5}},"5":{"start":{"line":47,"column":4},"end":{"line":66,"column":5}},"6":{"start":{"line":49,"column":8},"end":{"line":51,"column":9}},"7":{"start":{"line":50,"column":12},"end":{"line":50,"column":61}},"8":{"start":{"line":53,"column":8},"end":{"line":55,"column":9}},"9":{"start":{"line":54,"column":12},"end":{"line":54,"column":63}},"10":{"start":{"line":58,"column":8},"end":{"line":60,"column":9}},"11":{"start":{"line":59,"column":12},"end":{"line":59,"column":59}},"12":{"start":{"line":62,"column":8},"end":{"line":62,"column":23}},"13":{"start":{"line":64,"column":8},"end":{"line":64,"column":54}},"14":{"start":{"line":65,"column":8},"end":{"line":65,"column":20}},"15":{"start":{"line":70,"column":22},"end":{"line":76,"column":1}},"16":{"start":{"line":71,"column":4},"end":{"line":74,"column":5}},"17":{"start":{"line":72,"column":25},"end":{"line":72,"column":63}},"18":{"start":{"line":73,"column":8},"end":{"line":73,"column":43}},"19":{"start":{"line":75,"column":4},"end":{"line":75,"column":11}},"20":{"start":{"line":79,"column":19},"end":{"line":85,"column":1}},"21":{"start":{"line":80,"column":4},"end":{"line":83,"column":6}},"22":{"start":{"line":84,"column":4},"end":{"line":84,"column":11}},"23":{"start":{"line":89,"column":25},"end":{"line":89,"column":45}},"24":{"start":{"line":91,"column":4},"end":{"line":95,"column":5}},"25":{"start":{"line":92,"column":8},"end":{"line":92,"column":49}},"26":{"start":{"line":93,"column":8},"end":{"line":93,"column":42}},"27":{"start":{"line":94,"column":8},"end":{"line":94,"column":20}},"28":{"start":{"line":97,"column":24},"end":{"line":97,"column":61}},"29":{"start":{"line":99,"column":4},"end":{"line":101,"column":7}},"30":{"start":{"line":100,"column":8},"end":{"line":100,"column":47}},"31":{"start":{"line":103,"column":4},"end":{"line":103,"column":23}},"32":{"start":{"line":108,"column":19},"end":{"line":108,"column":21}},"33":{"start":{"line":110,"column":4},"end":{"line":112,"column":5}},"34":{"start":{"line":111,"column":8},"end":{"line":111,"column":54}},"35":{"start":{"line":114,"column":4},"end":{"line":116,"column":5}},"36":{"start":{"line":115,"column":8},"end":{"line":115,"column":53}},"37":{"start":{"line":121,"column":4},"end":{"line":124,"column":6}},"38":{"start":{"line":129,"column":23},"end":{"line":129,"column":44}},"39":{"start":{"line":131,"column":18},"end":{"line":137,"column":5}},"40":{"start":{"line":139,"column":20},"end":{"line":152,"column":5}},"41":{"start":{"line":154,"column":17},"end":{"line":154,"column":52}},"42":{"start":{"line":157,"column":19},"end":{"line":157,"column":49}},"43":{"start":{"line":158,"column":4},"end":{"line":160,"column":5}},"44":{"start":{"line":159,"column":8},"end":{"line":159,"column":50}},"45":{"start":{"line":163,"column":4},"end":{"line":163,"column":63}},"46":{"start":{"line":164,"column":4},"end":{"line":164,"column":65}},"47":{"start":{"line":166,"column":4},"end":{"line":166,"column":40}},"48":{"start":{"line":167,"column":4},"end":{"line":167,"column":38}},"49":{"start":{"line":169,"column":4},"end":{"line":172,"column":6}},"50":{"start":{"line":175,"column":0},"end":{"line":183,"column":2}}},"fnMap":{"0":{"name":"createHTTPSOptions","decl":{"start":{"line":40,"column":9},"end":{"line":40,"column":27}},"loc":{"start":{"line":40,"column":30},"end":{"line":67,"column":1}},"line":40},"1":{"name":"(anonymous_1)","decl":{"start":{"line":70,"column":22},"end":{"line":70,"column":23}},"loc":{"start":{"line":70,"column":42},"end":{"line":76,"column":1}},"line":70},"2":{"name":"(anonymous_2)","decl":{"start":{"line":79,"column":19},"end":{"line":79,"column":20}},"loc":{"start":{"line":79,"column":39},"end":{"line":85,"column":1}},"line":79},"3":{"name":"createHTTPSServer","decl":{"start":{"line":88,"column":9},"end":{"line":88,"column":26}},"loc":{"start":{"line":88,"column":32},"end":{"line":104,"column":1}},"line":88},"4":{"name":"(anonymous_4)","decl":{"start":{"line":99,"column":28},"end":{"line":99,"column":29}},"loc":{"start":{"line":99,"column":39},"end":{"line":101,"column":5}},"line":99},"5":{"name":"validateSSLCertificate","decl":{"start":{"line":107,"column":9},"end":{"line":107,"column":31}},"loc":{"start":{"line":107,"column":34},"end":{"line":125,"column":1}},"line":107},"6":{"name":"generateSelfSignedCert","decl":{"start":{"line":128,"column":9},"end":{"line":128,"column":31}},"loc":{"start":{"line":128,"column":34},"end":{"line":173,"column":1}},"line":128}},"branchMap":{"0":{"loc":{"start":{"line":13,"column":14},"end":{"line":13,"column":82}},"type":"binary-expr","locations":[{"start":{"line":13,"column":14},"end":{"line":13,"column":39}},{"start":{"line":13,"column":43},"end":{"line":13,"column":82}}],"line":13},"1":{"loc":{"start":{"line":14,"column":13},"end":{"line":14,"column":79}},"type":"binary-expr","locations":[{"start":{"line":14,"column":13},"end":{"line":14,"column":37}},{"start":{"line":14,"column":41},"end":{"line":14,"column":79}}],"line":14},"2":{"loc":{"start":{"line":15,"column":12},"end":{"line":15,"column":43}},"type":"binary-expr","locations":[{"start":{"line":15,"column":12},"end":{"line":15,"column":35}},{"start":{"line":15,"column":39},"end":{"line":15,"column":43}}],"line":15},"3":{"loc":{"start":{"line":30,"column":15},"end":{"line":30,"column":44}},"type":"binary-expr","locations":[{"start":{"line":30,"column":15},"end":{"line":30,"column":37}},{"start":{"line":30,"column":41},"end":{"line":30,"column":44}}],"line":30},"4":{"loc":{"start":{"line":31,"column":14},"end":{"line":31,"column":41}},"type":"binary-expr","locations":[{"start":{"line":31,"column":14},"end":{"line":31,"column":35}},{"start":{"line":31,"column":39},"end":{"line":31,"column":41}}],"line":31},"5":{"loc":{"start":{"line":49,"column":8},"end":{"line":51,"column":9}},"type":"if","locations":[{"start":{"line":49,"column":8},"end":{"line":51,"column":9}},{"start":{},"end":{}}],"line":49},"6":{"loc":{"start":{"line":53,"column":8},"end":{"line":55,"column":9}},"type":"if","locations":[{"start":{"line":53,"column":8},"end":{"line":55,"column":9}},{"start":{},"end":{}}],"line":53},"7":{"loc":{"start":{"line":58,"column":8},"end":{"line":60,"column":9}},"type":"if","locations":[{"start":{"line":58,"column":8},"end":{"line":60,"column":9}},{"start":{},"end":{}}],"line":58},"8":{"loc":{"start":{"line":58,"column":12},"end":{"line":58,"column":63}},"type":"binary-expr","locations":[{"start":{"line":58,"column":12},"end":{"line":58,"column":28}},{"start":{"line":58,"column":32},"end":{"line":58,"column":63}}],"line":58},"9":{"loc":{"start":{"line":71,"column":4},"end":{"line":74,"column":5}},"type":"if","locations":[{"start":{"line":71,"column":4},"end":{"line":74,"column":5}},{"start":{},"end":{}}],"line":71},"10":{"loc":{"start":{"line":82,"column":61},"end":{"line":82,"column":101}},"type":"cond-expr","locations":[{"start":{"line":82,"column":85},"end":{"line":82,"column":96}},{"start":{"line":82,"column":99},"end":{"line":82,"column":101}}],"line":82},"11":{"loc":{"start":{"line":91,"column":4},"end":{"line":95,"column":5}},"type":"if","locations":[{"start":{"line":91,"column":4},"end":{"line":95,"column":5}},{"start":{},"end":{}}],"line":91},"12":{"loc":{"start":{"line":91,"column":8},"end":{"line":91,"column":64}},"type":"binary-expr","locations":[{"start":{"line":91,"column":8},"end":{"line":91,"column":21}},{"start":{"line":91,"column":25},"end":{"line":91,"column":42}},{"start":{"line":91,"column":46},"end":{"line":91,"column":64}}],"line":91},"13":{"loc":{"start":{"line":110,"column":4},"end":{"line":112,"column":5}},"type":"if","locations":[{"start":{"line":110,"column":4},"end":{"line":112,"column":5}},{"start":{},"end":{}}],"line":110},"14":{"loc":{"start":{"line":114,"column":4},"end":{"line":116,"column":5}},"type":"if","locations":[{"start":{"line":114,"column":4},"end":{"line":116,"column":5}},{"start":{},"end":{}}],"line":114},"15":{"loc":{"start":{"line":158,"column":4},"end":{"line":160,"column":5}},"type":"if","locations":[{"start":{"line":158,"column":4},"end":{"line":160,"column":5}},{"start":{},"end":{}}],"line":158}},"s":{"0":0,"1":0,"2":0,"3":0,"4":0,"5":0,"6":0,"7":0,"8":0,"9":0,"10":0,"11":0,"12":0,"13":0,"14":0,"15":0,"16":0,"17":0,"18":0,"19":0,"20":0,"21":0,"22":0,"23":0,"24":0,"25":0,"26":0,"27":0,"28":0,"29":0,"30":0,"31":0,"32":0,"33":0,"34":0,"35":0,"36":0,"37":0,"38":0,"39":0,"40":0,"41":0,"42":0,"43":0,"44":0,"45":0,"46":0,"47":0,"48":0,"49":0,"50":0},"f":{"0":0,"1":0,"2":0,"3":0,"4":0,"5":0,"6":0},"b":{"0":[0,0],"1":[0,0],"2":[0,0],"3":[0,0],"4":[0,0],"5":[0,0],"6":[0,0],"7":[0,0],"8":[0,0],"9":[0,0],"10":[0,0],"11":[0,0],"12":[0,0,0],"13":[0,0],"14":[0,0],"15":[0,0]}}
,"D:\\0809\\server\\controllers\\adminController.js": {"path":"D:\\0809\\server\\controllers\\adminController.js","statementMap":{"0":{"start":{"line":9,"column":4},"end":{"line":9,"column":56}},"1":{"start":{"line":11,"column":4},"end":{"line":14,"column":6}},"2":{"start":{"line":17,"column":0},"end":{"line":19,"column":2}}},"fnMap":{"0":{"name":"getStores","decl":{"start":{"line":7,"column":15},"end":{"line":7,"column":24}},"loc":{"start":{"line":7,"column":35},"end":{"line":15,"column":1}},"line":7}},"branchMap":{"0":{"loc":{"start":{"line":9,"column":33},"end":{"line":9,"column":54}},"type":"binary-expr","locations":[{"start":{"line":9,"column":33},"end":{"line":9,"column":41}},{"start":{"line":9,"column":45},"end":{"line":9,"column":54}}],"line":9}},"s":{"0":0,"1":0,"2":0},"f":{"0":0},"b":{"0":[0,0]}}
,"D:\\0809\\server\\controllers\\attendanceController.js": {"path":"D:\\0809\\server\\controllers\\attendanceController.js","statementMap":{"0":{"start":{"line":8,"column":54},"end":{"line":8,"column":62}},"1":{"start":{"line":17,"column":4},"end":{"line":21,"column":6}},"2":{"start":{"line":24,"column":0},"end":{"line":28,"column":2}}},"fnMap":{"0":{"name":"clock","decl":{"start":{"line":7,"column":15},"end":{"line":7,"column":20}},"loc":{"start":{"line":7,"column":31},"end":{"line":22,"column":1}},"line":7}},"branchMap":{},"s":{"0":0,"1":0,"2":0},"f":{"0":0},"b":{}}
,"D:\\0809\\server\\controllers\\authController.js": {"path":"D:\\0809\\server\\controllers\\authController.js","statementMap":{"0":{"start":{"line":8,"column":64},"end":{"line":8,"column":72}},"1":{"start":{"line":17,"column":4},"end":{"line":21,"column":6}},"2":{"start":{"line":24,"column":0},"end":{"line":30,"column":2}}},"fnMap":{"0":{"name":"register","decl":{"start":{"line":7,"column":15},"end":{"line":7,"column":23}},"loc":{"start":{"line":7,"column":34},"end":{"line":22,"column":1}},"line":7}},"branchMap":{},"s":{"0":0,"1":0,"2":0},"f":{"0":0},"b":{}}
,"D:\\0809\\server\\controllers\\revenueController.js": {"path":"D:\\0809\\server\\controllers\\revenueController.js","statementMap":{"0":{"start":{"line":8,"column":31},"end":{"line":8,"column":40}},"1":{"start":{"line":16,"column":4},"end":{"line":21,"column":6}},"2":{"start":{"line":24,"column":0},"end":{"line":26,"column":2}}},"fnMap":{"0":{"name":"getSummary","decl":{"start":{"line":7,"column":15},"end":{"line":7,"column":25}},"loc":{"start":{"line":7,"column":36},"end":{"line":22,"column":1}},"line":7}},"branchMap":{},"s":{"0":0,"1":0,"2":0},"f":{"0":0},"b":{}}
,"D:\\0809\\server\\controllers\\scheduleController.js": {"path":"D:\\0809\\server\\controllers\\scheduleController.js","statementMap":{"0":{"start":{"line":9,"column":4},"end":{"line":9,"column":53}},"1":{"start":{"line":11,"column":4},"end":{"line":14,"column":6}},"2":{"start":{"line":17,"column":0},"end":{"line":19,"column":2}}},"fnMap":{"0":{"name":"getSchedule","decl":{"start":{"line":7,"column":15},"end":{"line":7,"column":26}},"loc":{"start":{"line":7,"column":37},"end":{"line":15,"column":1}},"line":7}},"branchMap":{"0":{"loc":{"start":{"line":9,"column":30},"end":{"line":9,"column":51}},"type":"binary-expr","locations":[{"start":{"line":9,"column":30},"end":{"line":9,"column":38}},{"start":{"line":9,"column":42},"end":{"line":9,"column":51}}],"line":9}},"s":{"0":0,"1":0,"2":0},"f":{"0":0},"b":{"0":[0,0]}}
,"D:\\0809\\server\\middleware\\auth.js": {"path":"D:\\0809\\server\\middleware\\auth.js","statementMap":{"0":{"start":{"line":5,"column":12},"end":{"line":5,"column":35}},"1":{"start":{"line":6,"column":23},"end":{"line":6,"column":57}},"2":{"start":{"line":7,"column":15},"end":{"line":7,"column":41}},"3":{"start":{"line":13,"column":4},"end":{"line":89,"column":5}},"4":{"start":{"line":15,"column":27},"end":{"line":15,"column":52}},"5":{"start":{"line":17,"column":8},"end":{"line":19,"column":9}},"6":{"start":{"line":18,"column":12},"end":{"line":18,"column":66}},"7":{"start":{"line":21,"column":8},"end":{"line":23,"column":9}},"8":{"start":{"line":22,"column":12},"end":{"line":22,"column":66}},"9":{"start":{"line":25,"column":22},"end":{"line":25,"column":45}},"10":{"start":{"line":27,"column":8},"end":{"line":29,"column":9}},"11":{"start":{"line":28,"column":12},"end":{"line":28,"column":65}},"12":{"start":{"line":32,"column":24},"end":{"line":32,"column":65}},"13":{"start":{"line":35,"column":32},"end":{"line":35,"column":63}},"14":{"start":{"line":36,"column":8},"end":{"line":41,"column":9}},"15":{"start":{"line":37,"column":12},"end":{"line":40,"column":15}},"16":{"start":{"line":44,"column":8},"end":{"line":49,"column":10}},"17":{"start":{"line":52,"column":8},"end":{"line":58,"column":11}},"18":{"start":{"line":60,"column":8},"end":{"line":60,"column":15}},"19":{"start":{"line":63,"column":8},"end":{"line":69,"column":9}},"20":{"start":{"line":64,"column":12},"end":{"line":67,"column":15}},"21":{"start":{"line":68,"column":12},"end":{"line":68,"column":66}},"22":{"start":{"line":71,"column":8},"end":{"line":77,"column":9}},"23":{"start":{"line":72,"column":12},"end":{"line":75,"column":15}},"24":{"start":{"line":76,"column":12},"end":{"line":76,"column":70}},"25":{"start":{"line":79,"column":8},"end":{"line":85,"column":9}},"26":{"start":{"line":80,"column":12},"end":{"line":83,"column":15}},"27":{"start":{"line":84,"column":12},"end":{"line":84,"column":65}},"28":{"start":{"line":87,"column":8},"end":{"line":87,"column":48}},"29":{"start":{"line":88,"column":8},"end":{"line":88,"column":62}},"30":{"start":{"line":97,"column":4},"end":{"line":118,"column":6}},"31":{"start":{"line":98,"column":8},"end":{"line":100,"column":9}},"32":{"start":{"line":99,"column":12},"end":{"line":99,"column":61}},"33":{"start":{"line":102,"column":8},"end":{"line":104,"column":9}},"34":{"start":{"line":103,"column":12},"end":{"line":103,"column":26}},"35":{"start":{"line":106,"column":8},"end":{"line":115,"column":9}},"36":{"start":{"line":107,"column":12},"end":{"line":112,"column":15}},"37":{"start":{"line":114,"column":12},"end":{"line":114,"column":94}},"38":{"start":{"line":117,"column":8},"end":{"line":117,"column":15}},"39":{"start":{"line":125,"column":4},"end":{"line":125,"column":51}},"40":{"start":{"line":132,"column":4},"end":{"line":132,"column":62}},"41":{"start":{"line":140,"column":4},"end":{"line":170,"column":6}},"42":{"start":{"line":141,"column":8},"end":{"line":169,"column":9}},"43":{"start":{"line":142,"column":12},"end":{"line":144,"column":13}},"44":{"start":{"line":143,"column":16},"end":{"line":143,"column":65}},"45":{"start":{"line":147,"column":12},"end":{"line":149,"column":13}},"46":{"start":{"line":148,"column":16},"end":{"line":148,"column":30}},"47":{"start":{"line":152,"column":36},"end":{"line":152,"column":65}},"48":{"start":{"line":154,"column":12},"end":{"line":156,"column":13}},"49":{"start":{"line":155,"column":16},"end":{"line":155,"column":30}},"50":{"start":{"line":158,"column":12},"end":{"line":162,"column":15}},"51":{"start":{"line":164,"column":12},"end":{"line":164,"column":62}},"52":{"start":{"line":167,"column":12},"end":{"line":167,"column":47}},"53":{"start":{"line":168,"column":12},"end":{"line":168,"column":63}},"54":{"start":{"line":177,"column":23},"end":{"line":177,"column":48}},"55":{"start":{"line":179,"column":4},"end":{"line":181,"column":5}},"56":{"start":{"line":180,"column":8},"end":{"line":180,"column":22}},"57":{"start":{"line":184,"column":4},"end":{"line":184,"column":42}},"58":{"start":{"line":191,"column":19},"end":{"line":191,"column":43}},"59":{"start":{"line":193,"column":4},"end":{"line":195,"column":5}},"60":{"start":{"line":194,"column":8},"end":{"line":194,"column":62}},"61":{"start":{"line":197,"column":4},"end":{"line":203,"column":5}},"62":{"start":{"line":198,"column":8},"end":{"line":201,"column":11}},"63":{"start":{"line":202,"column":8},"end":{"line":202,"column":62}},"64":{"start":{"line":205,"column":4},"end":{"line":205,"column":11}},"65":{"start":{"line":208,"column":0},"end":{"line":217,"column":2}}},"fnMap":{"0":{"name":"authMiddleware","decl":{"start":{"line":12,"column":9},"end":{"line":12,"column":23}},"loc":{"start":{"line":12,"column":40},"end":{"line":90,"column":1}},"line":12},"1":{"name":"requireRoles","decl":{"start":{"line":96,"column":9},"end":{"line":96,"column":21}},"loc":{"start":{"line":96,"column":41},"end":{"line":119,"column":1}},"line":96},"2":{"name":"(anonymous_2)","decl":{"start":{"line":97,"column":11},"end":{"line":97,"column":12}},"loc":{"start":{"line":97,"column":31},"end":{"line":118,"column":5}},"line":97},"3":{"name":"requireAdmin","decl":{"start":{"line":124,"column":9},"end":{"line":124,"column":21}},"loc":{"start":{"line":124,"column":38},"end":{"line":126,"column":1}},"line":124},"4":{"name":"requireManager","decl":{"start":{"line":131,"column":9},"end":{"line":131,"column":23}},"loc":{"start":{"line":131,"column":40},"end":{"line":133,"column":1}},"line":131},"5":{"name":"requireOwnerOrAdmin","decl":{"start":{"line":139,"column":9},"end":{"line":139,"column":28}},"loc":{"start":{"line":139,"column":49},"end":{"line":171,"column":1}},"line":139},"6":{"name":"(anonymous_6)","decl":{"start":{"line":140,"column":11},"end":{"line":140,"column":12}},"loc":{"start":{"line":140,"column":37},"end":{"line":170,"column":5}},"line":140},"7":{"name":"optionalAuth","decl":{"start":{"line":176,"column":9},"end":{"line":176,"column":21}},"loc":{"start":{"line":176,"column":38},"end":{"line":185,"column":1}},"line":176},"8":{"name":"requireApiKey","decl":{"start":{"line":190,"column":9},"end":{"line":190,"column":22}},"loc":{"start":{"line":190,"column":39},"end":{"line":206,"column":1}},"line":190}},"branchMap":{"0":{"loc":{"start":{"line":17,"column":8},"end":{"line":19,"column":9}},"type":"if","locations":[{"start":{"line":17,"column":8},"end":{"line":19,"column":9}},{"start":{},"end":{}}],"line":17},"1":{"loc":{"start":{"line":21,"column":8},"end":{"line":23,"column":9}},"type":"if","locations":[{"start":{"line":21,"column":8},"end":{"line":23,"column":9}},{"start":{},"end":{}}],"line":21},"2":{"loc":{"start":{"line":27,"column":8},"end":{"line":29,"column":9}},"type":"if","locations":[{"start":{"line":27,"column":8},"end":{"line":29,"column":9}},{"start":{},"end":{}}],"line":27},"3":{"loc":{"start":{"line":36,"column":8},"end":{"line":41,"column":9}},"type":"if","locations":[{"start":{"line":36,"column":8},"end":{"line":41,"column":9}},{"start":{},"end":{}}],"line":36},"4":{"loc":{"start":{"line":63,"column":8},"end":{"line":69,"column":9}},"type":"if","locations":[{"start":{"line":63,"column":8},"end":{"line":69,"column":9}},{"start":{},"end":{}}],"line":63},"5":{"loc":{"start":{"line":71,"column":8},"end":{"line":77,"column":9}},"type":"if","locations":[{"start":{"line":71,"column":8},"end":{"line":77,"column":9}},{"start":{},"end":{}}],"line":71},"6":{"loc":{"start":{"line":79,"column":8},"end":{"line":85,"column":9}},"type":"if","locations":[{"start":{"line":79,"column":8},"end":{"line":85,"column":9}},{"start":{},"end":{}}],"line":79},"7":{"loc":{"start":{"line":96,"column":22},"end":{"line":96,"column":39}},"type":"default-arg","locations":[{"start":{"line":96,"column":37},"end":{"line":96,"column":39}}],"line":96},"8":{"loc":{"start":{"line":98,"column":8},"end":{"line":100,"column":9}},"type":"if","locations":[{"start":{"line":98,"column":8},"end":{"line":100,"column":9}},{"start":{},"end":{}}],"line":98},"9":{"loc":{"start":{"line":102,"column":8},"end":{"line":104,"column":9}},"type":"if","locations":[{"start":{"line":102,"column":8},"end":{"line":104,"column":9}},{"start":{},"end":{}}],"line":102},"10":{"loc":{"start":{"line":106,"column":8},"end":{"line":115,"column":9}},"type":"if","locations":[{"start":{"line":106,"column":8},"end":{"line":115,"column":9}},{"start":{},"end":{}}],"line":106},"11":{"loc":{"start":{"line":142,"column":12},"end":{"line":144,"column":13}},"type":"if","locations":[{"start":{"line":142,"column":12},"end":{"line":144,"column":13}},{"start":{},"end":{}}],"line":142},"12":{"loc":{"start":{"line":147,"column":12},"end":{"line":149,"column":13}},"type":"if","locations":[{"start":{"line":147,"column":12},"end":{"line":149,"column":13}},{"start":{},"end":{}}],"line":147},"13":{"loc":{"start":{"line":154,"column":12},"end":{"line":156,"column":13}},"type":"if","locations":[{"start":{"line":154,"column":12},"end":{"line":156,"column":13}},{"start":{},"end":{}}],"line":154},"14":{"loc":{"start":{"line":179,"column":4},"end":{"line":181,"column":5}},"type":"if","locations":[{"start":{"line":179,"column":4},"end":{"line":181,"column":5}},{"start":{},"end":{}}],"line":179},"15":{"loc":{"start":{"line":179,"column":8},"end":{"line":179,"column":56}},"type":"binary-expr","locations":[{"start":{"line":179,"column":8},"end":{"line":179,"column":19}},{"start":{"line":179,"column":23},"end":{"line":179,"column":56}}],"line":179},"16":{"loc":{"start":{"line":193,"column":4},"end":{"line":195,"column":5}},"type":"if","locations":[{"start":{"line":193,"column":4},"end":{"line":195,"column":5}},{"start":{},"end":{}}],"line":193},"17":{"loc":{"start":{"line":197,"column":4},"end":{"line":203,"column":5}},"type":"if","locations":[{"start":{"line":197,"column":4},"end":{"line":203,"column":5}},{"start":{},"end":{}}],"line":197}},"s":{"0":3,"1":3,"2":3,"3":0,"4":0,"5":0,"6":0,"7":0,"8":0,"9":0,"10":0,"11":0,"12":0,"13":0,"14":0,"15":0,"16":0,"17":0,"18":0,"19":0,"20":0,"21":0,"22":0,"23":0,"24":0,"25":0,"26":0,"27":0,"28":0,"29":0,"30":0,"31":0,"32":0,"33":0,"34":0,"35":0,"36":0,"37":0,"38":0,"39":0,"40":0,"41":0,"42":0,"43":0,"44":0,"45":0,"46":0,"47":0,"48":0,"49":0,"50":0,"51":0,"52":0,"53":0,"54":0,"55":0,"56":0,"57":0,"58":0,"59":0,"60":0,"61":0,"62":0,"63":0,"64":0,"65":3},"f":{"0":0,"1":0,"2":0,"3":0,"4":0,"5":0,"6":0,"7":0,"8":0},"b":{"0":[0,0],"1":[0,0],"2":[0,0],"3":[0,0],"4":[0,0],"5":[0,0],"6":[0,0],"7":[0],"8":[0,0],"9":[0,0],"10":[0,0],"11":[0,0],"12":[0,0],"13":[0,0],"14":[0,0],"15":[0,0],"16":[0,0],"17":[0,0]},"_coverageSchema":"1a1c01bbd47fc00a2c39e90264f33305004495a9","hash":"614bc9ad90ad3ad22ef4a4e5ee118399ec2b25b6"}
,"D:\\0809\\server\\middleware\\errorHandler.js": {"path":"D:\\0809\\server\\middleware\\errorHandler.js","statementMap":{"0":{"start":{"line":6,"column":15},"end":{"line":6,"column":41}},"1":{"start":{"line":9,"column":19},"end":{"line":20,"column":1}},"2":{"start":{"line":24,"column":4},"end":{"line":26,"column":5}},"3":{"start":{"line":25,"column":8},"end":{"line":25,"column":61}},"4":{"start":{"line":28,"column":4},"end":{"line":30,"column":5}},"5":{"start":{"line":29,"column":8},"end":{"line":29,"column":65}},"6":{"start":{"line":32,"column":4},"end":{"line":34,"column":5}},"7":{"start":{"line":33,"column":8},"end":{"line":33,"column":64}},"8":{"start":{"line":36,"column":4},"end":{"line":38,"column":5}},"9":{"start":{"line":37,"column":8},"end":{"line":37,"column":60}},"10":{"start":{"line":40,"column":4},"end":{"line":42,"column":5}},"11":{"start":{"line":41,"column":8},"end":{"line":41,"column":59}},"12":{"start":{"line":44,"column":4},"end":{"line":46,"column":5}},"13":{"start":{"line":45,"column":8},"end":{"line":45,"column":58}},"14":{"start":{"line":48,"column":4},"end":{"line":50,"column":5}},"15":{"start":{"line":49,"column":8},"end":{"line":49,"column":55}},"16":{"start":{"line":52,"column":4},"end":{"line":54,"column":5}},"17":{"start":{"line":53,"column":8},"end":{"line":53,"column":54}},"18":{"start":{"line":56,"column":4},"end":{"line":56,"column":54}},"19":{"start":{"line":61,"column":21},"end":{"line":72,"column":5}},"20":{"start":{"line":74,"column":4},"end":{"line":74,"column":57}},"21":{"start":{"line":78,"column":21},"end":{"line":124,"column":1}},"22":{"start":{"line":79,"column":33},"end":{"line":79,"column":51}},"23":{"start":{"line":80,"column":22},"end":{"line":80,"column":38}},"24":{"start":{"line":81,"column":24},"end":{"line":81,"column":49}},"25":{"start":{"line":84,"column":4},"end":{"line":94,"column":7}},"26":{"start":{"line":97,"column":26},"end":{"line":97,"column":64}},"27":{"start":{"line":99,"column":26},"end":{"line":108,"column":5}},"28":{"start":{"line":111,"column":4},"end":{"line":116,"column":5}},"29":{"start":{"line":112,"column":8},"end":{"line":115,"column":10}},"30":{"start":{"line":119,"column":4},"end":{"line":121,"column":5}},"31":{"start":{"line":120,"column":8},"end":{"line":120,"column":49}},"32":{"start":{"line":123,"column":4},"end":{"line":123,"column":47}},"33":{"start":{"line":127,"column":24},"end":{"line":140,"column":1}},"34":{"start":{"line":128,"column":26},"end":{"line":137,"column":5}},"35":{"start":{"line":139,"column":4},"end":{"line":139,"column":40}},"36":{"start":{"line":143,"column":0},"end":{"line":146,"column":3}},"37":{"start":{"line":144,"column":4},"end":{"line":144,"column":72}},"38":{"start":{"line":149,"column":0},"end":{"line":157,"column":3}},"39":{"start":{"line":150,"column":4},"end":{"line":150,"column":47}},"40":{"start":{"line":152,"column":4},"end":{"line":156,"column":5}},"41":{"start":{"line":153,"column":8},"end":{"line":155,"column":17}},"42":{"start":{"line":154,"column":12},"end":{"line":154,"column":28}},"43":{"start":{"line":159,"column":0},"end":{"line":165,"column":2}}},"fnMap":{"0":{"name":"classifyError","decl":{"start":{"line":23,"column":9},"end":{"line":23,"column":22}},"loc":{"start":{"line":23,"column":30},"end":{"line":57,"column":1}},"line":23},"1":{"name":"generateUserMessage","decl":{"start":{"line":60,"column":9},"end":{"line":60,"column":28}},"loc":{"start":{"line":60,"column":40},"end":{"line":75,"column":1}},"line":60},"2":{"name":"(anonymous_2)","decl":{"start":{"line":78,"column":21},"end":{"line":78,"column":22}},"loc":{"start":{"line":78,"column":46},"end":{"line":124,"column":1}},"line":78},"3":{"name":"(anonymous_3)","decl":{"start":{"line":127,"column":24},"end":{"line":127,"column":25}},"loc":{"start":{"line":127,"column":38},"end":{"line":140,"column":1}},"line":127},"4":{"name":"(anonymous_4)","decl":{"start":{"line":143,"column":33},"end":{"line":143,"column":34}},"loc":{"start":{"line":143,"column":54},"end":{"line":146,"column":1}},"line":143},"5":{"name":"(anonymous_5)","decl":{"start":{"line":149,"column":32},"end":{"line":149,"column":33}},"loc":{"start":{"line":149,"column":43},"end":{"line":157,"column":1}},"line":149},"6":{"name":"(anonymous_6)","decl":{"start":{"line":153,"column":19},"end":{"line":153,"column":20}},"loc":{"start":{"line":153,"column":25},"end":{"line":155,"column":9}},"line":153}},"branchMap":{"0":{"loc":{"start":{"line":24,"column":4},"end":{"line":26,"column":5}},"type":"if","locations":[{"start":{"line":24,"column":4},"end":{"line":26,"column":5}},{"start":{},"end":{}}],"line":24},"1":{"loc":{"start":{"line":24,"column":8},"end":{"line":24,"column":85}},"type":"binary-expr","locations":[{"start":{"line":24,"column":8},"end":{"line":24,"column":40}},{"start":{"line":24,"column":44},"end":{"line":24,"column":85}}],"line":24},"2":{"loc":{"start":{"line":28,"column":4},"end":{"line":30,"column":5}},"type":"if","locations":[{"start":{"line":28,"column":4},"end":{"line":30,"column":5}},{"start":{},"end":{}}],"line":28},"3":{"loc":{"start":{"line":28,"column":8},"end":{"line":28,"column":77}},"type":"binary-expr","locations":[{"start":{"line":28,"column":8},"end":{"line":28,"column":42}},{"start":{"line":28,"column":46},"end":{"line":28,"column":77}}],"line":28},"4":{"loc":{"start":{"line":32,"column":4},"end":{"line":34,"column":5}},"type":"if","locations":[{"start":{"line":32,"column":4},"end":{"line":34,"column":5}},{"start":{},"end":{}}],"line":32},"5":{"loc":{"start":{"line":32,"column":8},"end":{"line":32,"column":79}},"type":"binary-expr","locations":[{"start":{"line":32,"column":8},"end":{"line":32,"column":39}},{"start":{"line":32,"column":43},"end":{"line":32,"column":79}}],"line":32},"6":{"loc":{"start":{"line":36,"column":4},"end":{"line":38,"column":5}},"type":"if","locations":[{"start":{"line":36,"column":4},"end":{"line":38,"column":5}},{"start":{},"end":{}}],"line":36},"7":{"loc":{"start":{"line":36,"column":8},"end":{"line":36,"column":77}},"type":"binary-expr","locations":[{"start":{"line":36,"column":8},"end":{"line":36,"column":38}},{"start":{"line":36,"column":42},"end":{"line":36,"column":77}}],"line":36},"8":{"loc":{"start":{"line":40,"column":4},"end":{"line":42,"column":5}},"type":"if","locations":[{"start":{"line":40,"column":4},"end":{"line":42,"column":5}},{"start":{},"end":{}}],"line":40},"9":{"loc":{"start":{"line":40,"column":8},"end":{"line":40,"column":77}},"type":"binary-expr","locations":[{"start":{"line":40,"column":8},"end":{"line":40,"column":39}},{"start":{"line":40,"column":43},"end":{"line":40,"column":77}}],"line":40},"10":{"loc":{"start":{"line":44,"column":4},"end":{"line":46,"column":5}},"type":"if","locations":[{"start":{"line":44,"column":4},"end":{"line":46,"column":5}},{"start":{},"end":{}}],"line":44},"11":{"loc":{"start":{"line":44,"column":8},"end":{"line":44,"column":67}},"type":"binary-expr","locations":[{"start":{"line":44,"column":8},"end":{"line":44,"column":37}},{"start":{"line":44,"column":41},"end":{"line":44,"column":67}}],"line":44},"12":{"loc":{"start":{"line":48,"column":4},"end":{"line":50,"column":5}},"type":"if","locations":[{"start":{"line":48,"column":4},"end":{"line":50,"column":5}},{"start":{},"end":{}}],"line":48},"13":{"loc":{"start":{"line":48,"column":8},"end":{"line":48,"column":65}},"type":"binary-expr","locations":[{"start":{"line":48,"column":8},"end":{"line":48,"column":31}},{"start":{"line":48,"column":35},"end":{"line":48,"column":65}}],"line":48},"14":{"loc":{"start":{"line":52,"column":4},"end":{"line":54,"column":5}},"type":"if","locations":[{"start":{"line":52,"column":4},"end":{"line":54,"column":5}},{"start":{},"end":{}}],"line":52},"15":{"loc":{"start":{"line":52,"column":8},"end":{"line":52,"column":75}},"type":"binary-expr","locations":[{"start":{"line":52,"column":8},"end":{"line":52,"column":37}},{"start":{"line":52,"column":41},"end":{"line":52,"column":75}}],"line":52},"16":{"loc":{"start":{"line":74,"column":11},"end":{"line":74,"column":56}},"type":"binary-expr","locations":[{"start":{"line":74,"column":11},"end":{"line":74,"column":30}},{"start":{"line":74,"column":34},"end":{"line":74,"column":56}}],"line":74},"17":{"loc":{"start":{"line":111,"column":4},"end":{"line":116,"column":5}},"type":"if","locations":[{"start":{"line":111,"column":4},"end":{"line":116,"column":5}},{"start":{},"end":{}}],"line":111},"18":{"loc":{"start":{"line":119,"column":4},"end":{"line":121,"column":5}},"type":"if","locations":[{"start":{"line":119,"column":4},"end":{"line":121,"column":5}},{"start":{},"end":{}}],"line":119},"19":{"loc":{"start":{"line":119,"column":8},"end":{"line":119,"column":49}},"type":"binary-expr","locations":[{"start":{"line":119,"column":8},"end":{"line":119,"column":35}},{"start":{"line":119,"column":39},"end":{"line":119,"column":49}}],"line":119},"20":{"loc":{"start":{"line":152,"column":4},"end":{"line":156,"column":5}},"type":"if","locations":[{"start":{"line":152,"column":4},"end":{"line":156,"column":5}},{"start":{},"end":{}}],"line":152}},"s":{"0":3,"1":3,"2":0,"3":0,"4":0,"5":0,"6":0,"7":0,"8":0,"9":0,"10":0,"11":0,"12":0,"13":0,"14":0,"15":0,"16":0,"17":0,"18":0,"19":0,"20":0,"21":3,"22":0,"23":0,"24":0,"25":0,"26":0,"27":0,"28":0,"29":0,"30":0,"31":0,"32":0,"33":3,"34":0,"35":0,"36":3,"37":0,"38":3,"39":0,"40":0,"41":0,"42":0,"43":3},"f":{"0":0,"1":0,"2":0,"3":0,"4":0,"5":0,"6":0},"b":{"0":[0,0],"1":[0,0],"2":[0,0],"3":[0,0],"4":[0,0],"5":[0,0],"6":[0,0],"7":[0,0],"8":[0,0],"9":[0,0],"10":[0,0],"11":[0,0],"12":[0,0],"13":[0,0],"14":[0,0],"15":[0,0],"16":[0,0],"17":[0,0],"18":[0,0],"19":[0,0],"20":[0,0]},"_coverageSchema":"1a1c01bbd47fc00a2c39e90264f33305004495a9","hash":"b81ce2708db197d13f3dc2a7502f193b9d519992"}
,"D:\\0809\\server\\middleware\\monitoring.js": {"path":"D:\\0809\\server\\middleware\\monitoring.js","statementMap":{"0":{"start":{"line":6,"column":26},"end":{"line":6,"column":66}},"1":{"start":{"line":9,"column":26},"end":{"line":9,"column":49}},"2":{"start":{"line":14,"column":26},"end":{"line":34,"column":1}},"3":{"start":{"line":15,"column":22},"end":{"line":15,"column":32}},"4":{"start":{"line":18,"column":4},"end":{"line":18,"column":30}},"5":{"start":{"line":21,"column":25},"end":{"line":21,"column":33}},"6":{"start":{"line":22,"column":4},"end":{"line":31,"column":6}},"7":{"start":{"line":23,"column":29},"end":{"line":23,"column":51}},"8":{"start":{"line":24,"column":25},"end":{"line":24,"column":46}},"9":{"start":{"line":27,"column":8},"end":{"line":27,"column":64}},"10":{"start":{"line":30,"column":8},"end":{"line":30,"column":38}},"11":{"start":{"line":33,"column":4},"end":{"line":33,"column":11}},"12":{"start":{"line":39,"column":20},"end":{"line":67,"column":1}},"13":{"start":{"line":40,"column":4},"end":{"line":66,"column":5}},"14":{"start":{"line":41,"column":29},"end":{"line":41,"column":64}},"15":{"start":{"line":44,"column":25},"end":{"line":44,"column":28}},"16":{"start":{"line":45,"column":8},"end":{"line":49,"column":9}},"17":{"start":{"line":46,"column":12},"end":{"line":46,"column":29}},"18":{"start":{"line":47,"column":15},"end":{"line":49,"column":9}},"19":{"start":{"line":48,"column":12},"end":{"line":48,"column":29}},"20":{"start":{"line":51,"column":8},"end":{"line":58,"column":11}},"21":{"start":{"line":60,"column":8},"end":{"line":65,"column":11}},"22":{"start":{"line":72,"column":22},"end":{"line":88,"column":1}},"23":{"start":{"line":73,"column":4},"end":{"line":87,"column":5}},"24":{"start":{"line":74,"column":26},"end":{"line":74,"column":49}},"25":{"start":{"line":75,"column":22},"end":{"line":75,"column":67}},"26":{"start":{"line":77,"column":8},"end":{"line":80,"column":11}},"27":{"start":{"line":82,"column":8},"end":{"line":86,"column":11}},"28":{"start":{"line":93,"column":22},"end":{"line":139,"column":1}},"29":{"start":{"line":94,"column":4},"end":{"line":138,"column":5}},"30":{"start":{"line":95,"column":23},"end":{"line":95,"column":33}},"31":{"start":{"line":97,"column":8},"end":{"line":131,"column":9}},"32":{"start":{"line":99,"column":33},"end":{"line":99,"column":90}},"33":{"start":{"line":99,"column":74},"end":{"line":99,"column":89}},"34":{"start":{"line":100,"column":35},"end":{"line":100,"column":91}},"35":{"start":{"line":100,"column":76},"end":{"line":100,"column":90}},"36":{"start":{"line":102,"column":12},"end":{"line":109,"column":15}},"37":{"start":{"line":110,"column":15},"end":{"line":131,"column":9}},"38":{"start":{"line":112,"column":32},"end":{"line":112,"column":40}},"39":{"start":{"line":113,"column":29},"end":{"line":113,"column":68}},"40":{"start":{"line":115,"column":12},"end":{"line":125,"column":13}},"41":{"start":{"line":116,"column":16},"end":{"line":119,"column":19}},"42":{"start":{"line":121,"column":16},"end":{"line":124,"column":19}},"43":{"start":{"line":127,"column":12},"end":{"line":130,"column":15}},"44":{"start":{"line":133,"column":8},"end":{"line":137,"column":11}},"45":{"start":{"line":144,"column":20},"end":{"line":169,"column":1}},"46":{"start":{"line":145,"column":4},"end":{"line":168,"column":5}},"47":{"start":{"line":146,"column":55},"end":{"line":146,"column":63}},"48":{"start":{"line":148,"column":8},"end":{"line":153,"column":9}},"49":{"start":{"line":149,"column":12},"end":{"line":152,"column":15}},"50":{"start":{"line":155,"column":22},"end":{"line":155,"column":76}},"51":{"start":{"line":157,"column":8},"end":{"line":161,"column":11}},"52":{"start":{"line":163,"column":8},"end":{"line":167,"column":11}},"53":{"start":{"line":172,"column":0},"end":{"line":175,"column":3}},"54":{"start":{"line":173,"column":4},"end":{"line":173,"column":42}},"55":{"start":{"line":174,"column":4},"end":{"line":174,"column":39}},"56":{"start":{"line":177,"column":0},"end":{"line":180,"column":3}},"57":{"start":{"line":178,"column":4},"end":{"line":178,"column":41}},"58":{"start":{"line":179,"column":4},"end":{"line":179,"column":39}},"59":{"start":{"line":182,"column":0},"end":{"line":189,"column":2}}},"fnMap":{"0":{"name":"(anonymous_0)","decl":{"start":{"line":14,"column":26},"end":{"line":14,"column":27}},"loc":{"start":{"line":14,"column":46},"end":{"line":34,"column":1}},"line":14},"1":{"name":"(anonymous_1)","decl":{"start":{"line":22,"column":15},"end":{"line":22,"column":16}},"loc":{"start":{"line":22,"column":30},"end":{"line":31,"column":5}},"line":22},"2":{"name":"(anonymous_2)","decl":{"start":{"line":39,"column":20},"end":{"line":39,"column":21}},"loc":{"start":{"line":39,"column":34},"end":{"line":67,"column":1}},"line":39},"3":{"name":"(anonymous_3)","decl":{"start":{"line":72,"column":22},"end":{"line":72,"column":23}},"loc":{"start":{"line":72,"column":36},"end":{"line":88,"column":1}},"line":72},"4":{"name":"(anonymous_4)","decl":{"start":{"line":93,"column":22},"end":{"line":93,"column":23}},"loc":{"start":{"line":93,"column":36},"end":{"line":139,"column":1}},"line":93},"5":{"name":"(anonymous_5)","decl":{"start":{"line":99,"column":65},"end":{"line":99,"column":66}},"loc":{"start":{"line":99,"column":74},"end":{"line":99,"column":89}},"line":99},"6":{"name":"(anonymous_6)","decl":{"start":{"line":100,"column":67},"end":{"line":100,"column":68}},"loc":{"start":{"line":100,"column":76},"end":{"line":100,"column":90}},"line":100},"7":{"name":"(anonymous_7)","decl":{"start":{"line":144,"column":20},"end":{"line":144,"column":21}},"loc":{"start":{"line":144,"column":34},"end":{"line":169,"column":1}},"line":144},"8":{"name":"(anonymous_8)","decl":{"start":{"line":172,"column":22},"end":{"line":172,"column":23}},"loc":{"start":{"line":172,"column":28},"end":{"line":175,"column":1}},"line":172},"9":{"name":"(anonymous_9)","decl":{"start":{"line":177,"column":21},"end":{"line":177,"column":22}},"loc":{"start":{"line":177,"column":27},"end":{"line":180,"column":1}},"line":177}},"branchMap":{"0":{"loc":{"start":{"line":45,"column":8},"end":{"line":49,"column":9}},"type":"if","locations":[{"start":{"line":45,"column":8},"end":{"line":49,"column":9}},{"start":{"line":47,"column":15},"end":{"line":49,"column":9}}],"line":45},"1":{"loc":{"start":{"line":47,"column":15},"end":{"line":49,"column":9}},"type":"if","locations":[{"start":{"line":47,"column":15},"end":{"line":49,"column":9}},{"start":{},"end":{}}],"line":47},"2":{"loc":{"start":{"line":74,"column":26},"end":{"line":74,"column":49}},"type":"binary-expr","locations":[{"start":{"line":74,"column":26},"end":{"line":74,"column":41}},{"start":{"line":74,"column":45},"end":{"line":74,"column":49}}],"line":74},"3":{"loc":{"start":{"line":97,"column":8},"end":{"line":131,"column":9}},"type":"if","locations":[{"start":{"line":97,"column":8},"end":{"line":131,"column":9}},{"start":{"line":110,"column":15},"end":{"line":131,"column":9}}],"line":97},"4":{"loc":{"start":{"line":110,"column":15},"end":{"line":131,"column":9}},"type":"if","locations":[{"start":{"line":110,"column":15},"end":{"line":131,"column":9}},{"start":{"line":126,"column":15},"end":{"line":131,"column":9}}],"line":110},"5":{"loc":{"start":{"line":115,"column":12},"end":{"line":125,"column":13}},"type":"if","locations":[{"start":{"line":115,"column":12},"end":{"line":125,"column":13}},{"start":{"line":120,"column":19},"end":{"line":125,"column":13}}],"line":115},"6":{"loc":{"start":{"line":146,"column":31},"end":{"line":146,"column":50}},"type":"default-arg","locations":[{"start":{"line":146,"column":42},"end":{"line":146,"column":50}}],"line":146},"7":{"loc":{"start":{"line":148,"column":8},"end":{"line":153,"column":9}},"type":"if","locations":[{"start":{"line":148,"column":8},"end":{"line":153,"column":9}},{"start":{},"end":{}}],"line":148},"8":{"loc":{"start":{"line":148,"column":12},"end":{"line":148,"column":29}},"type":"binary-expr","locations":[{"start":{"line":148,"column":12},"end":{"line":148,"column":17}},{"start":{"line":148,"column":21},"end":{"line":148,"column":29}}],"line":148}},"s":{"0":0,"1":0,"2":0,"3":0,"4":0,"5":0,"6":0,"7":0,"8":0,"9":0,"10":0,"11":0,"12":0,"13":0,"14":0,"15":0,"16":0,"17":0,"18":0,"19":0,"20":0,"21":0,"22":0,"23":0,"24":0,"25":0,"26":0,"27":0,"28":0,"29":0,"30":0,"31":0,"32":0,"33":0,"34":0,"35":0,"36":0,"37":0,"38":0,"39":0,"40":0,"41":0,"42":0,"43":0,"44":0,"45":0,"46":0,"47":0,"48":0,"49":0,"50":0,"51":0,"52":0,"53":0,"54":0,"55":0,"56":0,"57":0,"58":0,"59":0},"f":{"0":0,"1":0,"2":0,"3":0,"4":0,"5":0,"6":0,"7":0,"8":0,"9":0},"b":{"0":[0,0],"1":[0,0],"2":[0,0],"3":[0,0],"4":[0,0],"5":[0,0],"6":[0],"7":[0,0],"8":[0,0]}}
,"D:\\0809\\server\\middleware\\auth\\production.js": {"path":"D:\\0809\\server\\middleware\\auth\\production.js","statementMap":{"0":{"start":{"line":6,"column":12},"end":{"line":6,"column":35}},"1":{"start":{"line":7,"column":15},"end":{"line":7,"column":34}},"2":{"start":{"line":8,"column":18},"end":{"line":8,"column":47}},"3":{"start":{"line":9,"column":35},"end":{"line":9,"column":63}},"4":{"start":{"line":10,"column":15},"end":{"line":10,"column":44}},"5":{"start":{"line":14,"column":8},"end":{"line":14,"column":40}},"6":{"start":{"line":15,"column":8},"end":{"line":15,"column":36}},"7":{"start":{"line":16,"column":8},"end":{"line":16,"column":40}},"8":{"start":{"line":17,"column":8},"end":{"line":17,"column":39}},"9":{"start":{"line":20,"column":8},"end":{"line":20,"column":33}},"10":{"start":{"line":28,"column":8},"end":{"line":30,"column":20}},"11":{"start":{"line":29,"column":12},"end":{"line":29,"column":41}},"12":{"start":{"line":33,"column":8},"end":{"line":35,"column":21}},"13":{"start":{"line":34,"column":12},"end":{"line":34,"column":42}},"14":{"start":{"line":38,"column":8},"end":{"line":40,"column":21}},"15":{"start":{"line":39,"column":12},"end":{"line":39,"column":35}},"16":{"start":{"line":46,"column":31},"end":{"line":64,"column":5}},"17":{"start":{"line":53,"column":27},"end":{"line":53,"column":48}},"18":{"start":{"line":54,"column":12},"end":{"line":61,"column":13}},"19":{"start":{"line":55,"column":16},"end":{"line":60,"column":19}},"20":{"start":{"line":62,"column":12},"end":{"line":62,"column":19}},"21":{"start":{"line":69,"column":23},"end":{"line":91,"column":5}},"22":{"start":{"line":70,"column":8},"end":{"line":72,"column":9}},"23":{"start":{"line":71,"column":12},"end":{"line":71,"column":26}},"24":{"start":{"line":74,"column":25},"end":{"line":74,"column":63}},"25":{"start":{"line":75,"column":31},"end":{"line":77,"column":14}},"26":{"start":{"line":76,"column":58},"end":{"line":76,"column":67}},"27":{"start":{"line":80,"column":8},"end":{"line":88,"column":9}},"28":{"start":{"line":81,"column":12},"end":{"line":81,"column":53}},"29":{"start":{"line":83,"column":12},"end":{"line":87,"column":15}},"30":{"start":{"line":90,"column":8},"end":{"line":90,"column":15}},"31":{"start":{"line":96,"column":21},"end":{"line":119,"column":6}},"32":{"start":{"line":99,"column":29},"end":{"line":99,"column":35}},"33":{"start":{"line":102,"column":12},"end":{"line":104,"column":13}},"34":{"start":{"line":103,"column":16},"end":{"line":103,"column":25}},"35":{"start":{"line":107,"column":29},"end":{"line":107,"column":67}},"36":{"start":{"line":108,"column":12},"end":{"line":108,"column":41}},"37":{"start":{"line":108,"column":32},"end":{"line":108,"column":41}},"38":{"start":{"line":109,"column":12},"end":{"line":109,"column":40}},"39":{"start":{"line":109,"column":31},"end":{"line":109,"column":40}},"40":{"start":{"line":110,"column":12},"end":{"line":110,"column":21}},"41":{"start":{"line":125,"column":20},"end":{"line":125,"column":47}},"42":{"start":{"line":126,"column":24},"end":{"line":126,"column":57}},"43":{"start":{"line":127,"column":25},"end":{"line":127,"column":36}},"44":{"start":{"line":129,"column":8},"end":{"line":129,"column":47}},"45":{"start":{"line":132,"column":8},"end":{"line":132,"column":84}},"46":{"start":{"line":135,"column":8},"end":{"line":141,"column":9}},"47":{"start":{"line":136,"column":12},"end":{"line":136,"column":42}},"48":{"start":{"line":137,"column":12},"end":{"line":137,"column":70}},"49":{"start":{"line":140,"column":12},"end":{"line":140,"column":78}},"50":{"start":{"line":143,"column":8},"end":{"line":143,"column":24}},"51":{"start":{"line":150,"column":24},"end":{"line":157,"column":9}},"52":{"start":{"line":160,"column":28},"end":{"line":164,"column":10}},"53":{"start":{"line":167,"column":31},"end":{"line":171,"column":9}},"54":{"start":{"line":173,"column":29},"end":{"line":177,"column":10}},"55":{"start":{"line":180,"column":8},"end":{"line":186,"column":11}},"56":{"start":{"line":189,"column":8},"end":{"line":193,"column":11}},"57":{"start":{"line":195,"column":8},"end":{"line":200,"column":10}},"58":{"start":{"line":207,"column":28},"end":{"line":218,"column":9}},"59":{"start":{"line":220,"column":8},"end":{"line":220,"column":57}},"60":{"start":{"line":227,"column":8},"end":{"line":227,"column":65}},"61":{"start":{"line":234,"column":24},"end":{"line":234,"column":58}},"62":{"start":{"line":235,"column":8},"end":{"line":240,"column":9}},"63":{"start":{"line":236,"column":12},"end":{"line":236,"column":46}},"64":{"start":{"line":237,"column":12},"end":{"line":237,"column":39}},"65":{"start":{"line":238,"column":12},"end":{"line":238,"column":54}},"66":{"start":{"line":239,"column":12},"end":{"line":239,"column":56}},"67":{"start":{"line":241,"column":8},"end":{"line":241,"column":23}},"68":{"start":{"line":248,"column":8},"end":{"line":306,"column":9}},"69":{"start":{"line":250,"column":28},"end":{"line":250,"column":84}},"70":{"start":{"line":252,"column":12},"end":{"line":254,"column":13}},"71":{"start":{"line":253,"column":16},"end":{"line":253,"column":54}},"72":{"start":{"line":257,"column":30},"end":{"line":257,"column":66}},"73":{"start":{"line":258,"column":12},"end":{"line":260,"column":13}},"74":{"start":{"line":259,"column":16},"end":{"line":259,"column":59}},"75":{"start":{"line":263,"column":28},"end":{"line":263,"column":70}},"76":{"start":{"line":264,"column":12},"end":{"line":268,"column":13}},"77":{"start":{"line":266,"column":16},"end":{"line":266,"column":56}},"78":{"start":{"line":267,"column":16},"end":{"line":267,"column":51}},"79":{"start":{"line":271,"column":29},"end":{"line":271,"column":75}},"80":{"start":{"line":272,"column":12},"end":{"line":274,"column":13}},"81":{"start":{"line":273,"column":16},"end":{"line":273,"column":54}},"82":{"start":{"line":277,"column":28},"end":{"line":284,"column":13}},"83":{"start":{"line":286,"column":35},"end":{"line":290,"column":14}},"84":{"start":{"line":293,"column":12},"end":{"line":293,"column":46}},"85":{"start":{"line":294,"column":12},"end":{"line":294,"column":64}},"86":{"start":{"line":296,"column":12},"end":{"line":300,"column":14}},"87":{"start":{"line":304,"column":12},"end":{"line":304,"column":52}},"88":{"start":{"line":305,"column":12},"end":{"line":305,"column":24}},"89":{"start":{"line":314,"column":8},"end":{"line":314,"column":46}},"90":{"start":{"line":317,"column":8},"end":{"line":319,"column":9}},"91":{"start":{"line":318,"column":12},"end":{"line":318,"column":52}},"92":{"start":{"line":321,"column":8},"end":{"line":321,"column":52}},"93":{"start":{"line":328,"column":8},"end":{"line":349,"column":10}},"94":{"start":{"line":329,"column":36},"end":{"line":329,"column":63}},"95":{"start":{"line":332,"column":32},"end":{"line":334,"column":13}},"96":{"start":{"line":333,"column":16},"end":{"line":333,"column":79}},"97":{"start":{"line":337,"column":39},"end":{"line":337,"column":75}},"98":{"start":{"line":339,"column":12},"end":{"line":346,"column":13}},"99":{"start":{"line":340,"column":16},"end":{"line":345,"column":19}},"100":{"start":{"line":348,"column":12},"end":{"line":348,"column":19}},"101":{"start":{"line":356,"column":8},"end":{"line":384,"column":9}},"102":{"start":{"line":357,"column":12},"end":{"line":381,"column":13}},"103":{"start":{"line":358,"column":37},"end":{"line":365,"column":13}},"104":{"start":{"line":367,"column":33},"end":{"line":376,"column":18}},"105":{"start":{"line":378,"column":16},"end":{"line":380,"column":17}},"106":{"start":{"line":379,"column":20},"end":{"line":379,"column":53}},"107":{"start":{"line":383,"column":12},"end":{"line":383,"column":45}},"108":{"start":{"line":39
[...]
,"column":120}},"type":"cond-expr","locations":[{"start":{"line":433,"column":49},"end":{"line":433,"column":116}},{"start":{"line":433,"column":119},"end":{"line":433,"column":120}}],"line":433},"33":{"loc":{"start":{"line":434,"column":21},"end":{"line":434,"column":90}},"type":"cond-expr","locations":[{"start":{"line":434,"column":45},"end":{"line":434,"column":86}},{"start":{"line":434,"column":89},"end":{"line":434,"column":90}}],"line":434},"34":{"loc":{"start":{"line":440,"column":37},"end":{"line":440,"column":145}},"type":"cond-expr","locations":[{"start":{"line":440,"column":63},"end":{"line":440,"column":141}},{"start":{"line":440,"column":144},"end":{"line":440,"column":145}}],"line":440},"35":{"loc":{"start":{"line":450,"column":8},"end":{"line":455,"column":9}},"type":"if","locations":[{"start":{"line":450,"column":8},"end":{"line":455,"column":9}},{"start":{},"end":{}}],"line":450}},"s":{"0":0,"1":0,"2":0,"3":0,"4":0,"5":0,"6":0,"7":0,"8":0,"9":0,"10":0,"11":0,"12":0,"13":0,"14":0,"15":0,"16":0,"17":0,"18":0,"19":0,"20":0,"21":0,"22":0,"23":0,"24":0,"25":0,"26":0,"27":0,"28":0,"29":0,"30":0,"31":0,"32":0,"33":0,"34":0,"35":0,"36":0,"37":0,"38":0,"39":0,"40":0,"41":0,"42":0,"43":0,"44":0,"45":0,"46":0,"47":0,"48":0,"49":0,"50":0,"51":0,"52":0,"53":0,"54":0,"55":0,"56":0,"57":0,"58":0,"59":0,"60":0,"61":0,"62":0,"63":0,"64":0,"65":0,"66":0,"67":0,"68":0,"69":0,"70":0,"71":0,"72":0,"73":0,"74":0,"75":0,"76":0,"77":0,"78":0,"79":0,"80":0,"81":0,"82":0,"83":0,"84":0,"85":0,"86":0,"87":0,"88":0,"89":0,"90":0,"91":0,"92":0,"93":0,"94":0,"95":0,"96":0,"97":0,"98":0,"99":0,"100":0,"101":0,"102":0,"103":0,"104":0,"105":0,"106":0,"107":0,"108":0,"109":0,"110":0,"111":0,"112":0,"113":0,"114":0,"115":0,"116":0,"117":0,"118":0,"119":0,"120":0,"121":0,"122":0,"123":0,"124":0,"125":0,"126":0,"127":0,"128":0,"129":0,"130":0,"131":0,"132":0,"133":0,"134":0,"135":0,"136":0,"137":0,"138":0,"139":0,"140":0,"141":0,"142":0,"143":0,"144":0,"145":0,"146":0,"147":0,"148":0,"149":0,"150":0,"151":0,"152":0,"153":0,"154":0,"155":0,"156":0,"157":0,"158":0,"159":0,"160":0,"161":0,"162":0,"163":0,"164":0,"165":0,"166":0,"167":0},"f":{"0":0,"1":0,"2":0,"3":0,"4":0,"5":0,"6":0,"7":0,"8":0,"9":0,"10":0,"11":0,"12":0,"13":0,"14":0,"15":0,"16":0,"17":0,"18":0,"19":0,"20":0,"21":0,"22":0,"23":0,"24":0,"25":0,"26":0,"27":0,"28":0,"29":0,"30":0,"31":0,"32":0,"33":0,"34":0,"35":0,"36":0,"37":0,"38":0,"39":0,"40":0,"41":0,"42":0,"43":0,"44":0,"45":0,"46":0,"47":0,"48":0},"b":{"0":[0,0],"1":[0,0],"2":[0,0],"3":[0,0],"4":[0],"5":[0,0],"6":[0,0],"7":[0,0],"8":[0,0],"9":[0,0],"10":[0,0],"11":[0,0],"12":[0,0],"13":[0,0],"14":[0,0],"15":[0],"16":[0,0],"17":[0,0],"18":[0,0],"19":[0,0],"20":[0,0],"21":[0,0],"22":[0,0],"23":[0,0],"24":[0,0],"25":[0,0],"26":[0,0],"27":[0,0],"28":[0],"29":[0,0,0,0],"30":[0,0],"31":[0,0],"32":[0,0],"33":[0,0],"34":[0,0],"35":[0,0]}}
,"D:\\0809\\server\\services\\notificationService.js": {"path":"D:\\0809\\server\\services\\notificationService.js","statementMap":{"0":{"start":{"line":5,"column":15},"end":{"line":5,"column":41}},"1":{"start":{"line":9,"column":8},"end":{"line":9,"column":23}},"2":{"start":{"line":13,"column":8},"end":{"line":13,"column":21}},"3":{"start":{"line":14,"column":8},"end":{"line":14,"column":44}},"4":{"start":{"line":18,"column":8},"end":{"line":24,"column":9}},"5":{"start":{"line":19,"column":12},"end":{"line":19,"column":58}},"6":{"start":{"line":20,"column":12},"end":{"line":20,"column":56}},"7":{"start":{"line":22,"column":12},"end":{"line":22,"column":47}},"8":{"start":{"line":23,"column":12},"end":{"line":23,"column":60}},"9":{"start":{"line":28,"column":8},"end":{"line":35,"column":9}},"10":{"start":{"line":29,"column":28},"end":{"line":29,"column":150}},"11":{"start":{"line":30,"column":12},"end":{"line":30,"column":54}},"12":{"start":{"line":31,"column":12},"end":{"line":31,"column":61}},"13":{"start":{"line":33,"column":12},"end":{"line":33,"column":48}},"14":{"start":{"line":34,"column":12},"end":{"line":34,"column":60}},"15":{"start":{"line":39,"column":0},"end":{"line":39,"column":43}}},"fnMap":{"0":{"name":"(anonymous_0)","decl":{"start":{"line":8,"column":4},"end":{"line":8,"column":5}},"loc":{"start":{"line":8,"column":18},"end":{"line":10,"column":5}},"line":8},"1":{"name":"(anonymous_1)","decl":{"start":{"line":12,"column":4},"end":{"line":12,"column":5}},"loc":{"start":{"line":12,"column":20},"end":{"line":15,"column":5}},"line":12},"2":{"name":"(anonymous_2)","decl":{"start":{"line":17,"column":4},"end":{"line":17,"column":5}},"loc":{"start":{"line":17,"column":49},"end":{"line":25,"column":5}},"line":17},"3":{"name":"(anonymous_3)","decl":{"start":{"line":27,"column":4},"end":{"line":27,"column":5}},"loc":{"start":{"line":27,"column":48},"end":{"line":36,"column":5}},"line":27}},"branchMap":{},"s":{"0":3,"1":3,"2":3,"3":3,"4":0,"5":0,"6":0,"7":0,"8":0,"9":0,"10":0,"11":0,"12":0,"13":0,"14":0,"15":3},"f":{"0":3,"1":3,"2":0,"3":0},"b":{},"_coverageSchema":"1a1c01bbd47fc00a2c39e90264f33305004495a9","hash":"b582902555ff0dd7e299267a5095741debc55d43"}
,"D:\\0809\\server\\services\\websocketHandler.js": {"path":"D:\\0809\\server\\services\\websocketHandler.js","statementMap":{"0":{"start":{"line":5,"column":15},"end":{"line":5,"column":41}},"1":{"start":{"line":9,"column":8},"end":{"line":9,"column":21}},"2":{"start":{"line":10,"column":8},"end":{"line":10,"column":44}},"3":{"start":{"line":14,"column":0},"end":{"line":14,"column":40}}},"fnMap":{"0":{"name":"(anonymous_0)","decl":{"start":{"line":8,"column":4},"end":{"line":8,"column":5}},"loc":{"start":{"line":8,"column":19},"end":{"line":11,"column":5}},"line":8}},"branchMap":{},"s":{"0":3,"1":3,"2":3,"3":3},"f":{"0":3},"b":{},"_coverageSchema":"1a1c01bbd47fc00a2c39e90264f33305004495a9","hash":"f9d078df7f9e0d62508d362312c6ad7ccdc13e17"}
,"D:\\0809\\server\\utils\\logger.js": {"path":"D:\\0809\\server\\utils\\logger.js","statementMap":{"0":{"start":{"line":5,"column":16},"end":{"line":5,"column":34}},"1":{"start":{"line":6,"column":13},"end":{"line":6,"column":28}},"2":{"start":{"line":10,"column":8},"end":{"line":47,"column":11}},"3":{"start":{"line":50,"column":8},"end":{"line":68,"column":9}},"4":{"start":{"line":51,"column":12},"end":{"line":67,"column":16}},"5":{"start":{"line":58,"column":34},"end":{"line":58,"column":69}},"6":{"start":{"line":60,"column":24},"end":{"line":62,"column":25}},"7":{"start":{"line":61,"column":28},"end":{"line":61,"column":72}},"8":{"start":{"line":64,"column":24},"end":{"line":64,"column":35}},"9":{"start":{"line":72,"column":8},"end":{"line":72,"column":40}},"10":{"start":{"line":76,"column":8},"end":{"line":76,"column":40}},"11":{"start":{"line":80,"column":8},"end":{"line":80,"column":41}},"12":{"start":{"line":84,"column":8},"end":{"line":84,"column":41}},"13":{"start":{"line":88,"column":0},"end":{"line":88,"column":30}}},"fnMap":{"0":{"name":"(anonymous_0)","decl":{"start":{"line":9,"column":4},"end":{"line":9,"column":5}},"loc":{"start":{"line":9,"column":18},"end":{"line":69,"column":5}},"line":9},"1":{"name":"(anonymous_1)","decl":{"start":{"line":57,"column":42},"end":{"line":57,"column":43}},"loc":{"start":{"line":57,"column":86},"end":{"line":65,"column":21}},"line":57},"2":{"name":"(anonymous_2)","decl":{"start":{"line":71,"column":4},"end":{"line":71,"column":5}},"loc":{"start":{"line":71,"column":29},"end":{"line":73,"column":5}},"line":71},"3":{"name":"(anonymous_3)","decl":{"start":{"line":75,"column":4},"end":{"line":75,"column":5}},"loc":{"start":{"line":75,"column":29},"end":{"line":77,"column":5}},"line":75},"4":{"name":"(anonymous_4)","decl":{"start":{"line":79,"column":4},"end":{"line":79,"column":5}},"loc":{"start":{"line":79,"column":30},"end":{"line":81,"column":5}},"line":79},"5":{"name":"(anonymous_5)","decl":{"start":{"line":83,"column":4},"end":{"line":83,"column":5}},"loc":{"start":{"line":83,"column":30},"end":{"line":85,"column":5}},"line":83}},"branchMap":{"0":{"loc":{"start":{"line":11,"column":19},"end":{"line":11,"column":50}},"type":"binary-expr","locations":[{"start":{"line":11,"column":19},"end":{"line":11,"column":40}},{"start":{"line":11,"column":44},"end":{"line":11,"column":50}}],"line":11},"1":{"loc":{"start":{"line":21,"column":25},"end":{"line":21,"column":67}},"type":"binary-expr","locations":[{"start":{"line":21,"column":25},"end":{"line":21,"column":56}},{"start":{"line":21,"column":60},"end":{"line":21,"column":67}}],"line":21},"2":{"loc":{"start":{"line":50,"column":8},"end":{"line":68,"column":9}},"type":"if","locations":[{"start":{"line":50,"column":8},"end":{"line":68,"column":9}},{"start":{},"end":{}}],"line":50},"3":{"loc":{"start":{"line":60,"column":24},"end":{"line":62,"column":25}},"type":"if","locations":[{"start":{"line":60,"column":24},"end":{"line":62,"column":25}},{"start":{},"end":{}}],"line":60},"4":{"loc":{"start":{"line":71,"column":18},"end":{"line":71,"column":27}},"type":"default-arg","locations":[{"start":{"line":71,"column":25},"end":{"line":71,"column":27}}],"line":71},"5":{"loc":{"start":{"line":75,"column":18},"end":{"line":75,"column":27}},"type":"default-arg","locations":[{"start":{"line":75,"column":25},"end":{"line":75,"column":27}}],"line":75},"6":{"loc":{"start":{"line":79,"column":19},"end":{"line":79,"column":28}},"type":"default-arg","locations":[{"start":{"line":79,"column":26},"end":{"line":79,"column":28}}],"line":79},"7":{"loc":{"start":{"line":83,"column":19},"end":{"line":83,"column":28}},"type":"default-arg","locations":[{"start":{"line":83,"column":26},"end":{"line":83,"column":28}}],"line":83}},"s":{"0":3,"1":3,"2":3,"3":3,"4":3,"5":0,"6":0,"7":0,"8":0,"9":33,"10":0,"11":0,"12":0,"13":3},"f":{"0":3,"1":0,"2":33,"3":0,"4":0,"5":0},"b":{"0":[3,0],"1":[3,0],"2":[3,0],"3":[0,0],"4":[33],"5":[0],"6":[0],"7":[0]},"_coverageSchema":"1a1c01bbd47fc00a2c39e90264f33305004495a9","hash":"57002e4a6697278d6acfcb180821c4a305951aed"}
,"D:\\0809\\server\\utils\\responseHelper.js": {"path":"D:\\0809\\server\\utils\\responseHelper.js","statementMap":{"0":{"start":{"line":14,"column":25},"end":{"line":18,"column":9}},"1":{"start":{"line":20,"column":8},"end":{"line":22,"column":9}},"2":{"start":{"line":21,"column":12},"end":{"line":21,"column":33}},"3":{"start":{"line":24,"column":8},"end":{"line":24,"column":53}},"4":{"start":{"line":36,"column":25},"end":{"line":41,"column":9}},"5":{"start":{"line":43,"column":8},"end":{"line":45,"column":9}},"6":{"start":{"line":44,"column":12},"end":{"line":44,"column":39}},"7":{"start":{"line":47,"column":8},"end":{"line":47,"column":53}},"8":{"start":{"line":56,"column":8},"end":{"line":62,"column":10}},"9":{"start":{"line":71,"column":8},"end":{"line":76,"column":10}},"10":{"start":{"line":85,"column":8},"end":{"line":90,"column":10}},"11":{"start":{"line":99,"column":8},"end":{"line":104,"column":10}},"12":{"start":{"line":113,"column":8},"end":{"line":118,"column":10}},"13":{"start":{"line":126,"column":8},"end":{"line":131,"column":10}},"14":{"start":{"line":140,"column":8},"end":{"line":145,"column":10}},"15":{"start":{"line":156,"column":8},"end":{"line":166,"column":20}},"16":{"start":{"line":175,"column":8},"end":{"line":182,"column":21}},"17":{"start":{"line":191,"column":8},"end":{"line":197,"column":21}},"18":{"start":{"line":201,"column":0},"end":{"line":201,"column":38}}},"fnMap":{"0":{"name":"(anonymous_0)","decl":{"start":{"line":13,"column":4},"end":{"line":13,"column":5}},"loc":{"start":{"line":13,"column":66},"end":{"line":25,"column":5}},"line":13},"1":{"name":"(anonymous_1)","decl":{"start":{"line":35,"column":4},"end":{"line":35,"column":5}},"loc":{"start":{"line":35,"column":94},"end":{"line":48,"column":5}},"line":35},"2":{"name":"(anonymous_2)","decl":{"start":{"line":55,"column":4},"end":{"line":55,"column":5}},"loc":{"start":{"line":55,"column":33},"end":{"line":63,"column":5}},"line":55},"3":{"name":"(anonymous_3)","decl":{"start":{"line":70,"column":4},"end":{"line":70,"column":5}},"loc":{"start":{"line":70,"column":47},"end":{"line":77,"column":5}},"line":70},"4":{"name":"(anonymous_4)","decl":{"start":{"line":84,"column":4},"end":{"line":84,"column":5}},"loc":{"start":{"line":84,"column":37},"end":{"line":91,"column":5}},"line":84},"5":{"name":"(anonymous_5)","decl":{"start":{"line":98,"column":4},"end":{"line":98,"column":5}},"loc":{"start":{"line":98,"column":35},"end":{"line":105,"column":5}},"line":98},"6":{"name":"(anonymous_6)","decl":{"start":{"line":112,"column":4},"end":{"line":112,"column":5}},"loc":{"start":{"line":112,"column":42},"end":{"line":119,"column":5}},"line":112},"7":{"name":"(anonymous_7)","decl":{"start":{"line":125,"column":4},"end":{"line":125,"column":5}},"loc":{"start":{"line":125,"column":21},"end":{"line":132,"column":5}},"line":125},"8":{"name":"(anonymous_8)","decl":{"start":{"line":139,"column":4},"end":{"line":139,"column":5}},"loc":{"start":{"line":139,"column":43},"end":{"line":146,"column":5}},"line":139},"9":{"name":"(anonymous_9)","decl":{"start":{"line":155,"column":4},"end":{"line":155,"column":5}},"loc":{"start":{"line":155,"column":55},"end":{"line":167,"column":5}},"line":155},"10":{"name":"(anonymous_10)","decl":{"start":{"line":174,"column":4},"end":{"line":174,"column":5}},"loc":{"start":{"line":174,"column":32},"end":{"line":183,"column":5}},"line":174},"11":{"name":"(anonymous_11)","decl":{"start":{"line":190,"column":4},"end":{"line":190,"column":5}},"loc":{"start":{"line":190,"column":30},"end":{"line":198,"column":5}},"line":190}},"branchMap":{"0":{"loc":{"start":{"line":13,"column":17},"end":{"line":13,"column":28}},"type":"default-arg","locations":[{"start":{"line":13,"column":24},"end":{"line":13,"column":28}}],"line":13},"1":{"loc":{"start":{"line":13,"column":30},"end":{"line":13,"column":46}},"type":"default-arg","locations":[{"start":{"line":13,"column":40},"end":{"line":13,"column":46}}],"line":13},"2":{"loc":{"start":{"line":13,"column":48},"end":{"line":13,"column":64}},"type":"default-arg","locations":[{"start":{"line":13,"column":61},"end":{"line":13,"column":64}}],"line":13},"3":{"loc":{"start":{"line":20,"column":8},"end":{"line":22,"column":9}},"type":"if","locations":[{"start":{"line":20,"column":8},"end":{"line":22,"column":9}},{"start":{},"end":{}}],"line":20},"4":{"loc":{"start":{"line":35,"column":15},"end":{"line":35,"column":31}},"type":"default-arg","locations":[{"start":{"line":35,"column":25},"end":{"line":35,"column":31}}],"line":35},"5":{"loc":{"start":{"line":35,"column":33},"end":{"line":35,"column":58}},"type":"default-arg","locations":[{"start":{"line":35,"column":40},"end":{"line":35,"column":58}}],"line":35},"6":{"loc":{"start":{"line":35,"column":60},"end":{"line":35,"column":76}},"type":"default-arg","locations":[{"start":{"line":35,"column":73},"end":{"line":35,"column":76}}],"line":35},"7":{"loc":{"start":{"line":35,"column":78},"end":{"line":35,"column":92}},"type":"default-arg","locations":[{"start":{"line":35,"column":88},"end":{"line":35,"column":92}}],"line":35},"8":{"loc":{"start":{"line":43,"column":8},"end":{"line":45,"column":9}},"type":"if","locations":[{"start":{"line":43,"column":8},"end":{"line":45,"column":9}},{"start":{},"end":{}}],"line":43},"9":{"loc":{"start":{"line":43,"column":12},"end":{"line":43,"column":41}},"type":"binary-expr","locations":[{"start":{"line":43,"column":12},"end":{"line":43,"column":19}},{"start":{"line":43,"column":23},"end":{"line":43,"column":41}}],"line":43},"10":{"loc":{"start":{"line":70,"column":22},"end":{"line":70,"column":45}},"type":"default-arg","locations":[{"start":{"line":70,"column":32},"end":{"line":70,"column":45}}],"line":70},"11":{"loc":{"start":{"line":84,"column":19},"end":{"line":84,"column":35}},"type":"default-arg","locations":[{"start":{"line":84,"column":29},"end":{"line":84,"column":35}}],"line":84},"12":{"loc":{"start":{"line":98,"column":18},"end":{"line":98,"column":33}},"type":"default-arg","locations":[{"start":{"line":98,"column":29},"end":{"line":98,"column":33}}],"line":98},"13":{"loc":{"start":{"line":112,"column":18},"end":{"line":112,"column":40}},"type":"default-arg","locations":[{"start":{"line":112,"column":28},"end":{"line":112,"column":40}}],"line":112},"14":{"loc":{"start":{"line":139,"column":23},"end":{"line":139,"column":41}},"type":"default-arg","locations":[{"start":{"line":139,"column":33},"end":{"line":139,"column":41}}],"line":139},"15":{"loc":{"start":{"line":155,"column":37},"end":{"line":155,"column":53}},"type":"default-arg","locations":[{"start":{"line":155,"column":47},"end":{"line":155,"column":53}}],"line":155},"16":{"loc":{"start":{"line":159,"column":29},"end":{"line":159,"column":49}},"type":"binary-expr","locations":[{"start":{"line":159,"column":29},"end":{"line":159,"column":44}},{"start":{"line":159,"column":48},"end":{"line":159,"column":49}}],"line":159},"17":{"loc":{"start":{"line":160,"column":28},"end":{"line":160,"column":54}},"type":"binary-expr","locations":[{"start":{"line":160,"column":28},"end":{"line":160,"column":49}},{"start":{"line":160,"column":53},"end":{"line":160,"column":54}}],"line":160},"18":{"loc":{"start":{"line":161,"column":28},"end":{"line":161,"column":64}},"type":"binary-expr","locations":[{"start":{"line":161,"column":28},"end":{"line":161,"column":49}},{"start":{"line":161,"column":53},"end":{"line":161,"column":64}}],"line":161},"19":{"loc":{"start":{"line":162,"column":30},"end":{"line":162,"column":52}},"type":"binary-expr","locations":[{"start":{"line":162,"column":30},"end":{"line":162,"column":46}},{"start":{"line":162,"column":50},"end":{"line":162,"column":52}}],"line":162},"20":{"loc":{"start":{"line":163,"column":25},"end":{"line":163,"column":52}},"type":"binary-expr","locations":[{"start":{"line":163,"column":25},"end":{"line":163,"column":43}},{"start":{"line":163,"column":47},"end":{"line":163,"column":52}}],"line":163},"21":{"loc":{"start":{"line":164,"column":29},"end":{"line":164,"column":60}},"type":"binary-expr","locations":[{"start":{"line":164,"column":29},"end":{"line":164,"column":51}},{"start":{"line":164,"column":55},"end":{"line":164,"column":60}}],"line":164},"22":{"loc":{"start":{"line":192,"column":19},"end":{"line":192,"column":37}},"type":"binary-expr","locations":[{"start":{"line":192,"column":19},"end":{"line":192,"column":32}},{"start":{"line":192,"column":36},"end":{"line":192,"column":37}}],"line":192},"23":{"loc":{"start":{"line":193,"column":24},"end":{"line":193,"column":47}},"type":"binary-expr","locations":[{"start":{"line":193,"column":24},"end":{"line":193,"column":42}},{"start":{"line":193,"column":46},"end":{"line":193,"column":47}}],"line":193},"24":{"loc":{"start":{"line":194,"column":20},"end":{"line":194,"column":39}},"type":"binary-expr","locations":[{"start":{"line":194,"column":20},"end":{"line":194,"column":34}},{"start":{"line":194,"column":38},"end":{"line":194,"column":39}}],"line":194},"25":{"loc":{"start":{"line":195,"column":20},"end":{"line":195,"column":40}},"type":"binary-expr","locations":[{"start":{"line":195,"column":20},"end":{"line":195,"column":34}},{"start":{"line":195,"column":38},"end":{"line":195,"column":40}}],"line":195},"26":{"loc":{"start":{"line":196,"column":21},"end":{"line":196,"column":42}},"type":"binary-expr","locations":[{"start":{"line":196,"column":21},"end":{"line":196,"column":36}},{"start":{"line":196,"column":40},"end":{"line":196,"column":42}}],"line":196}},"s":{"0":0,"1":0,"2":0,"3":0,"4":0,"5":0,"6":0,"7":0,"8":0,"9":0,"10":0,"11":0,"12":0,"13":0,"14":0,"15":0,"16":0,"17":0,"18":3},"f":{"0":0,"1":0,"2":0,"3":0,"4":0,"5":0,"6":0,"7":0,"8":0,"9":0,"10":0,"11":0},"b":{"0":[0],"1":[0],"2":[0],"3":[0,0],"4":[0],"5":[0],"6":[0],"7":[0],"8":[0,0],"9":[0,0],"10":[0],"11":[0],"12":[0],"13":[0],"14":[0],"15":[0],"16":[0,0],"17":[0,0],"18":[0,0],"19":[0,0],"20":[0,0],"21":[0,0],"22":[0,0],"23":[0,0],"24":[0,0],"25":[0,0],"26":[0,0]},"_coverageSchema":"1a1c01bbd47fc00a2c39e90264f33305004495a9","hash":"4ff88ea38127aaece0c75c256e4dfdadbb3b655a"}
}
