TN:
SF:server\server.js
FN:44,(anonymous_0)
FN:66,(anonymous_1)
FN:98,(anonymous_2)
FN:149,(anonymous_3)
FN:160,(anonymous_4)
FN:178,(anonymous_5)
FN:182,(anonymous_6)
FN:203,(anonymous_7)
FN:208,(anonymous_8)
FN:213,(anonymous_9)
FN:218,(anonymous_10)
FN:223,(anonymous_11)
FN:228,(anonymous_12)
FN:238,(anonymous_13)
FN:260,(anonymous_14)
FN:275,(anonymous_15)
FN:279,(anonymous_16)
FN:283,(anonymous_17)
FN:299,(anonymous_18)
FN:305,(anonymous_19)
FN:311,(anonymous_20)
FN:316,(anonymous_21)
FN:331,(anonymous_22)
FN:338,(anonymous_23)
FN:344,(anonymous_24)
FN:350,(anonymous_25)
FN:355,(anonymous_26)
FN:366,(anonymous_27)
FN:372,(anonymous_28)
FN:403,(anonymous_29)
FN:424,(anonymous_30)
FN:431,(anonymous_31)
FN:444,(anonymous_32)
FN:454,(anonymous_33)
FN:469,(anonymous_34)
FN:474,(anonymous_35)
FN:478,(anonymous_36)
FN:500,(anonymous_37)
FN:516,(anonymous_38)
FNF:39
FNH:7
FNDA:3,(anonymous_0)
FNDA:3,(anonymous_1)
FNDA:0,(anonymous_2)
FNDA:0,(anonymous_3)
FNDA:0,(anonymous_4)
FNDA:3,(anonymous_5)
FNDA:0,(anonymous_6)
FNDA:0,(anonymous_7)
FNDA:0,(anonymous_8)
FNDA:0,(anonymous_9)
FNDA:0,(anonymous_10)
FNDA:0,(anonymous_11)
FNDA:0,(anonymous_12)
FNDA:0,(anonymous_13)
FNDA:0,(anonymous_14)
FNDA:3,(anonymous_15)
FNDA:0,(anonymous_16)
FNDA:0,(anonymous_17)
FNDA:0,(anonymous_18)
FNDA:0,(anonymous_19)
FNDA:0,(anonymous_20)
FNDA:0,(anonymous_21)
FNDA:3,(anonymous_22)
FNDA:0,(anonymous_23)
FNDA:0,(anonymous_24)
FNDA:0,(anonymous_25)
FNDA:0,(anonymous_26)
FNDA:3,(anonymous_27)
FNDA:0,(anonymous_28)
FNDA:3,(anonymous_29)
FNDA:0,(anonymous_30)
FNDA:0,(anonymous_31)
FNDA:0,(anonymous_32)
FNDA:0,(anonymous_33)
FNDA:0,(anonymous_34)
FNDA:0,(anonymous_35)
FNDA:0,(anonymous_36)
FNDA:0,(anonymous_37)
FNDA:0,(anonymous_38)
DA:7,3
DA:8,3
DA:9,3
DA:10,3
DA:11,3
DA:12,3
DA:13,3
DA:14,3
DA:15,3
DA:18,3
DA:21,3
DA:22,3
DA:23,3
DA:24,3
DA:27,3
DA:28,3
DA:29,3
DA:30,3
DA:31,3
DA:32,3
DA:33,3
DA:34,3
DA:37,3
DA:38,3
DA:41,3
DA:45,3
DA:46,3
DA:47,3
DA:54,3
DA:55,3
DA:57,3
DA:58,3
DA:59,3
DA:60,3
DA:67,3
DA:70,3
DA:85,3
DA:93,3
DA:96,3
DA:99,0
DA:102,3
DA:108,3
DA:115,3
DA:121,3
DA:134,3
DA:145,3
DA:146,3
DA:149,3
DA:150,0
DA:153,0
DA:160,0
DA:161,0
DA:162,0
DA:169,0
DA:172,3
DA:179,3
DA:182,3
DA:183,0
DA:193,3
DA:194,3
DA:195,3
DA:196,3
DA:197,3
DA:198,3
DA:199,3
DA:200,3
DA:203,3
DA:204,0
DA:208,3
DA:209,0
DA:213,3
DA:214,0
DA:218,3
DA:219,0
DA:223,3
DA:224,0
DA:228,3
DA:229,0
DA:233,3
DA:234,3
DA:237,3
DA:238,0
DA:239,0
DA:260,3
DA:261,0
DA:262,0
DA:265,0
DA:269,3
DA:276,3
DA:279,3
DA:280,0
DA:283,0
DA:284,0
DA:285,0
DA:286,0
DA:287,0
DA:288,0
DA:290,0
DA:291,0
DA:293,0
DA:294,0
DA:299,0
DA:300,0
DA:301,0
DA:305,0
DA:306,0
DA:307,0
DA:311,0
DA:312,0
DA:316,0
DA:317,0
DA:322,3
DA:323,3
DA:325,3
DA:332,3
DA:335,3
DA:338,3
DA:339,0
DA:340,0
DA:344,3
DA:345,0
DA:346,0
DA:350,3
DA:351,0
DA:352,0
DA:355,3
DA:356,0
DA:357,0
DA:360,3
DA:367,3
DA:369,3
DA:372,0
DA:373,0
DA:374,0
DA:375,0
DA:376,0
DA:377,0
DA:378,0
DA:379,0
DA:380,0
DA:384,0
DA:387,0
DA:388,0
DA:395,0
DA:396,0
DA:404,3
DA:405,3
DA:408,3
DA:409,0
DA:412,0
DA:413,0
DA:416,0
DA:417,0
DA:425,0
DA:427,0
DA:430,0
DA:431,0
DA:432,0
DA:433,0
DA:434,0
DA:435,0
DA:436,0
DA:438,0
DA:444,0
DA:445,0
DA:446,0
DA:447,0
DA:449,0
DA:454,0
DA:455,0
DA:456,0
DA:457,0
DA:459,0
DA:463,0
DA:470,0
DA:472,0
DA:474,0
DA:475,0
DA:478,0
DA:479,0
DA:483,0
DA:484,0
DA:485,0
DA:488,0
DA:489,0
DA:495,0
DA:496,0
DA:500,0
DA:501,0
DA:502,0
DA:506,0
DA:507,0
DA:513,3
DA:516,3
DA:517,0
DA:518,0
DA:521,3
LF:197
LH:89
BRDA:49,0,0,3
BRDA:49,0,1,0
BRDA:54,1,0,3
BRDA:54,1,1,0
BRDA:55,2,0,3
BRDA:55,2,1,0
BRDA:86,3,0,3
BRDA:86,3,1,0
BRDA:122,4,0,3
BRDA:122,4,1,0
BRDA:123,5,0,3
BRDA:123,5,1,0
BRDA:136,6,0,3
BRDA:136,6,1,0
BRDA:156,7,0,0
BRDA:156,7,1,0
BRDA:188,8,0,0
BRDA:188,8,1,0
BRDA:237,9,0,0
BRDA:237,9,1,3
BRDA:237,10,0,3
BRDA:237,10,1,0
BRDA:261,11,0,0
BRDA:261,11,1,0
BRDA:377,12,0,0
BRDA:377,12,1,0
BRDA:378,13,0,0
BRDA:378,13,1,0
BRDA:387,14,0,0
BRDA:387,14,1,0
BRDA:430,15,0,0
BRDA:430,15,1,0
BRDA:488,16,0,0
BRDA:488,16,1,0
BRF:34
BRH:9
end_of_record
TN:
SF:server\config\database.js
FN:9,(anonymous_0)
FN:13,(anonymous_1)
FN:19,(anonymous_2)
FN:39,(anonymous_3)
FN:49,(anonymous_4)
FN:53,(anonymous_5)
FNF:6
FNH:0
FNDA:0,(anonymous_0)
FNDA:0,(anonymous_1)
FNDA:0,(anonymous_2)
FNDA:0,(anonymous_3)
FNDA:0,(anonymous_4)
FNDA:0,(anonymous_5)
DA:5,0
DA:6,0
DA:10,0
DA:14,0
DA:16,0
DA:19,0
DA:29,0
DA:30,0
DA:32,0
DA:34,0
DA:35,0
DA:40,0
DA:41,0
DA:42,0
DA:44,0
DA:45,0
DA:50,0
DA:54,0
DA:55,0
DA:56,0
DA:61,0
LF:21
LH:0
BRDA:39,0,0,0
BRDA:54,1,0,0
BRDA:54,1,1,0
BRF:3
BRH:0
end_of_record
TN:
SF:server\config\https.js
FN:40,createHTTPSOptions
FN:70,(anonymous_1)
FN:79,(anonymous_2)
FN:88,createHTTPSServer
FN:99,(anonymous_4)
FN:107,validateSSLCertificate
FN:128,generateSelfSignedCert
FNF:7
FNH:0
FNDA:0,createHTTPSOptions
FNDA:0,(anonymous_1)
FNDA:0,(anonymous_2)
FNDA:0,createHTTPSServer
FNDA:0,(anonymous_4)
FNDA:0,validateSSLCertificate
FNDA:0,generateSelfSignedCert
DA:6,0
DA:7,0
DA:8,0
DA:11,0
DA:41,0
DA:47,0
DA:49,0
DA:50,0
DA:53,0
DA:54,0
DA:58,0
DA:59,0
DA:62,0
DA:64,0
DA:65,0
DA:70,0
DA:71,0
DA:72,0
DA:73,0
DA:75,0
DA:79,0
DA:80,0
DA:84,0
DA:89,0
DA:91,0
DA:92,0
DA:93,0
DA:94,0
DA:97,0
DA:99,0
DA:100,0
DA:103,0
DA:108,0
DA:110,0
DA:111,0
DA:114,0
DA:115,0
DA:121,0
DA:129,0
DA:131,0
DA:139,0
DA:154,0
DA:157,0
DA:158,0
DA:159,0
DA:163,0
DA:164,0
DA:166,0
DA:167,0
DA:169,0
DA:175,0
LF:51
LH:0
BRDA:13,0,0,0
BRDA:13,0,1,0
BRDA:14,1,0,0
BRDA:14,1,1,0
BRDA:15,2,0,0
BRDA:15,2,1,0
BRDA:30,3,0,0
BRDA:30,3,1,0
BRDA:31,4,0,0
BRDA:31,4,1,0
BRDA:49,5,0,0
BRDA:49,5,1,0
BRDA:53,6,0,0
BRDA:53,6,1,0
BRDA:58,7,0,0
BRDA:58,7,1,0
BRDA:58,8,0,0
BRDA:58,8,1,0
BRDA:71,9,0,0
BRDA:71,9,1,0
BRDA:82,10,0,0
BRDA:82,10,1,0
BRDA:91,11,0,0
BRDA:91,11,1,0
BRDA:91,12,0,0
BRDA:91,12,1,0
BRDA:91,12,2,0
BRDA:110,13,0,0
BRDA:110,13,1,0
BRDA:114,14,0,0
BRDA:114,14,1,0
BRDA:158,15,0,0
BRDA:158,15,1,0
BRF:33
BRH:0
end_of_record
TN:
SF:server\controllers\adminController.js
FN:7,getStores
FNF:1
FNH:0
FNDA:0,getStores
DA:9,0
DA:11,0
DA:17,0
LF:3
LH:0
BRDA:9,0,0,0
BRDA:9,0,1,0
BRF:2
BRH:0
end_of_record
TN:
SF:server\controllers\attendanceController.js
FN:7,clock
FNF:1
FNH:0
FNDA:0,clock
DA:8,0
DA:17,0
DA:24,0
LF:3
LH:0
BRF:0
BRH:0
end_of_record
TN:
SF:server\controllers\authController.js
FN:7,register
FNF:1
FNH:0
FNDA:0,register
DA:8,0
DA:17,0
DA:24,0
LF:3
LH:0
BRF:0
BRH:0
end_of_record
TN:
SF:server\controllers\revenueController.js
FN:7,getSummary
FNF:1
FNH:0
FNDA:0,getSummary
DA:8,0
DA:16,0
DA:24,0
LF:3
LH:0
BRF:0
BRH:0
end_of_record
TN:
SF:server\controllers\scheduleController.js
FN:7,getSchedule
FNF:1
FNH:0
FNDA:0,getSchedule
DA:9,0
DA:11,0
DA:17,0
LF:3
LH:0
BRDA:9,0,0,0
BRDA:9,0,1,0
BRF:2
BRH:0
end_of_record
TN:
SF:server\middleware\auth.js
FN:12,authMiddleware
FN:96,requireRoles
FN:97,(anonymous_2)
FN:124,requireAdmin
FN:131,requireManager
FN:139,requireOwnerOrAdmin
FN:140,(anonymous_6)
FN:176,optionalAuth
FN:190,requireApiKey
FNF:9
FNH:0
FNDA:0,authMiddleware
FNDA:0,requireRoles
FNDA:0,(anonymous_2)
FNDA:0,requireAdmin
FNDA:0,requireManager
FNDA:0,requireOwnerOrAdmin
FNDA:0,(anonymous_6)
FNDA:0,optionalAuth
FNDA:0,requireApiKey
DA:5,3
DA:6,3
DA:7,3
DA:13,0
DA:15,0
DA:17,0
DA:18,0
DA:21,0
DA:22,0
DA:25,0
DA:27,0
DA:28,0
DA:32,0
DA:35,0
DA:36,0
DA:37,0
DA:44,0
DA:52,0
DA:60,0
DA:63,0
DA:64,0
DA:68,0
DA:71,0
DA:72,0
DA:76,0
DA:79,0
DA:80,0
DA:84,0
DA:87,0
DA:88,0
DA:97,0
DA:98,0
DA:99,0
DA:102,0
DA:103,0
DA:106,0
DA:107,0
DA:114,0
DA:117,0
DA:125,0
DA:132,0
DA:140,0
DA:141,0
DA:142,0
DA:143,0
DA:147,0
DA:148,0
DA:152,0
DA:154,0
DA:155,0
DA:158,0
DA:164,0
DA:167,0
DA:168,0
DA:177,0
DA:179,0
DA:180,0
DA:184,0
DA:191,0
DA:193,0
DA:194,0
DA:197,0
DA:198,0
DA:202,0
DA:205,0
DA:208,3
LF:66
LH:4
BRDA:17,0,0,0
BRDA:17,0,1,0
BRDA:21,1,0,0
BRDA:21,1,1,0
BRDA:27,2,0,0
BRDA:27,2,1,0
BRDA:36,3,0,0
BRDA:36,3,1,0
BRDA:63,4,0,0
BRDA:63,4,1,0
BRDA:71,5,0,0
BRDA:71,5,1,0
BRDA:79,6,0,0
BRDA:79,6,1,0
BRDA:96,7,0,0
BRDA:98,8,0,0
BRDA:98,8,1,0
BRDA:102,9,0,0
BRDA:102,9,1,0
BRDA:106,10,0,0
BRDA:106,10,1,0
BRDA:142,11,0,0
BRDA:142,11,1,0
BRDA:147,12,0,0
BRDA:147,12,1,0
BRDA:154,13,0,0
BRDA:154,13,1,0
BRDA:179,14,0,0
BRDA:179,14,1,0
BRDA:179,15,0,0
BRDA:179,15,1,0
BRDA:193,16,0,0
BRDA:193,16,1,0
BRDA:197,17,0,0
BRDA:197,17,1,0
BRF:35
BRH:0
end_of_record
TN:
SF:server\middleware\errorHandler.js
FN:23,classifyError
FN:60,generateUserMessage
FN:78,(anonymous_2)
FN:127,(anonymous_3)
FN:143,(anonymous_4)
FN:149,(anonymous_5)
FN:153,(anonymous_6)
FNF:7
FNH:0
FNDA:0,classifyError
FNDA:0,generateUserMessage
FNDA:0,(anonymous_2)
FNDA:0,(anonymous_3)
FNDA:0,(anonymous_4)
FNDA:0,(anonymous_5)
FNDA:0,(anonymous_6)
DA:6,3
DA:9,3
DA:24,0
DA:25,0
DA:28,0
DA:29,0
DA:32,0
DA:33,0
DA:36,0
DA:37,0
DA:40,0
DA:41,0
DA:44,0
DA:45,0
DA:48,0
DA:49,0
DA:52,0
DA:53,0
DA:56,0
DA:61,0
DA:74,0
DA:78,3
DA:79,0
DA:80,0
DA:81,0
DA:84,0
DA:97,0
DA:99,0
DA:111,0
DA:112,0
DA:119,0
DA:120,0
DA:123,0
DA:127,3
DA:128,0
DA:139,0
DA:143,3
DA:144,0
DA:149,3
DA:150,0
DA:152,0
DA:153,0
DA:154,0
DA:159,3
LF:44
LH:7
BRDA:24,0,0,0
BRDA:24,0,1,0
BRDA:24,1,0,0
BRDA:24,1,1,0
BRDA:28,2,0,0
BRDA:28,2,1,0
BRDA:28,3,0,0
BRDA:28,3,1,0
BRDA:32,4,0,0
BRDA:32,4,1,0
BRDA:32,5,0,0
BRDA:32,5,1,0
BRDA:36,6,0,0
BRDA:36,6,1,0
BRDA:36,7,0,0
BRDA:36,7,1,0
BRDA:40,8,0,0
BRDA:40,8,1,0
BRDA:40,9,0,0
BRDA:40,9,1,0
BRDA:44,10,0,0
BRDA:44,10,1,0
BRDA:44,11,0,0
BRDA:44,11,1,0
BRDA:48,12,0,0
BRDA:48,12,1,0
BRDA:48,13,0,0
BRDA:48,13,1,0
BRDA:52,14,0,0
BRDA:52,14,1,0
BRDA:52,15,0,0
BRDA:52,15,1,0
BRDA:74,16,0,0
BRDA:74,16,1,0
BRDA:111,17,0,0
BRDA:111,17,1,0
BRDA:119,18,0,0
BRDA:119,18,1,0
BRDA:119,19,0,0
BRDA:119,19,1,0
BRDA:152,20,0,0
BRDA:152,20,1,0
BRF:42
BRH:0
end_of_record
TN:
SF:server\middleware\monitoring.js
FN:14,(anonymous_0)
FN:22,(anonymous_1)
FN:39,(anonymous_2)
FN:72,(anonymous_3)
FN:93,(anonymous_4)
FN:99,(anonymous_5)
FN:100,(anonymous_6)
FN:144,(anonymous_7)
FN:172,(anonymous_8)
FN:177,(anonymous_9)
FNF:10
FNH:0
FNDA:0,(anonymous_0)
FNDA:0,(anonymous_1)
FNDA:0,(anonymous_2)
FNDA:0,(anonymous_3)
FNDA:0,(anonymous_4)
FNDA:0,(anonymous_5)
FNDA:0,(anonymous_6)
FNDA:0,(anonymous_7)
FNDA:0,(anonymous_8)
FNDA:0,(anonymous_9)
DA:6,0
DA:9,0
DA:14,0
DA:15,0
DA:18,0
DA:21,0
DA:22,0
DA:23,0
DA:24,0
DA:27,0
DA:30,0
DA:33,0
DA:39,0
DA:40,0
DA:41,0
DA:44,0
DA:45,0
DA:46,0
DA:47,0
DA:48,0
DA:51,0
DA:60,0
DA:72,0
DA:73,0
DA:74,0
DA:75,0
DA:77,0
DA:82,0
DA:93,0
DA:94,0
DA:95,0
DA:97,0
DA:99,0
DA:100,0
DA:102,0
DA:110,0
DA:112,0
DA:113,0
DA:115,0
DA:116,0
DA:121,0
DA:127,0
DA:133,0
DA:144,0
DA:145,0
DA:146,0
DA:148,0
DA:149,0
DA:155,0
DA:157,0
DA:163,0
DA:172,0
DA:173,0
DA:174,0
DA:177,0
DA:178,0
DA:179,0
DA:182,0
LF:58
LH:0
BRDA:45,0,0,0
BRDA:45,0,1,0
BRDA:47,1,0,0
BRDA:47,1,1,0
BRDA:74,2,0,0
BRDA:74,2,1,0
BRDA:97,3,0,0
BRDA:97,3,1,0
BRDA:110,4,0,0
BRDA:110,4,1,0
BRDA:115,5,0,0
BRDA:115,5,1,0
BRDA:146,6,0,0
BRDA:148,7,0,0
BRDA:148,7,1,0
BRDA:148,8,0,0
BRDA:148,8,1,0
BRF:17
BRH:0
end_of_record
TN:
SF:server\middleware\auth\production.js
FN:13,(anonymous_0)
FN:26,(anonymous_1)
FN:28,(anonymous_2)
FN:33,(anonymous_3)
FN:38,(anonymous_4)
FN:52,(anonymous_5)
FN:69,(anonymous_6)
FN:76,(anonymous_7)
FN:98,(anonymous_8)
FN:124,(anonymous_9)
FN:149,(anonymous_10)
FN:206,(anonymous_11)
FN:226,(anonymous_12)
FN:233,(anonymous_13)
FN:247,(anonymous_14)
FN:312,(anonymous_15)
FN:327,(anonymous_16)
FN:328,(anonymous_17)
FN:332,(anonymous_18)
FN:355,(anonymous_19)
FN:390,(anonymous_20)
FN:403,(anonymous_21)
FN:417,(anonymous_22)
FN:426,(anonymous_23)
FNF:24
FNH:0
FNDA:0,(anonymous_0)
FNDA:0,(anonymous_1)
FNDA:0,(anonymous_2)
FNDA:0,(anonymous_3)
FNDA:0,(anonymous_4)
FNDA:0,(anonymous_5)
FNDA:0,(anonymous_6)
FNDA:0,(anonymous_7)
FNDA:0,(anonymous_8)
FNDA:0,(anonymous_9)
FNDA:0,(anonymous_10)
FNDA:0,(anonymous_11)
FNDA:0,(anonymous_12)
FNDA:0,(anonymous_13)
FNDA:0,(anonymous_14)
FNDA:0,(anonymous_15)
FNDA:0,(anonymous_16)
FNDA:0,(anonymous_17)
FNDA:0,(anonymous_18)
FNDA:0,(anonymous_19)
FNDA:0,(anonymous_20)
FNDA:0,(anonymous_21)
FNDA:0,(anonymous_22)
FNDA:0,(anonymous_23)
DA:6,0
DA:7,0
DA:8,0
DA:9,0
DA:10,0
DA:14,0
DA:15,0
DA:16,0
DA:17,0
DA:20,0
DA:28,0
DA:29,0
DA:33,0
DA:34,0
DA:38,0
DA:39,0
DA:46,0
DA:53,0
DA:54,0
DA:55,0
DA:62,0
DA:69,0
DA:70,0
DA:71,0
DA:74,0
DA:75,0
DA:76,0
DA:80,0
DA:81,0
DA:83,0
DA:90,0
DA:96,0
DA:99,0
DA:102,0
DA:103,0
DA:107,0
DA:108,0
DA:109,0
DA:110,0
DA:125,0
DA:126,0
DA:127,0
DA:129,0
DA:132,0
DA:135,0
DA:136,0
DA:137,0
DA:140,0
DA:143,0
DA:150,0
DA:160,0
DA:167,0
DA:173,0
DA:180,0
DA:189,0
DA:195,0
DA:207,0
DA:220,0
DA:227,0
DA:234,0
DA:235,0
DA:236,0
DA:237,0
DA:238,0
DA:239,0
DA:241,0
DA:248,0
DA:250,0
DA:252,0
DA:253,0
DA:257,0
DA:258,0
DA:259,0
DA:263,0
DA:264,0
DA:266,0
DA:267,0
DA:271,0
DA:272,0
DA:273,0
DA:277,0
DA:286,0
DA:293,0
DA:294,0
DA:296,0
DA:304,0
DA:305,0
DA:314,0
DA:317,0
DA:318,0
DA:321,0
DA:328,0
DA:329,0
DA:332,0
DA:333,0
DA:337,0
DA:339,0
DA:340,0
DA:348,0
DA:356,0
DA:357,0
DA:358,0
DA:367,0
DA:378,0
DA:379,0
DA:383,0
DA:391,0
DA:395,0
DA:397,0
DA:404,0
DA:406,0
DA:407,0
DA:408,0
DA:409,0
DA:419,0
DA:420,0
DA:429,0
DA:440,0
DA:442,0
LF:119
LH:0
BRDA:54,0,0,0
BRDA:54,0,1,0
BRDA:70,1,0,0
BRDA:70,1,1,0
BRDA:74,2,0,0
BRDA:74,2,1,0
BRDA:75,3,0,0
BRDA:75,3,1,0
BRDA:80,4,0,0
BRDA:80,4,1,0
BRDA:80,5,0,0
BRDA:80,5,1,0
BRDA:102,6,0,0
BRDA:102,6,1,0
BRDA:107,7,0,0
BRDA:107,7,1,0
BRDA:108,8,0,0
BRDA:108,8,1,0
BRDA:109,9,0,0
BRDA:109,9,1,0
BRDA:126,10,0,0
BRDA:126,10,1,0
BRDA:135,11,0,0
BRDA:135,11,1,0
BRDA:161,12,0,0
BRDA:161,12,1,0
BRDA:174,13,0,0
BRDA:174,13,1,0
BRDA:198,14,0,0
BRDA:198,14,1,0
BRDA:220,15,0,0
BRDA:220,15,1,0
BRDA:235,16,0,0
BRDA:235,16,1,0
BRDA:252,17,0,0
BRDA:252,17,1,0
BRDA:258,18,0,0
BRDA:258,18,1,0
BRDA:264,19,0,0
BRDA:264,19,1,0
BRDA:272,20,0,0
BRDA:272,20,1,0
BRDA:287,21,0,0
BRDA:287,21,1,0
BRDA:298,22,0,0
BRDA:298,22,1,0
BRDA:317,23,0,0
BRDA:317,23,1,0
BRDA:329,24,0,0
BRDA:329,24,1,0
BRDA:333,25,0,0
BRDA:333,25,1,0
BRDA:339,26,0,0
BRDA:339,26,1,0
BRDA:339,27,0,0
BRDA:339,27,1,0
BRDA:357,28,0,0
BRDA:357,28,1,0
BRDA:357,29,0,0
BRDA:357,29,1,0
BRDA:378,30,0,0
BRDA:378,30,1,0
BRDA:407,31,0,0
BRDA:407,31,1,0
BRF:64
BRH:0
end_of_record
TN:
SF:server\middleware\performance\cache.js
FN:15,generateCacheKey
FN:22,(anonymous_1)
FN:23,(anonymous_2)
FN:39,(anonymous_3)
FN:55,clearCache
FN:57,(anonymous_5)
FN:59,(anonymous_6)
FN:67,getCacheStats
FNF:8
FNH:0
FNDA:0,generateCacheKey
FNDA:0,(anonymous_1)
FNDA:0,(anonymous_2)
FNDA:0,(anonymous_3)
FNDA:0,clearCache
FNDA:0,(anonymous_5)
FNDA:0,(anonymous_6)
FNDA:0,getCacheStats
DA:5,0
DA:8,0
DA:16,0
DA:17,0
DA:18,0
DA:22,0
DA:23,0
DA:25,0
DA:26,0
DA:29,0
DA:30,0
DA:32,0
DA:33,0
DA:34,0
DA:38,0
DA:39,0
DA:41,0
DA:42,0
DA:43,0
DA:47,0
DA:50,0
DA:56,0
DA:57,0
DA:59,0
DA:60,0
DA:63,0
DA:68,0
DA:77,0
LF:28
LH:0
BRDA:17,0,0,0
BRDA:17,0,1,0
BRDA:22,1,0,0
BRDA:25,2,0,0
BRDA:25,2,1,0
BRDA:32,3,0,0
BRDA:32,3,1,0
BRDA:41,4,0,0
BRDA:41,4,1,0
BRDA:41,5,0,0
BRDA:41,5,1,0
BRF:11
BRH:0
end_of_record
TN:
SF:server\middleware\performance\compression.js
FN:17,(anonymous_0)
FN:29,(anonymous_1)
FN:37,(anonymous_2)
FN:39,(anonymous_3)
FN:52,(anonymous_4)
FN:55,(anonymous_5)
FNF:6
FNH:0
FNDA:0,(anonymous_0)
FNDA:0,(anonymous_1)
FNDA:0,(anonymous_2)
FNDA:0,(anonymous_3)
FNDA:0,(anonymous_4)
FNDA:0,(anonymous_5)
DA:5,0
DA:6,0
DA:9,0
DA:19,0
DA:20,0
DA:24,0
DA:29,0
DA:30,0
DA:32,0
DA:34,0
DA:35,0
DA:37,0
DA:38,0
DA:39,0
DA:40,0
DA:41,0
DA:42,0
DA:43,0
DA:45,0
DA:47,0
DA:49,0
DA:52,0
DA:53,0
DA:54,0
DA:55,0
DA:56,0
DA:57,0
DA:58,0
DA:59,0
DA:60,0
DA:62,0
DA:64,0
DA:66,0
DA:70,0
DA:73,0
LF:35
LH:0
BRDA:19,0,0,0
BRDA:19,0,1,0
BRDA:30,1,0,0
BRDA:30,1,1,0
BRDA:32,2,0,0
BRDA:32,2,1,0
BRDA:38,3,0,0
BRDA:38,3,1,0
BRDA:38,4,0,0
BRDA:38,4,1,0
BRDA:40,5,0,0
BRDA:40,5,1,0
BRDA:40,6,0,0
BRDA:40,6,1,0
BRDA:54,7,0,0
BRDA:54,7,1,0
BRDA:56,8,0,0
BRDA:56,8,1,0
BRDA:56,9,0,0
BRDA:56,9,1,0
BRF:20
BRH:0
end_of_record
TN:
SF:server\middleware\performance\optimization.js
FN:13,(anonymous_0)
FN:25,(anonymous_1)
FN:41,(anonymous_2)
FN:54,(anonymous_3)
FN:70,(anonymous_4)
FN:78,(anonymous_5)
FN:109,(anonymous_6)
FN:112,(anonymous_7)
FN:120,(anonymous_8)
FN:122,(anonymous_9)
FN:129,(anonymous_10)
FN:131,(anonymous_11)
FN:144,(anonymous_12)
FN:162,(anonymous_13)
FN:167,(anonymous_14)
FN:185,(anonymous_15)
FN:198,(anonymous_16)
FN:204,(anonymous_17)
FN:220,(anonymous_18)
FN:224,(anonymous_19)
FN:236,(anonymous_20)
FN:247,(anonymous_21)
FN:251,(anonymous_22)
FN:254,(anonymous_23)
FN:261,(anonymous_24)
FN:279,(anonymous_25)
FN:300,(anonymous_26)
FNF:27
FNH:0
FNDA:0,(anonymous_0)
FNDA:0,(anonymous_1)
FNDA:0,(anonymous_2)
FNDA:0,(anonymous_3)
FNDA:0,(anonymous_4)
FNDA:0,(anonymous_5)
FNDA:0,(anonymous_6)
FNDA:0,(anonymous_7)
FNDA:0,(anonymous_8)
FNDA:0,(anonymous_9)
FNDA:0,(anonymous_10)
FNDA:0,(anonymous_11)
FNDA:0,(anonymous_12)
FNDA:0,(anonymous_13)
FNDA:0,(anonymous_14)
FNDA:0,(anonymous_15)
FNDA:0,(anonymous_16)
FNDA:0,(anonymous_17)
FNDA:0,(anonymous_18)
FNDA:0,(anonymous_19)
FNDA:0,(anonymous_20)
FNDA:0,(anonymous_21)
FNDA:0,(anonymous_22)
FNDA:0,(anonymous_23)
FNDA:0,(anonymous_24)
FNDA:0,(anonymous_25)
FNDA:0,(anonymous_26)
DA:6,0
DA:7,0
DA:8,0
DA:13,0
DA:15,0
DA:17,0
DA:20,0
DA:24,0
DA:25,0
DA:26,0
DA:27,0
DA:30,0
DA:31,0
DA:32,0
DA:41,0
DA:42,0
DA:44,0
DA:54,0
DA:55,0
DA:56,0
DA:57,0
DA:58,0
DA:61,0
DA:70,0
DA:72,0
DA:73,0
DA:74,0
DA:77,0
DA:78,0
DA:79,0
DA:82,0
DA:83,0
DA:85,0
DA:86,0
DA:88,0
DA:91,0
DA:96,0
DA:97,0
DA:100,0
DA:103,0
DA:109,0
DA:110,0
DA:112,0
DA:114,0
DA:115,0
DA:117,0
DA:119,0
DA:120,0
DA:121,0
DA:123,0
DA:125,0
DA:129,0
DA:130,0
DA:131,0
DA:132,0
DA:133,0
DA:134,0
DA:135,0
DA:137,0
DA:138,0
DA:140,0
DA:144,0
DA:145,0
DA:146,0
DA:147,0
DA:152,0
DA:155,0
DA:162,0
DA:163,0
DA:169,0
DA:170,0
DA:171,0
DA:172,0
DA:173,0
DA:174,0
DA:176,0
DA:185,0
DA:186,0
DA:187,0
DA:188,0
DA:190,0
DA:193,0
DA:194,0
DA:198,0
DA:199,0
DA:200,0
DA:204,0
DA:205,0
DA:206,0
DA:207,0
DA:211,0
DA:214,0
DA:220,0
DA:221,0
DA:222,0
DA:224,0
DA:225,0
DA:226,0
DA:231,0
DA:234,0
DA:236,0
DA:237,0
DA:240,0
DA:247,0
DA:248,0
DA:251,0
DA:252,0
DA:254,0
DA:255,0
DA:256,0
DA:257,0
DA:261,0
DA:263,0
DA:264,0
DA:269,0
DA:272,0
DA:279,0
DA:280,0
DA:283,0
DA:284,0
DA:285,0
DA:289,0
DA:292,0
DA:293,0
DA:297,0
DA:301,0
DA:302,0
DA:304,0
DA:308,0
DA:309,0
DA:310,0
DA:311,0
DA:314,0
DA:315,0
DA:318,0
DA:321,0
LF:136
LH:0
BRDA:15,0,0,0
BRDA:15,0,1,0
BRDA:24,1,0,0
BRDA:24,1,1,0
BRDA:30,2,0,0
BRDA:30,2,1,0
BRDA:42,3,0,0
BRDA:42,3,1,0
BRDA:45,4,0,0
BRDA:45,4,1,0
BRDA:46,5,0,0
BRDA:46,5,1,0
BRDA:57,6,0,0
BRDA:57,6,1,0
BRDA:79,7,0,0
BRDA:79,7,1,0
BRDA:82,8,0,0
BRDA:82,8,1,0
BRDA:83,9,0,0
BRDA:83,9,1,0
BRDA:86,10,0,0
BRDA:86,10,1,0
BRDA:86,11,0,0
BRDA:86,11,1,0
BRDA:96,12,0,0
BRDA:96,12,1,0
BRDA:96,13,0,0
BRDA:96,13,1,0
BRDA:114,14,0,0
BRDA:114,14,1,0
BRDA:117,15,0,0
BRDA:117,15,1,0
BRDA:133,16,0,0
BRDA:133,16,1,0
BRDA:145,17,0,0
BRDA:145,17,1,0
BRDA:164,18,0,0
BRDA:164,18,1,0
BRDA:169,19,0,0
BRDA:169,19,1,0
BRDA:171,20,0,0
BRDA:171,20,1,0
BRDA:173,21,0,0
BRDA:173,21,1,0
BRDA:186,22,0,0
BRDA:186,22,1,0
BRDA:186,23,0,0
BRDA:186,23,1,0
BRDA:188,24,0,0
BRDA:188,24,1,0
BRDA:222,25,0,0
BRDA:222,25,1,0
BRDA:225,26,0,0
BRDA:225,26,1,0
BRDA:263,27,0,0
BRDA:263,27,1,0
BRDA:263,28,0,0
BRDA:263,28,1,0
BRDA:279,29,0,0
BRDA:284,30,0,0
BRDA:284,30,1,0
BRDA:292,31,0,0
BRDA:292,31,1,0
BRDA:301,32,0,0
BRDA:301,32,1,0
BRDA:314,33,0,0
BRDA:314,33,1,0
BRF:67
BRH:0
end_of_record
TN:
SF:server\middleware\performance\rateLimit.js
FN:9,(anonymous_0)
FN:22,(anonymous_1)
FN:58,(anonymous_2)
FN:74,(anonymous_3)
FN:83,(anonymous_4)
FN:86,(anonymous_5)
FNF:6
FNH:0
FNDA:0,(anonymous_0)
FNDA:0,(anonymous_1)
FNDA:0,(anonymous_2)
FNDA:0,(anonymous_3)
FNDA:0,(anonymous_4)
FNDA:0,(anonymous_5)
DA:5,0
DA:6,0
DA:9,0
DA:10,0
DA:23,0
DA:29,0
DA:36,0
DA:44,0
DA:51,0
DA:58,0
DA:64,0
DA:66,0
DA:76,0
DA:77,0
DA:81,0
DA:84,0
DA:87,0
DA:92,0
LF:18
LH:0
BRDA:9,0,0,0
BRDA:23,1,0,0
BRDA:23,1,1,0
BRDA:60,2,0,0
BRDA:61,3,0,0
BRDA:62,4,0,0
BRDA:63,5,0,0
BRDA:76,6,0,0
BRDA:76,6,1,0
BRDA:81,7,0,0
BRDA:81,7,1,0
BRDA:84,8,0,0
BRDA:84,8,1,0
BRDA:87,9,0,0
BRDA:87,9,1,0
BRF:15
BRH:0
end_of_record
TN:
SF:server\middleware\security\accessControl.js
FN:28,hasPermission
FN:35,hasMinimumLevel
FN:42,(anonymous_2)
FN:66,(anonymous_3)
FN:67,(anonymous_4)
FN:88,(anonymous_5)
FN:89,(anonymous_6)
FNF:7
FNH:0
FNDA:0,hasPermission
FNDA:0,hasMinimumLevel
FNDA:0,(anonymous_2)
FNDA:0,(anonymous_3)
FNDA:0,(anonymous_4)
FNDA:0,(anonymous_5)
FNDA:0,(anonymous_6)
DA:6,0
DA:9,0
DA:29,0
DA:30,0
DA:32,0
DA:36,0
DA:37,0
DA:39,0
DA:42,0
DA:43,0
DA:45,0
DA:46,0
DA:53,0
DA:54,0
DA:55,0
DA:56,0
DA:58,0
DA:66,0
DA:67,0
DA:68,0
DA:69,0
DA:76,0
DA:77,0
DA:84,0
DA:88,0
DA:89,0
DA:90,0
DA:91,0
DA:98,0
DA:99,0
DA:106,0
DA:110,0
LF:32
LH:0
BRDA:30,0,0,0
BRDA:30,0,1,0
BRDA:37,1,0,0
BRDA:37,1,1,0
BRDA:45,2,0,0
BRDA:45,2,1,0
BRDA:54,3,0,0
BRDA:54,3,1,0
BRDA:68,4,0,0
BRDA:68,4,1,0
BRDA:76,5,0,0
BRDA:76,5,1,0
BRDA:90,6,0,0
BRDA:90,6,1,0
BRDA:98,7,0,0
BRDA:98,7,1,0
BRF:16
BRH:0
end_of_record
TN:
SF:server\middleware\security\authSecurity.js
FN:27,generateSecureToken
FN:46,verifySecureToken
FN:66,revokeToken
FN:70,(anonymous_3)
FN:76,checkLoginAttempts
FN:103,recordLoginAttempt
FN:124,(anonymous_6)
FN:131,(anonymous_7)
FN:198,validatePasswordStrength
FN:242,(anonymous_9)
FN:254,calculatePasswordStrength
FN:279,hashPassword
FN:290,verifyPassword
FN:296,(anonymous_13)
FN:298,(anonymous_14)
FN:304,(anonymous_15)
FNF:16
FNH:0
FNDA:0,generateSecureToken
FNDA:0,verifySecureToken
FNDA:0,revokeToken
FNDA:0,(anonymous_3)
FNDA:0,checkLoginAttempts
FNDA:0,recordLoginAttempt
FNDA:0,(anonymous_6)
FNDA:0,(anonymous_7)
FNDA:0,validatePasswordStrength
FNDA:0,(anonymous_9)
FNDA:0,calculatePasswordStrength
FNDA:0,hashPassword
FNDA:0,verifyPassword
FNDA:0,(anonymous_13)
FNDA:0,(anonymous_14)
FNDA:0,(anonymous_15)
DA:6,0
DA:7,0
DA:8,0
DA:11,0
DA:14,0
DA:17,0
DA:28,0
DA:35,0
DA:42,0
DA:47,0
DA:49,0
DA:50,0
DA:53,0
DA:59,0
DA:61,0
DA:67,0
DA:70,0
DA:71,0
DA:77,0
DA:78,0
DA:79,0
DA:80,0
DA:83,0
DA:84,0
DA:87,0
DA:88,0
DA:89,0
DA:96,0
DA:104,0
DA:106,0
DA:107,0
DA:109,0
DA:110,0
DA:111,0
DA:114,0
DA:115,0
DA:124,0
DA:129,0
DA:131,0
DA:132,0
DA:133,0
DA:135,0
DA:136,0
DA:137,0
DA:143,0
DA:146,0
DA:147,0
DA:149,0
DA:150,0
DA:159,0
DA:160,0
DA:168,0
DA:169,0
DA:172,0
DA:173,0
DA:174,0
DA:185,0
DA:187,0
DA:188,0
DA:199,0
DA:209,0
DA:211,0
DA:212,0
DA:215,0
DA:216,0
DA:219,0
DA:220,0
DA:223,0
DA:224,0
DA:227,0
DA:228,0
DA:231,0
DA:232,0
DA:236,0
DA:241,0
DA:242,0
DA:243,0
DA:246,0
DA:255,0
DA:258,0
DA:261,0
DA:262,0
DA:263,0
DA:264,0
DA:267,0
DA:268,0
DA:271,0
DA:272,0
DA:273,0
DA:275,0
DA:280,0
DA:281,0
DA:282,0
DA:285,0
DA:286,0
DA:291,0
DA:295,0
DA:296,0
DA:301,0
DA:306,0
DA:310,0
LF:101
LH:0
BRDA:19,0,0,0
BRDA:19,0,1,0
BRDA:20,1,0,0
BRDA:20,1,1,0
BRDA:27,2,0,0
BRDA:32,3,0,0
BRDA:32,3,1,0
BRDA:36,4,0,0
BRDA:36,4,1,0
BRDA:49,5,0,0
BRDA:49,5,1,0
BRDA:77,6,0,0
BRDA:77,6,1,0
BRDA:83,7,0,0
BRDA:83,7,1,0
BRDA:87,8,0,0
BRDA:87,8,1,0
BRDA:104,9,0,0
BRDA:104,9,1,0
BRDA:106,10,0,0
BRDA:106,10,1,0
BRDA:124,11,0,0
BRDA:126,12,0,0
BRDA:127,13,0,0
BRDA:128,14,0,0
BRDA:135,15,0,0
BRDA:135,15,1,0
BRDA:135,16,0,0
BRDA:135,16,1,0
BRDA:136,17,0,0
BRDA:136,17,1,0
BRDA:149,18,0,0
BRDA:149,18,1,0
BRDA:159,19,0,0
BRDA:159,19,1,0
BRDA:159,20,0,0
BRDA:159,20,1,0
BRDA:172,21,0,0
BRDA:172,21,1,0
BRDA:211,22,0,0
BRDA:211,22,1,0
BRDA:215,23,0,0
BRDA:215,23,1,0
BRDA:219,24,0,0
BRDA:219,24,1,0
BRDA:219,25,0,0
BRDA:219,25,1,0
BRDA:223,26,0,0
BRDA:223,26,1,0
BRDA:223,27,0,0
BRDA:223,27,1,0
BRDA:227,28,0,0
BRDA:227,28,1,0
BRDA:227,29,0,0
BRDA:227,29,1,0
BRDA:231,30,0,0
BRDA:231,30,1,0
BRDA:231,31,0,0
BRDA:231,31,1,0
BRDA:241,32,0,0
BRDA:241,32,1,0
BRDA:241,33,0,0
BRDA:241,33,1,0
BRDA:261,34,0,0
BRDA:261,34,1,0
BRDA:262,35,0,0
BRDA:262,35,1,0
BRDA:263,36,0,0
BRDA:263,36,1,0
BRDA:264,37,0,0
BRDA:264,37,1,0
BRDA:271,38,0,0
BRDA:271,38,1,0
BRDA:272,39,0,0
BRDA:272,39,1,0
BRDA:273,40,0,0
BRDA:273,40,1,0
BRDA:281,41,0,0
BRDA:281,41,1,0
BRF:79
BRH:0
end_of_record
TN:
SF:server\middleware\security\headers.js
FN:46,(anonymous_0)
FN:73,(anonymous_1)
FN:90,(anonymous_2)
FNF:3
FNH:0
FNDA:0,(anonymous_0)
FNDA:0,(anonymous_1)
FNDA:0,(anonymous_2)
DA:6,0
DA:9,0
DA:46,0
DA:48,0
DA:49,0
DA:50,0
DA:51,0
DA:52,0
DA:55,0
DA:56,0
DA:60,0
DA:69,0
DA:73,0
DA:74,0
DA:77,0
DA:78,0
DA:85,0
DA:89,0
DA:91,0
DA:94,0
DA:95,0
DA:96,0
DA:100,0
DA:108,0
LF:24
LH:0
BRDA:36,0,0,0
BRDA:36,0,1,0
BRDA:42,1,0,0
BRDA:42,1,1,0
BRDA:55,2,0,0
BRDA:55,2,1,0
BRDA:91,3,0,0
BRDA:91,3,1,0
BRDA:94,4,0,0
BRDA:94,4,1,0
BRDA:95,5,0,0
BRDA:95,5,1,0
BRDA:95,6,0,0
BRDA:95,6,1,0
BRF:14
BRH:0
end_of_record
TN:
SF:server\middleware\security\index.js
FN:28,configureBasicSecurity
FN:77,configureAPISecurity
FN:106,configureAuthSecurity
FN:121,(anonymous_3)
FN:134,configureFileUploadSecurity
FN:148,configureCacheSecurity
FN:158,(anonymous_6)
FN:168,configureProductionSecurity
FN:176,(anonymous_8)
FN:183,(anonymous_9)
FN:202,configureAllSecurity
FNF:11
FNH:0
FNDA:0,configureBasicSecurity
FNDA:0,configureAPISecurity
FNDA:0,configureAuthSecurity
FNDA:0,(anonymous_3)
FNDA:0,configureFileUploadSecurity
FNDA:0,configureCacheSecurity
FNDA:0,(anonymous_6)
FNDA:0,configureProductionSecurity
FNDA:0,(anonymous_8)
FNDA:0,(anonymous_9)
FNDA:0,configureAllSecurity
DA:7,0
DA:8,0
DA:9,0
DA:10,0
DA:11,0
DA:14,0
DA:15,0
DA:16,0
DA:19,0
DA:20,0
DA:21,0
DA:22,0
DA:29,0
DA:32,0
DA:35,0
DA:53,0
DA:56,0
DA:59,0
DA:62,0
DA:65,0
DA:68,0
DA:70,0
DA:78,0
DA:81,0
DA:84,0
DA:91,0
DA:94,0
DA:97,0
DA:99,0
DA:107,0
DA:110,0
DA:113,0
DA:121,0
DA:122,0
DA:128,0
DA:135,0
DA:138,0
DA:139,0
DA:140,0
DA:142,0
DA:149,0
DA:152,0
DA:158,0
DA:159,0
DA:162,0
DA:169,0
DA:170,0
DA:173,0
DA:176,0
DA:177,0
DA:178,0
DA:179,0
DA:183,0
DA:185,0
DA:186,0
DA:189,0
DA:196,0
DA:203,0
DA:205,0
DA:206,0
DA:207,0
DA:208,0
DA:209,0
DA:210,0
DA:212,0
DA:213,0
DA:216,0
LF:67
LH:0
BRDA:169,0,0,0
BRDA:169,0,1,0
BRDA:185,1,0,0
BRDA:185,1,1,0
BRDA:185,2,0,0
BRDA:185,2,1,0
BRDA:189,3,0,0
BRDA:189,3,1,0
BRF:8
BRH:0
end_of_record
TN:
SF:server\middleware\security\inputSecurity.js
FN:32,detectDangerousInput
FN:37,(anonymous_1)
FN:61,deepSanitize
FN:114,(anonymous_3)
FN:115,(anonymous_4)
FN:116,(anonymous_5)
FN:117,(anonymous_6)
FN:118,(anonymous_7)
FN:119,(anonymous_8)
FN:120,(anonymous_9)
FN:121,(anonymous_10)
FN:122,(anonymous_11)
FN:123,(anonymous_12)
FN:133,(anonymous_13)
FN:141,(anonymous_14)
FN:151,(anonymous_15)
FN:153,(anonymous_16)
FN:200,(anonymous_17)
FNF:18
FNH:0
FNDA:0,detectDangerousInput
FNDA:0,(anonymous_1)
FNDA:0,deepSanitize
FNDA:0,(anonymous_3)
FNDA:0,(anonymous_4)
FNDA:0,(anonymous_5)
FNDA:0,(anonymous_6)
FNDA:0,(anonymous_7)
FNDA:0,(anonymous_8)
FNDA:0,(anonymous_9)
FNDA:0,(anonymous_10)
FNDA:0,(anonymous_11)
FNDA:0,(anonymous_12)
FNDA:0,(anonymous_13)
FNDA:0,(anonymous_14)
FNDA:0,(anonymous_15)
FNDA:0,(anonymous_16)
FNDA:0,(anonymous_17)
DA:6,0
DA:7,0
DA:10,0
DA:33,0
DA:35,0
DA:37,0
DA:38,0
DA:39,0
DA:44,0
DA:48,0
DA:49,0
DA:54,0
DA:57,0
DA:62,0
DA:68,0
DA:70,0
DA:73,0
DA:74,0
DA:78,0
DA:79,0
DA:83,0
DA:84,0
DA:87,0
DA:95,0
DA:102,0
DA:109,0
DA:113,0
DA:114,0
DA:115,0
DA:116,0
DA:117,0
DA:118,0
DA:119,0
DA:120,0
DA:121,0
DA:122,0
DA:124,0
DA:125,0
DA:128,0
DA:133,0
DA:139,0
DA:141,0
DA:142,0
DA:145,0
DA:151,0
DA:152,0
DA:153,0
DA:154,0
DA:155,0
DA:156,0
DA:157,0
DA:166,0
DA:173,0
DA:174,0
DA:175,0
DA:176,0
DA:185,0
DA:186,0
DA:195,0
DA:200,0
DA:201,0
DA:202,0
DA:203,0
DA:204,0
DA:206,0
DA:207,0
DA:209,0
DA:212,0
DA:213,0
DA:221,0
DA:222,0
DA:230,0
DA:231,0
DA:232,0
DA:241,0
DA:244,0
LF:76
LH:0
BRDA:32,0,0,0
BRDA:33,1,0,0
BRDA:33,1,1,0
BRDA:38,2,0,0
BRDA:38,2,1,0
BRDA:44,3,0,0
BRDA:44,3,1,0
BRDA:48,4,0,0
BRDA:48,4,1,0
BRDA:61,5,0,0
BRDA:62,6,0,0
BRDA:62,6,1,0
BRDA:65,7,0,0
BRDA:66,8,0,0
BRDA:67,9,0,0
BRDA:73,10,0,0
BRDA:73,10,1,0
BRDA:78,11,0,0
BRDA:78,11,1,0
BRDA:83,12,0,0
BRDA:83,12,1,0
BRDA:124,13,0,0
BRDA:124,13,1,0
BRDA:124,14,0,0
BRDA:124,14,1,0
BRDA:124,14,2,0
BRDA:125,15,0,0
BRDA:125,15,1,0
BRDA:133,16,0,0
BRDA:135,17,0,0
BRDA:136,18,0,0
BRDA:137,19,0,0
BRDA:138,20,0,0
BRDA:152,21,0,0
BRDA:152,21,1,0
BRDA:152,22,0,0
BRDA:152,22,1,0
BRDA:154,23,0,0
BRDA:154,23,1,0
BRDA:156,24,0,0
BRDA:156,24,1,0
BRDA:173,25,0,0
BRDA:173,25,1,0
BRDA:174,26,0,0
BRDA:174,26,1,0
BRDA:185,27,0,0
BRDA:185,27,1,0
BRDA:185,28,0,0
BRDA:185,28,1,0
BRDA:201,29,0,0
BRDA:201,29,1,0
BRDA:201,30,0,0
BRDA:201,30,1,0
BRDA:202,31,0,0
BRDA:202,31,1,0
BRDA:203,32,0,0
BRDA:203,32,1,0
BRDA:204,33,0,0
BRDA:204,33,1,0
BRDA:207,34,0,0
BRDA:207,34,1,0
BRDA:212,35,0,0
BRDA:212,35,1,0
BRDA:221,36,0,0
BRDA:221,36,1,0
BRDA:231,37,0,0
BRDA:231,37,1,0
BRF:67
BRH:0
end_of_record
TN:
SF:server\middleware\security\passwordSecurity.js
FN:20,validatePasswordStrength
FN:53,hashPassword
FN:62,verifyPassword
FN:66,generateSecurePassword
FNF:4
FNH:0
FNDA:0,validatePasswordStrength
FNDA:0,hashPassword
FNDA:0,verifyPassword
FNDA:0,generateSecurePassword
DA:6,0
DA:8,0
DA:11,0
DA:21,0
DA:23,0
DA:24,0
DA:27,0
DA:28,0
DA:31,0
DA:32,0
DA:35,0
DA:36,0
DA:39,0
DA:40,0
DA:43,0
DA:44,0
DA:47,0
DA:54,0
DA:55,0
DA:56,0
DA:59,0
DA:63,0
DA:67,0
DA:68,0
DA:70,0
DA:71,0
DA:74,0
DA:77,0
LF:28
LH:0
BRDA:23,0,0,0
BRDA:23,0,1,0
BRDA:27,1,0,0
BRDA:27,1,1,0
BRDA:31,2,0,0
BRDA:31,2,1,0
BRDA:31,3,0,0
BRDA:31,3,1,0
BRDA:35,4,0,0
BRDA:35,4,1,0
BRDA:35,5,0,0
BRDA:35,5,1,0
BRDA:39,6,0,0
BRDA:39,6,1,0
BRDA:39,7,0,0
BRDA:39,7,1,0
BRDA:43,8,0,0
BRDA:43,8,1,0
BRDA:43,9,0,0
BRDA:43,9,1,0
BRDA:55,10,0,0
BRDA:55,10,1,0
BRDA:66,11,0,0
BRF:23
BRH:0
end_of_record
TN:
SF:server\middleware\security\xssProtection.js
FN:16,detectXSS
FN:19,(anonymous_1)
FN:22,sanitizeHTML
FN:34,(anonymous_3)
FN:35,(anonymous_4)
FNF:5
FNH:0
FNDA:0,detectXSS
FNDA:0,(anonymous_1)
FNDA:0,sanitizeHTML
FNDA:0,(anonymous_3)
FNDA:0,(anonymous_4)
DA:6,0
DA:8,0
DA:17,0
DA:19,0
DA:23,0
DA:26,0
DA:34,0
DA:35,0
DA:36,0
DA:37,0
DA:38,0
DA:39,0
DA:41,0
DA:42,0
DA:43,0
DA:48,0
DA:49,0
DA:51,0
DA:54,0
LF:19
LH:0
BRDA:17,0,0,0
BRDA:17,0,1,0
BRDA:23,1,0,0
BRDA:23,1,1,0
BRDA:37,2,0,0
BRDA:37,2,1,0
BRDA:38,3,0,0
BRDA:38,3,1,0
BRDA:42,4,0,0
BRDA:42,4,1,0
BRDA:42,5,0,0
BRDA:42,5,1,0
BRDA:48,6,0,0
BRDA:48,6,1,0
BRDA:49,7,0,0
BRDA:49,7,1,0
BRF:16
BRH:0
end_of_record
TN:
SF:server\middleware\validation\validators.js
FN:6,(anonymous_0)
FN:42,(anonymous_1)
FN:80,(anonymous_2)
FN:119,(anonymous_3)
FN:154,(anonymous_4)
FNF:5
FNH:0
FNDA:0,(anonymous_0)
FNDA:0,(anonymous_1)
FNDA:0,(anonymous_2)
FNDA:0,(anonymous_3)
FNDA:0,(anonymous_4)
DA:6,0
DA:7,0
DA:8,0
DA:11,0
DA:12,0
DA:16,0
DA:17,0
DA:21,0
DA:22,0
DA:26,0
DA:27,0
DA:30,0
DA:31,0
DA:38,0
DA:42,0
DA:43,0
DA:44,0
DA:47,0
DA:48,0
DA:52,0
DA:53,0
DA:55,0
DA:56,0
DA:58,0
DA:59,0
DA:64,0
DA:65,0
DA:68,0
DA:69,0
DA:76,0
DA:80,0
DA:81,0
DA:82,0
DA:85,0
DA:86,0
DA:89,0
DA:90,0
DA:94,0
DA:95,0
DA:99,0
DA:100,0
DA:103,0
DA:104,0
DA:107,0
DA:108,0
DA:115,0
DA:119,0
DA:120,0
DA:121,0
DA:124,0
DA:125,0
DA:129,0
DA:130,0
DA:134,0
DA:135,0
DA:138,0
DA:139,0
DA:142,0
DA:143,0
DA:150,0
DA:154,0
DA:155,0
DA:157,0
DA:158,0
DA:160,0
DA:161,0
DA:162,0
DA:164,0
DA:165,0
DA:166,0
DA:168,0
DA:171,0
LF:72
LH:0
BRDA:11,0,0,0
BRDA:11,0,1,0
BRDA:11,1,0,0
BRDA:11,1,1,0
BRDA:11,1,2,0
BRDA:16,2,0,0
BRDA:16,2,1,0
BRDA:16,3,0,0
BRDA:16,3,1,0
BRDA:21,4,0,0
BRDA:21,4,1,0
BRDA:21,5,0,0
BRDA:21,5,1,0
BRDA:26,6,0,0
BRDA:26,6,1,0
BRDA:26,7,0,0
BRDA:26,7,1,0
BRDA:30,8,0,0
BRDA:30,8,1,0
BRDA:47,9,0,0
BRDA:47,9,1,0
BRDA:47,10,0,0
BRDA:47,10,1,0
BRDA:47,10,2,0
BRDA:52,11,0,0
BRDA:52,11,1,0
BRDA:52,12,0,0
BRDA:52,12,1,0
BRDA:55,13,0,0
BRDA:55,13,1,0
BRDA:55,14,0,0
BRDA:55,14,1,0
BRDA:58,15,0,0
BRDA:58,15,1,0
BRDA:58,16,0,0
BRDA:58,16,1,0
BRDA:64,17,0,0
BRDA:64,17,1,0
BRDA:64,18,0,0
BRDA:64,18,1,0
BRDA:68,19,0,0
BRDA:68,19,1,0
BRDA:85,20,0,0
BRDA:85,20,1,0
BRDA:85,21,0,0
BRDA:85,21,1,0
BRDA:85,21,2,0
BRDA:89,22,0,0
BRDA:89,22,1,0
BRDA:89,23,0,0
BRDA:89,23,1,0
BRDA:89,23,2,0
BRDA:94,24,0,0
BRDA:94,24,1,0
BRDA:94,25,0,0
BRDA:94,25,1,0
BRDA:99,26,0,0
BRDA:99,26,1,0
BRDA:99,27,0,0
BRDA:99,27,1,0
BRDA:99,27,2,0
BRDA:103,28,0,0
BRDA:103,28,1,0
BRDA:103,29,0,0
BRDA:103,29,1,0
BRDA:103,29,2,0
BRDA:107,30,0,0
BRDA:107,30,1,0
BRDA:124,31,0,0
BRDA:124,31,1,0
BRDA:124,32,0,0
BRDA:124,32,1,0
BRDA:124,32,2,0
BRDA:129,33,0,0
BRDA:129,33,1,0
BRDA:129,34,0,0
BRDA:129,34,1,0
BRDA:129,34,2,0
BRDA:134,35,0,0
BRDA:134,35,1,0
BRDA:134,36,0,0
BRDA:134,36,1,0
BRDA:134,36,2,0
BRDA:134,36,3,0
BRDA:138,37,0,0
BRDA:138,37,1,0
BRDA:138,38,0,0
BRDA:138,38,1,0
BRDA:138,38,2,0
BRDA:138,38,3,0
BRDA:142,39,0,0
BRDA:142,39,1,0
BRDA:157,40,0,0
BRDA:157,40,1,0
BRDA:158,41,0,0
BRDA:158,41,1,0
BRDA:160,42,0,0
BRDA:160,42,1,0
BRDA:161,43,0,0
BRDA:161,43,1,0
BRDA:162,44,0,0
BRDA:162,44,1,0
BRF:102
BRH:0
end_of_record
TN:
SF:server\models\AttendanceRecord.js
FN:4,(anonymous_0)
FN:52,(anonymous_1)
FNF:2
FNH:0
FNDA:0,(anonymous_0)
FNDA:0,(anonymous_1)
DA:2,0
DA:4,0
DA:5,0
DA:52,0
DA:53,0
DA:54,0
DA:57,0
LF:7
LH:0
BRF:0
BRH:0
end_of_record
TN:
SF:server\models\Employee.js
FN:4,(anonymous_0)
FN:54,(anonymous_1)
FNF:2
FNH:0
FNDA:0,(anonymous_0)
FNDA:0,(anonymous_1)
DA:2,0
DA:4,0
DA:5,0
DA:54,0
DA:55,0
DA:56,0
DA:57,0
DA:60,0
LF:8
LH:0
BRF:0
BRH:0
end_of_record
TN:
SF:server\models\RevenueRecord.js
FN:4,(anonymous_0)
FN:56,(anonymous_1)
FNF:2
FNH:0
FNDA:0,(anonymous_0)
FNDA:0,(anonymous_1)
DA:2,0
DA:4,0
DA:5,0
DA:56,0
DA:57,0
DA:58,0
DA:61,0
LF:7
LH:0
BRF:0
BRH:0
end_of_record
TN:
SF:server\models\Schedule.js
FNF:0
FNH:0
LF:0
LH:0
BRF:0
BRH:0
end_of_record
TN:
SF:server\models\Store.js
FN:4,(anonymous_0)
FN:40,(anonymous_1)
FNF:2
FNH:0
FNDA:0,(anonymous_0)
FNDA:0,(anonymous_1)
DA:2,0
DA:4,0
DA:5,0
DA:40,0
DA:41,0
DA:42,0
DA:43,0
DA:46,0
LF:8
LH:0
BRF:0
BRH:0
end_of_record
TN:
SF:server\models\index.js
FN:12,(anonymous_0)
FN:16,(anonymous_1)
FN:30,(anonymous_2)
FN:203,(anonymous_3)
FN:283,(anonymous_4)
FN:284,(anonymous_5)
FNF:6
FNH:2
FNDA:3,(anonymous_0)
FNDA:0,(anonymous_1)
FNDA:3,(anonymous_2)
FNDA:0,(anonymous_3)
FNDA:0,(anonymous_4)
FNDA:0,(anonymous_5)
DA:5,3
DA:6,3
DA:8,3
DA:9,3
DA:12,3
DA:13,3
DA:17,0
DA:18,0
DA:30,3
DA:31,3
DA:32,3
DA:34,3
DA:35,3
DA:36,0
DA:38,0
DA:39,0
DA:43,0
DA:44,0
DA:47,0
DA:67,0
DA:79,0
DA:94,0
DA:113,0
DA:126,0
DA:137,0
DA:152,0
DA:167,0
DA:175,0
DA:176,0
DA:178,0
DA:179,0
DA:181,0
DA:182,0
DA:184,0
DA:185,0
DA:187,0
DA:189,0
DA:191,0
DA:192,0
DA:195,0
DA:196,0
DA:199,0
DA:203,3
DA:204,0
DA:206,0
DA:208,0
DA:209,0
DA:211,0
DA:240,0
DA:244,0
DA:245,0
DA:246,0
DA:273,0
DA:276,0
DA:280,3
DA:283,0
DA:284,0
LF:57
LH:13
BRDA:17,0,0,0
BRDA:17,0,1,0
BRDA:31,1,0,3
BRDA:31,1,1,0
BRDA:43,2,0,0
BRDA:43,2,1,0
BRDA:209,3,0,0
BRDA:209,3,1,0
BRDA:245,4,0,0
BRDA:245,4,1,0
BRF:10
BRH:1
end_of_record
TN:
SF:server\routes\api\admin.js
FN:12,(anonymous_0)
FN:22,(anonymous_1)
FN:65,(anonymous_2)
FN:92,(anonymous_3)
FN:136,(anonymous_4)
FN:162,(anonymous_5)
FN:208,(anonymous_6)
FN:230,(anonymous_7)
FN:250,(anonymous_8)
FN:270,(anonymous_9)
FN:276,(anonymous_10)
FNF:11
FNH:0
FNDA:0,(anonymous_0)
FNDA:0,(anonymous_1)
FNDA:0,(anonymous_2)
FNDA:0,(anonymous_3)
FNDA:0,(anonymous_4)
FNDA:0,(anonymous_5)
FNDA:0,(anonymous_6)
FNDA:0,(anonymous_7)
FNDA:0,(anonymous_8)
FNDA:0,(anonymous_9)
FNDA:0,(anonymous_10)
DA:1,3
DA:2,3
DA:3,3
DA:4,3
DA:5,3
DA:6,3
DA:8,3
DA:9,3
DA:12,3
DA:13,0
DA:14,0
DA:16,0
DA:22,3
DA:23,0
DA:24,0
DA:26,0
DA:27,0
DA:30,0
DA:31,0
DA:32,0
DA:33,0
DA:35,0
DA:46,0
DA:57,0
DA:58,0
DA:65,3
DA:66,0
DA:67,0
DA:68,0
DA:70,0
DA:77,0
DA:78,0
DA:81,0
DA:84,0
DA:85,0
DA:92,3
DA:93,0
DA:94,0
DA:95,0
DA:96,0
DA:98,0
DA:99,0
DA:100,0
DA:104,0
DA:105,0
DA:108,0
DA:109,0
DA:113,0
DA:116,0
DA:123,0
DA:125,0
DA:128,0
DA:129,0
DA:136,3
DA:137,0
DA:138,0
DA:139,0
DA:141,0
DA:142,0
DA:143,0
DA:147,0
DA:149,0
DA:151,0
DA:154,0
DA:155,0
DA:162,3
DA:163,0
DA:164,0
DA:165,0
DA:166,0
DA:168,0
DA:169,0
DA:170,0
DA:173,0
DA:174,0
DA:177,0
DA:178,0
DA:185,0
DA:190,0
DA:191,0
DA:193,0
DA:195,0
DA:196,0
DA:200,0
DA:201,0
DA:208,3
DA:209,0
DA:210,0
DA:212,0
DA:219,0
DA:222,0
DA:223,0
DA:230,3
DA:231,0
DA:232,0
DA:234,0
DA:235,0
DA:236,0
DA:237,0
DA:240,0
DA:250,0
DA:256,0
DA:265,0
DA:266,0
DA:270,3
DA:271,0
DA:276,3
DA:277,0
DA:278,0
DA:279,0
DA:285,0
DA:286,0
DA:294,3
LF:113
LH:19
BRDA:13,0,0,0
BRDA:13,0,1,0
BRDA:26,1,0,0
BRDA:26,2,0,0
BRDA:31,3,0,0
BRDA:31,3,1,0
BRDA:32,4,0,0
BRDA:32,4,1,0
BRDA:33,5,0,0
BRDA:33,5,1,0
BRDA:77,6,0,0
BRDA:77,6,1,0
BRDA:99,7,0,0
BRDA:99,7,1,0
BRDA:104,8,0,0
BRDA:104,8,1,0
BRDA:104,9,0,0
BRDA:104,9,1,0
BRDA:108,10,0,0
BRDA:108,10,1,0
BRDA:142,11,0,0
BRDA:142,11,1,0
BRDA:166,12,0,0
BRDA:166,13,0,0
BRDA:169,14,0,0
BRDA:169,14,1,0
BRDA:173,15,0,0
BRDA:173,15,1,0
BRDA:177,16,0,0
BRDA:177,16,1,0
BRDA:253,17,0,0
BRDA:253,17,1,0
BRF:32
BRH:0
end_of_record
TN:
SF:server\routes\api\alerts.js
FN:16,(anonymous_0)
FN:24,(anonymous_1)
FN:29,(anonymous_2)
FN:33,(anonymous_3)
FN:66,(anonymous_4)
FN:92,(anonymous_5)
FN:117,(anonymous_6)
FN:151,(anonymous_7)
FN:205,(anonymous_8)
FN:207,(anonymous_9)
FN:239,(anonymous_10)
FN:292,(anonymous_11)
FN:325,(anonymous_12)
FN:370,(anonymous_13)
FN:371,(anonymous_14)
FN:389,(anonymous_15)
FN:413,(anonymous_16)
FN:424,(anonymous_17)
FN:424,(anonymous_18)
FNF:19
FNH:0
FNDA:0,(anonymous_0)
FNDA:0,(anonymous_1)
FNDA:0,(anonymous_2)
FNDA:0,(anonymous_3)
FNDA:0,(anonymous_4)
FNDA:0,(anonymous_5)
FNDA:0,(anonymous_6)
FNDA:0,(anonymous_7)
FNDA:0,(anonymous_8)
FNDA:0,(anonymous_9)
FNDA:0,(anonymous_10)
FNDA:0,(anonymous_11)
FNDA:0,(anonymous_12)
FNDA:0,(anonymous_13)
FNDA:0,(anonymous_14)
FNDA:0,(anonymous_15)
FNDA:0,(anonymous_16)
FNDA:0,(anonymous_17)
FNDA:0,(anonymous_18)
DA:6,0
DA:7,0
DA:8,0
DA:9,0
DA:16,0
DA:17,0
DA:18,0
DA:20,0
DA:23,0
DA:24,0
DA:28,0
DA:29,0
DA:33,0
DA:36,0
DA:37,0
DA:39,0
DA:52,0
DA:66,0
DA:67,0
DA:68,0
DA:70,0
DA:78,0
DA:92,0
DA:93,0
DA:94,0
DA:96,0
DA:103,0
DA:117,0
DA:118,0
DA:119,0
DA:120,0
DA:122,0
DA:124,0
DA:125,0
DA:130,0
DA:137,0
DA:151,0
DA:152,0
DA:153,0
DA:156,0
DA:157,0
DA:165,0
DA:166,0
DA:173,0
DA:181,0
DA:183,0
DA:191,0
DA:205,0
DA:206,0
DA:207,0
DA:217,0
DA:225,0
DA:239,0
DA:240,0
DA:241,0
DA:242,0
DA:244,0
DA:245,0
DA:246,0
DA:254,0
DA:255,0
DA:256,0
DA:257,0
DA:258,0
DA:260,0
DA:261,0
DA:262,0
DA:268,0
DA:271,0
DA:273,0
DA:278,0
DA:292,0
DA:293,0
DA:294,0
DA:296,0
DA:298,0
DA:299,0
DA:304,0
DA:311,0
DA:325,0
DA:326,0
DA:327,0
DA:329,0
DA:330,0
DA:337,0
DA:338,0
DA:339,0
DA:346,0
DA:357,0
DA:358,0
DA:360,0
DA:363,0
DA:365,0
DA:370,0
DA:371,0
DA:375,0
DA:389,0
DA:390,0
DA:391,0
DA:393,0
DA:394,0
DA:401,0
DA:403,0
DA:404,0
DA:410,0
DA:412,0
DA:413,0
DA:423,0
DA:424,0
DA:427,0
DA:428,0
DA:429,0
DA:431,0
DA:438,0
DA:447,0
LF:115
LH:0
BRDA:18,0,0,0
BRDA:18,1,0,0
BRDA:23,2,0,0
BRDA:23,2,1,0
BRDA:28,3,0,0
BRDA:28,3,1,0
BRDA:124,4,0,0
BRDA:124,4,1,0
BRDA:156,5,0,0
BRDA:156,5,1,0
BRDA:156,6,0,0
BRDA:156,6,1,0
BRDA:156,6,2,0
BRDA:156,6,3,0
BRDA:165,7,0,0
BRDA:165,7,1,0
BRDA:165,8,0,0
BRDA:165,8,1,0
BRDA:177,9,0,0
BRDA:177,9,1,0
BRDA:178,10,0,0
BRDA:178,10,1,0
BRDA:245,11,0,0
BRDA:245,11,1,0
BRDA:254,12,0,0
BRDA:254,12,1,0
BRDA:255,13,0,0
BRDA:255,13,1,0
BRDA:256,14,0,0
BRDA:256,14,1,0
BRDA:257,15,0,0
BRDA:257,15,1,0
BRDA:258,16,0,0
BRDA:258,16,1,0
BRDA:260,17,0,0
BRDA:260,17,1,0
BRDA:261,18,0,0
BRDA:261,18,1,0
BRDA:261,19,0,0
BRDA:261,19,1,0
BRDA:298,20,0,0
BRDA:298,20,1,0
BRDA:329,21,0,0
BRDA:329,21,1,0
BRDA:338,22,0,0
BRDA:338,22,1,0
BRDA:346,23,0,0
BRDA:346,23,1,0
BRDA:391,24,0,0
BRDA:393,25,0,0
BRDA:393,25,1,0
BRDA:393,26,0,0
BRDA:393,26,1,0
BRDA:403,27,0,0
BRDA:403,27,1,0
BRDA:410,28,0,0
BRDA:410,28,1,0
BRF:57
BRH:0
end_of_record
TN:
SF:server\routes\api\attendance.js
FN:17,(anonymous_0)
FN:31,calculateDistance
FN:50,generateDeviceFingerprint
FN:69,isWithinBusinessHours
FN:70,(anonymous_4)
FN:89,(anonymous_5)
FN:122,(anonymous_6)
FN:257,(anonymous_7)
FN:307,(anonymous_8)
FN:331,(anonymous_9)
FN:332,(anonymous_10)
FN:347,(anonymous_11)
FN:399,(anonymous_12)
FN:410,(anonymous_13)
FN:430,(anonymous_14)
FNF:15
FNH:0
FNDA:0,(anonymous_0)
FNDA:0,calculateDistance
FNDA:0,generateDeviceFingerprint
FNDA:0,isWithinBusinessHours
FNDA:0,(anonymous_4)
FNDA:0,(anonymous_5)
FNDA:0,(anonymous_6)
FNDA:0,(anonymous_7)
FNDA:0,(anonymous_8)
FNDA:0,(anonymous_9)
FNDA:0,(anonymous_10)
FNDA:0,(anonymous_11)
FNDA:0,(anonymous_12)
FNDA:0,(anonymous_13)
FNDA:0,(anonymous_14)
DA:5,3
DA:6,3
DA:7,3
DA:8,3
DA:9,3
DA:10,3
DA:11,3
DA:13,3
DA:14,3
DA:17,3
DA:18,0
DA:19,0
DA:21,0
DA:32,0
DA:33,0
DA:34,0
DA:35,0
DA:36,0
DA:38,0
DA:41,0
DA:43,0
DA:51,0
DA:52,0
DA:53,0
DA:54,0
DA:56,0
DA:61,0
DA:70,0
DA:71,0
DA:72,0
DA:73,0
DA:76,0
DA:79,0
DA:80,0
DA:83,0
DA:89,3
DA:90,0
DA:91,0
DA:93,0
DA:100,0
DA:101,0
DA:104,0
DA:114,0
DA:115,0
DA:122,3
DA:123,0
DA:124,0
DA:125,0
DA:128,0
DA:129,0
DA:132,0
DA:133,0
DA:137,0
DA:144,0
DA:145,0
DA:148,0
DA:149,0
DA:152,0
DA:160,0
DA:163,0
DA:166,0
DA:169,0
DA:170,0
DA:171,0
DA:172,0
DA:174,0
DA:184,0
DA:185,0
DA:189,0
DA:190,0
DA:191,0
DA:192,0
DA:194,0
DA:195,0
DA:196,0
DA:198,0
DA:203,0
DA:217,0
DA:223,0
DA:228,0
DA:234,0
DA:249,0
DA:250,0
DA:257,3
DA:258,0
DA:259,0
DA:261,0
DA:262,0
DA:265,0
DA:267,0
DA:268,0
DA:273,0
DA:274,0
DA:277,0
DA:288,0
DA:299,0
DA:300,0
DA:307,3
DA:308,0
DA:309,0
DA:311,0
DA:312,0
DA:313,0
DA:314,0
DA:316,0
DA:330,0
DA:331,0
DA:332,0
DA:336,0
DA:339,0
DA:340,0
DA:347,3
DA:348,0
DA:349,0
DA:351,0
DA:352,0
DA:354,0
DA:355,0
DA:356,0
DA:357,0
DA:359,0
DA:360,0
DA:365,0
DA:382,0
DA:393,0
DA:394,0
DA:399,3
DA:400,0
DA:410,3
DA:411,0
DA:412,0
DA:413,0
DA:419,0
DA:420,0
DA:430,3
DA:431,0
DA:432,0
DA:433,0
DA:439,0
DA:440,0
DA:448,3
LF:141
LH:19
BRDA:18,0,0,0
BRDA:18,0,1,0
BRDA:51,1,0,0
BRDA:51,1,1,0
BRDA:52,2,0,0
BRDA:52,2,1,0
BRDA:53,3,0,0
BRDA:53,3,1,0
BRDA:54,4,0,0
BRDA:54,4,1,0
BRDA:69,5,0,0
BRDA:79,6,0,0
BRDA:79,6,1,0
BRDA:80,7,0,0
BRDA:80,7,1,0
BRDA:83,8,0,0
BRDA:83,8,1,0
BRDA:100,9,0,0
BRDA:100,9,1,0
BRDA:100,10,0,0
BRDA:100,10,1,0
BRDA:128,11,0,0
BRDA:128,11,1,0
BRDA:128,12,0,0
BRDA:128,12,1,0
BRDA:132,13,0,0
BRDA:132,13,1,0
BRDA:144,14,0,0
BRDA:144,14,1,0
BRDA:144,15,0,0
BRDA:144,15,1,0
BRDA:184,16,0,0
BRDA:184,16,1,0
BRDA:190,17,0,0
BRDA:190,17,1,0
BRDA:192,18,0,0
BRDA:192,18,1,0
BRDA:192,19,0,0
BRDA:192,19,1,0
BRDA:195,20,0,0
BRDA:195,20,1,0
BRDA:213,21,0,0
BRDA:213,21,1,0
BRDA:261,22,0,0
BRDA:261,23,0,0
BRDA:267,24,0,0
BRDA:267,24,1,0
BRDA:267,25,0,0
BRDA:267,25,1,0
BRDA:273,26,0,0
BRDA:273,26,1,0
BRDA:351,27,0,0
BRDA:351,28,0,0
BRDA:355,29,0,0
BRDA:355,29,1,0
BRDA:356,30,0,0
BRDA:356,30,1,0
BRDA:357,31,0,0
BRDA:357,31,1,0
BRDA:359,32,0,0
BRDA:359,32,1,0
BRDA:359,33,0,0
BRDA:359,33,1,0
BRDA:403,34,0,0
BRDA:403,34,1,0
BRF:65
BRH:0
end_of_record
TN:
SF:server\routes\api\auth-production.js
FN:20,(anonymous_0)
FN:127,(anonymous_1)
FN:168,(anonymous_2)
FN:202,(anonymous_3)
FN:272,(anonymous_4)
FN:314,(anonymous_5)
FN:361,authenticateToken
FN:404,findEmployeeByCredentials
FN:424,findEmployeeById
FN:437,updateEmployeePassword
FNF:10
FNH:0
FNDA:0,(anonymous_0)
FNDA:0,(anonymous_1)
FNDA:0,(anonymous_2)
FNDA:0,(anonymous_3)
FNDA:0,(anonymous_4)
FNDA:0,(anonymous_5)
FNDA:0,authenticateToken
FNDA:0,findEmployeeByCredentials
FNDA:0,findEmployeeById
FNDA:0,updateEmployeePassword
DA:6,0
DA:7,0
DA:8,0
DA:9,0
DA:10,0
DA:17,0
DA:21,0
DA:22,0
DA:23,0
DA:26,0
DA:27,0
DA:35,0
DA:36,0
DA:45,0
DA:47,0
DA:49,0
DA:51,0
DA:60,0
DA:61,0
DA:69,0
DA:72,0
DA:75,0
DA:78,0
DA:79,0
DA:82,0
DA:83,0
DA:91,0
DA:112,0
DA:113,0
DA:127,0
DA:128,0
DA:129,0
DA:131,0
DA:132,0
DA:139,0
DA:141,0
DA:150,0
DA:153,0
DA:155,0
DA:168,0
DA:169,0
DA:170,0
DA:171,0
DA:174,0
DA:177,0
DA:179,0
DA:185,0
DA:186,0
DA:199,0
DA:203,0
DA:204,0
DA:205,0
DA:208,0
DA:209,0
DA:210,0
DA:217,0
DA:218,0
DA:219,0
DA:227,0
DA:228,0
DA:229,0
DA:237,0
DA:240,0
DA:243,0
DA:246,0
DA:251,0
DA:257,0
DA:258,0
DA:272,0
DA:273,0
DA:274,0
DA:275,0
DA:278,0
DA:279,0
DA:280,0
DA:291,0
DA:300,0
DA:301,0
DA:314,0
DA:315,0
DA:316,0
DA:317,0
DA:319,0
DA:321,0
DA:322,0
DA:330,0
DA:331,0
DA:339,0
DA:341,0
DA:343,0
DA:349,0
DA:350,0
DA:362,0
DA:363,0
DA:365,0
DA:366,0
DA:373,0
DA:374,0
DA:377,0
DA:378,0
DA:379,0
DA:387,0
DA:389,0
DA:390,0
DA:393,0
DA:395,0
DA:406,0
DA:416,0
DA:417,0
DA:418,0
DA:421,0
DA:426,0
DA:439,0
DA:440,0
DA:443,0
LF:115
LH:0
BRDA:26,0,0,0
BRDA:26,0,1,0
BRDA:26,1,0,0
BRDA:26,1,1,0
BRDA:35,2,0,0
BRDA:35,2,1,0
BRDA:47,3,0,0
BRDA:47,3,1,0
BRDA:60,4,0,0
BRDA:60,4,1,0
BRDA:82,5,0,0
BRDA:82,5,1,0
BRDA:129,6,0,0
BRDA:129,6,1,0
BRDA:131,7,0,0
BRDA:131,7,1,0
BRDA:171,8,0,0
BRDA:171,8,1,0
BRDA:209,9,0,0
BRDA:209,9,1,0
BRDA:218,10,0,0
BRDA:218,10,1,0
BRDA:228,11,0,0
BRDA:228,11,1,0
BRDA:279,12,0,0
BRDA:279,12,1,0
BRDA:321,13,0,0
BRDA:321,13,1,0
BRDA:321,14,0,0
BRDA:321,14,1,0
BRDA:330,15,0,0
BRDA:330,15,1,0
BRDA:363,16,0,0
BRDA:363,16,1,0
BRDA:365,17,0,0
BRDA:365,17,1,0
BRDA:378,18,0,0
BRDA:378,18,1,0
BRDA:416,19,0,0
BRDA:416,19,1,0
BRDA:418,20,0,0
BRDA:418,20,1,0
BRF:42
BRH:0
end_of_record
TN:
SF:server\routes\api\auth.js
FN:17,(anonymous_0)
FN:27,(anonymous_1)
FN:89,(anonymous_2)
FN:158,(anonymous_3)
FN:199,(anonymous_4)
FN:238,(anonymous_5)
FN:248,(anonymous_6)
FN:268,(anonymous_7)
FN:288,(anonymous_8)
FNF:9
FNH:0
FNDA:0,(anonymous_0)
FNDA:0,(anonymous_1)
FNDA:0,(anonymous_2)
FNDA:0,(anonymous_3)
FNDA:0,(anonymous_4)
FNDA:0,(anonymous_5)
FNDA:0,(anonymous_6)
FNDA:0,(anonymous_7)
FNDA:0,(anonymous_8)
DA:5,3
DA:6,3
DA:7,3
DA:8,3
DA:9,3
DA:10,3
DA:11,3
DA:13,3
DA:14,3
DA:17,3
DA:18,0
DA:19,0
DA:21,0
DA:27,3
DA:28,0
DA:29,0
DA:30,0
DA:33,0
DA:34,0
DA:38,0
DA:46,0
DA:47,0
DA:50,0
DA:51,0
DA:55,0
DA:67,0
DA:69,0
DA:81,0
DA:82,0
DA:89,3
DA:90,0
DA:91,0
DA:97,0
DA:100,0
DA:106,0
DA:107,0
DA:108,0
DA:113,0
DA:117,0
DA:118,0
DA:122,0
DA:140,0
DA:142,0
DA:144,0
DA:150,0
DA:151,0
DA:158,3
DA:159,0
DA:160,0
DA:162,0
DA:163,0
DA:166,0
DA:168,0
DA:169,0
DA:176,0
DA:177,0
DA:180,0
DA:191,0
DA:192,0
DA:199,3
DA:200,0
DA:201,0
DA:203,0
DA:204,0
DA:207,0
DA:209,0
DA:210,0
DA:217,0
DA:218,0
DA:221,0
DA:232,0
DA:233,0
DA:238,3
DA:239,0
DA:248,3
DA:249,0
DA:250,0
DA:251,0
DA:257,0
DA:258,0
DA:268,3
DA:269,0
DA:270,0
DA:271,0
DA:277,0
DA:278,0
DA:288,3
DA:289,0
DA:290,0
DA:291,0
DA:297,0
DA:298,0
DA:306,3
LF:93
LH:19
BRDA:18,0,0,0
BRDA:18,0,1,0
BRDA:33,1,0,0
BRDA:33,1,1,0
BRDA:33,2,0,0
BRDA:33,2,1,0
BRDA:46,3,0,0
BRDA:46,3,1,0
BRDA:50,4,0,0
BRDA:50,4,1,0
BRDA:62,5,0,0
BRDA:62,5,1,0
BRDA:107,6,0,0
BRDA:107,6,1,0
BRDA:117,7,0,0
BRDA:117,7,1,0
BRDA:127,8,0,0
BRDA:127,8,1,0
BRDA:162,9,0,0
BRDA:162,9,1,0
BRDA:166,10,0,0
BRDA:166,10,1,0
BRDA:176,11,0,0
BRDA:176,11,1,0
BRDA:176,12,0,0
BRDA:176,12,1,0
BRDA:203,13,0,0
BRDA:203,13,1,0
BRDA:207,14,0,0
BRDA:207,14,1,0
BRDA:217,15,0,0
BRDA:217,15,1,0
BRF:32
BRH:0
end_of_record
TN:
SF:server\routes\api\maintenance.js
FN:4,(anonymous_0)
FNF:1
FNH:0
FNDA:0,(anonymous_0)
DA:1,3
DA:2,3
DA:4,3
DA:5,0
DA:8,3
LF:5
LH:4
BRF:0
BRH:0
end_of_record
TN:
SF:server\routes\api\monitoring.js
FN:56,(anonymous_0)
FN:87,(anonymous_1)
FN:101,(anonymous_2)
FN:115,(anonymous_3)
FN:117,(anonymous_4)
FN:126,(anonymous_5)
FN:130,(anonymous_6)
FN:134,(anonymous_7)
FN:139,(anonymous_8)
FN:140,(anonymous_9)
FNF:10
FNH:0
FNDA:0,(anonymous_0)
FNDA:0,(anonymous_1)
FNDA:0,(anonymous_2)
FNDA:0,(anonymous_3)
FNDA:0,(anonymous_4)
FNDA:0,(anonymous_5)
FNDA:0,(anonymous_6)
FNDA:0,(anonymous_7)
FNDA:0,(anonymous_8)
FNDA:0,(anonymous_9)
DA:6,0
DA:7,0
DA:8,0
DA:14,0
DA:21,0
DA:28,0
DA:35,0
DA:42,0
DA:49,0
DA:56,0
DA:57,0
DA:58,0
DA:59,0
DA:62,0
DA:74,0
DA:87,0
DA:88,0
DA:89,0
DA:90,0
DA:92,0
DA:93,0
DA:96,0
DA:97,0
DA:98,0
DA:100,0
DA:101,0
DA:104,0
DA:115,0
DA:117,0
DA:126,0
DA:130,0
DA:134,0
DA:139,0
DA:140,0
DA:147,0
DA:153,0
DA:161,0
LF:37
LH:0
BRDA:90,0,0,0
BRDA:90,0,1,0
BRDA:116,1,0,0
BRDA:116,1,1,0
BRF:4
BRH:0
end_of_record
TN:
SF:server\routes\api\orders.js
FN:4,(anonymous_0)
FNF:1
FNH:0
FNDA:0,(anonymous_0)
DA:1,3
DA:2,3
DA:4,3
DA:5,0
DA:8,3
LF:5
LH:4
BRF:0
BRH:0
end_of_record
TN:
SF:server\routes\api\promotion.js
FN:4,(anonymous_0)
FNF:1
FNH:0
FNDA:0,(anonymous_0)
DA:1,3
DA:2,3
DA:4,3
DA:5,0
DA:8,3
LF:5
LH:4
BRF:0
BRH:0
end_of_record
TN:
SF:server\routes\api\revenue.js
FN:15,(anonymous_0)
FN:25,(anonymous_1)
FN:57,(anonymous_2)
FN:72,(anonymous_3)
FN:82,(anonymous_4)
FN:134,(anonymous_5)
FN:192,(anonymous_6)
FN:221,(anonymous_7)
FN:227,(anonymous_8)
FNF:9
FNH:0
FNDA:0,(anonymous_0)
FNDA:0,(anonymous_1)
FNDA:0,(anonymous_2)
FNDA:0,(anonymous_3)
FNDA:0,(anonymous_4)
FNDA:0,(anonymous_5)
FNDA:0,(anonymous_6)
FNDA:0,(anonymous_7)
FNDA:0,(anonymous_8)
DA:5,3
DA:6,3
DA:7,3
DA:8,3
DA:9,3
DA:11,3
DA:12,3
DA:15,3
DA:16,0
DA:17,0
DA:19,0
DA:25,3
DA:26,0
DA:27,0
DA:29,0
DA:33,0
DA:37,0
DA:49,0
DA:50,0
DA:57,3
DA:58,0
DA:59,0
DA:60,0
DA:62,0
DA:63,0
DA:67,0
DA:68,0
DA:71,0
DA:72,0
DA:73,0
DA:74,0
DA:75,0
DA:76,0
DA:81,0
DA:82,0
DA:83,0
DA:87,0
DA:90,0
DA:91,0
DA:92,0
DA:93,0
DA:94,0
DA:98,0
DA:114,0
DA:116,0
DA:126,0
DA:127,0
DA:134,3
DA:135,0
DA:136,0
DA:138,0
DA:139,0
DA:141,0
DA:144,0
DA:145,0
DA:147,0
DA:150,0
DA:151,0
DA:156,0
DA:173,0
DA:184,0
DA:185,0
DA:192,3
DA:193,0
DA:194,0
DA:195,0
DA:197,0
DA:198,0
DA:199,0
DA:203,0
DA:206,0
DA:209,0
DA:211,0
DA:213,0
DA:216,0
DA:217,0
DA:221,3
DA:222,0
DA:227,3
DA:228,0
DA:229,0
DA:230,0
DA:236,0
DA:237,0
DA:245,3
LF:85
LH:15
BRDA:16,0,0,0
BRDA:16,0,1,0
BRDA:38,1,0,0
BRDA:38,1,1,0
BRDA:39,2,0,0
BRDA:39,2,1,0
BRDA:62,3,0,0
BRDA:62,3,1,0
BRDA:62,4,0,0
BRDA:62,4,1,0
BRDA:62,4,2,0
BRDA:71,5,0,0
BRDA:71,5,1,0
BRDA:71,6,0,0
BRDA:71,6,1,0
BRDA:73,7,0,0
BRDA:73,7,1,0
BRDA:74,8,0,0
BRDA:74,8,1,0
BRDA:81,9,0,0
BRDA:81,9,1,0
BRDA:81,10,0,0
BRDA:81,10,1,0
BRDA:83,11,0,0
BRDA:83,11,1,0
BRDA:91,12,0,0
BRDA:91,12,1,0
BRDA:92,13,0,0
BRDA:92,13,1,0
BRDA:93,14,0,0
BRDA:93,14,1,0
BRDA:94,15,0,0
BRDA:94,15,1,0
BRDA:103,16,0,0
BRDA:103,16,1,0
BRDA:104,17,0,0
BRDA:104,17,1,0
BRDA:105,18,0,0
BRDA:105,18,1,0
BRDA:110,19,0,0
BRDA:110,19,1,0
BRDA:111,20,0,0
BRDA:111,20,1,0
BRDA:138,21,0,0
BRDA:138,22,0,0
BRDA:144,23,0,0
BRDA:144,23,1,0
BRDA:144,24,0,0
BRDA:144,24,1,0
BRDA:145,25,0,0
BRDA:145,25,1,0
BRDA:150,26,0,0
BRDA:150,26,1,0
BRDA:150,27,0,0
BRDA:150,27,1,0
BRDA:198,28,0,0
BRDA:198,28,1,0
BRDA:203,29,0,0
BRDA:203,29,1,0
BRDA:203,30,0,0
BRDA:203,30,1,0
BRDA:203,30,2,0
BRF:62
BRH:0
end_of_record
TN:
SF:server\routes\api\schedule.js
FN:4,(anonymous_0)
FN:10,(anonymous_1)
FNF:2
FNH:0
FNDA:0,(anonymous_0)
FNDA:0,(anonymous_1)
DA:1,3
DA:2,3
DA:4,3
DA:5,0
DA:10,3
DA:11,0
DA:12,0
DA:13,0
DA:19,0
DA:20,0
DA:28,3
LF:11
LH:5
BRF:0
BRH:0
end_of_record
TN:
SF:server\services\alertService.js
FN:11,(anonymous_0)
FN:30,(anonymous_1)
FN:34,(anonymous_2)
FN:43,(anonymous_3)
FN:52,(anonymous_4)
FN:61,(anonymous_5)
FN:70,(anonymous_6)
FN:79,(anonymous_7)
FN:88,(anonymous_8)
FN:100,(anonymous_9)
FN:128,(anonymous_10)
FN:140,(anonymous_11)
FN:189,(anonymous_12)
FN:199,(anonymous_13)
FN:218,(anonymous_14)
FN:234,(anonymous_15)
FN:286,(anonymous_16)
FN:295,(anonymous_17)
FN:309,(anonymous_18)
FN:310,(anonymous_19)
FN:325,(anonymous_20)
FN:326,(anonymous_21)
FN:332,(anonymous_22)
FN:337,(anonymous_23)
FN:338,(anonymous_24)
FN:347,(anonymous_25)
FN:363,(anonymous_26)
FN:371,(anonymous_27)
FN:373,(anonymous_28)
FN:384,(anonymous_29)
FN:394,(anonymous_30)
FN:412,(anonymous_31)
FN:416,(anonymous_32)
FN:422,(anonymous_33)
FN:430,(anonymous_34)
FN:434,(anonymous_35)
FN:452,(anonymous_36)
FN:466,(anonymous_37)
FN:476,(anonymous_38)
FN:477,(anonymous_39)
FNF:40
FNH:0
FNDA:0,(anonymous_0)
FNDA:0,(anonymous_1)
FNDA:0,(anonymous_2)
FNDA:0,(anonymous_3)
FNDA:0,(anonymous_4)
FNDA:0,(anonymous_5)
FNDA:0,(anonymous_6)
FNDA:0,(anonymous_7)
FNDA:0,(anonymous_8)
FNDA:0,(anonymous_9)
FNDA:0,(anonymous_10)
FNDA:0,(anonymous_11)
FNDA:0,(anonymous_12)
FNDA:0,(anonymous_13)
FNDA:0,(anonymous_14)
FNDA:0,(anonymous_15)
FNDA:0,(anonymous_16)
FNDA:0,(anonymous_17)
FNDA:0,(anonymous_18)
FNDA:0,(anonymous_19)
FNDA:0,(anonymous_20)
FNDA:0,(anonymous_21)
FNDA:0,(anonymous_22)
FNDA:0,(anonymous_23)
FNDA:0,(anonymous_24)
FNDA:0,(anonymous_25)
FNDA:0,(anonymous_26)
FNDA:0,(anonymous_27)
FNDA:0,(anonymous_28)
FNDA:0,(anonymous_29)
FNDA:0,(anonymous_30)
FNDA:0,(anonymous_31)
FNDA:0,(anonymous_32)
FNDA:0,(anonymous_33)
FNDA:0,(anonymous_34)
FNDA:0,(anonymous_35)
FNDA:0,(anonymous_36)
FNDA:0,(anonymous_37)
FNDA:0,(anonymous_38)
FNDA:0,(anonymous_39)
DA:6,0
DA:7,0
DA:8,0
DA:12,0
DA:13,0
DA:14,0
DA:15,0
DA:18,0
DA:21,0
DA:24,0
DA:32,0
DA:34,0
DA:41,0
DA:43,0
DA:50,0
DA:52,0
DA:59,0
DA:61,0
DA:68,0
DA:70,0
DA:77,0
DA:79,0
DA:86,0
DA:88,0
DA:94,0
DA:102,0
DA:109,0
DA:116,0
DA:122,0
DA:129,0
DA:141,0
DA:142,0
DA:144,0
DA:145,0
DA:148,0
DA:150,0
DA:152,0
DA:153,0
DA:164,0
DA:165,0
DA:168,0
DA:171,0
DA:173,0
DA:176,0
DA:181,0
DA:183,0
DA:190,0
DA:193,0
DA:195,0
DA:196,0
DA:197,0
DA:198,0
DA:200,0
DA:206,0
DA:209,0
DA:219,0
DA:221,0
DA:223,0
DA:225,0
DA:227,0
DA:235,0
DA:236,0
DA:239,0
DA:246,0
DA:264,0
DA:276,0
DA:277,0
DA:280,0
DA:289,0
DA:296,0
DA:303,0
DA:310,0
DA:311,0
DA:312,0
DA:313,0
DA:314,0
DA:316,0
DA:317,0
DA:319,0
DA:326,0
DA:333,0
DA:334,0
DA:335,0
DA:337,0
DA:338,0
DA:340,0
DA:347,0
DA:348,0
DA:351,0
DA:363,0
DA:373,0
DA:374,0
DA:376,0
DA:377,0
DA:379,0
DA:384,0
DA:385,0
DA:388,0
DA:395,0
DA:397,0
DA:413,0
DA:416,0
DA:417,0
DA:421,0
DA:422,0
DA:423,0
DA:431,0
DA:432,0
DA:434,0
DA:435,0
DA:438,0
DA:452,0
DA:453,0
DA:456,0
DA:460,0
DA:468,0
DA:473,0
DA:476,0
DA:477,0
DA:479,0
LF:120
LH:0
BRDA:104,0,0,0
BRDA:104,0,1,0
BRDA:111,1,0,0
BRDA:111,1,1,0
BRDA:145,2,0,0
BRDA:145,2,1,0
BRDA:148,3,0,0
BRDA:148,3,1,0
BRDA:152,4,0,0
BRDA:152,4,1,0
BRDA:197,5,0,0
BRDA:197,5,1,0
BRDA:197,6,0,0
BRDA:197,6,1,0
BRDA:219,7,0,0
BRDA:219,7,1,0
BRDA:219,7,2,0
BRDA:219,7,3,0
BRDA:235,8,0,0
BRDA:235,8,1,0
BRDA:235,9,0,0
BRDA:235,9,1,0
BRDA:246,10,0,0
BRDA:246,10,1,0
BRDA:254,11,0,0
BRDA:254,11,1,0
BRDA:255,12,0,0
BRDA:255,12,1,0
BRDA:256,13,0,0
BRDA:256,13,1,0
BRDA:257,14,0,0
BRDA:257,14,1,0
BRDA:259,15,0,0
BRDA:259,15,1,0
BRDA:260,16,0,0
BRDA:260,16,1,0
BRDA:276,17,0,0
BRDA:276,17,1,0
BRDA:296,18,0,0
BRDA:296,18,1,0
BRDA:309,19,0,0
BRDA:311,20,0,0
BRDA:311,20,1,0
BRDA:311,21,0,0
BRDA:311,21,1,0
BRDA:348,22,0,0
BRDA:348,22,1,0
BRDA:417,23,0,0
BRDA:417,23,1,0
BRDA:435,24,0,0
BRDA:435,24,1,0
BRDA:454,25,0,0
BRDA:454,25,1,0
BRDA:457,26,0,0
BRDA:457,26,1,0
BRF:55
BRH:0
end_of_record
TN:
SF:server\services\backupService.js
FN:8,(anonymous_0)
FNF:1
FNH:0
FNDA:0,(anonymous_0)
DA:5,0
DA:9,0
DA:11,0
DA:15,0
LF:4
LH:0
BRF:0
BRH:0
end_of_record
TN:
SF:server\services\cleanupService.js
FN:8,(anonymous_0)
FNF:1
FNH:0
FNDA:0,(anonymous_0)
DA:5,0
DA:9,0
DA:11,0
DA:15,0
LF:4
LH:0
BRF:0
BRH:0
end_of_record
TN:
SF:server\services\healthService.js
FN:8,(anonymous_0)
FNF:1
FNH:0
FNDA:0,(anonymous_0)
DA:5,0
DA:10,0
DA:17,0
DA:21,0
LF:4
LH:0
BRF:0
BRH:0
end_of_record
TN:
SF:server\services\monitoringService.js
FN:12,(anonymous_0)
FN:38,(anonymous_1)
FN:42,(anonymous_2)
FN:47,(anonymous_3)
FN:52,(anonymous_4)
FN:60,(anonymous_5)
FN:76,(anonymous_6)
FN:109,(anonymous_7)
FN:114,(anonymous_8)
FN:128,(anonymous_9)
FN:145,(anonymous_10)
FN:172,(anonymous_11)
FN:194,(anonymous_12)
FN:201,(anonymous_13)
FN:202,(anonymous_14)
FN:205,(anonymous_15)
FN:213,(anonymous_16)
FN:214,(anonymous_17)
FN:217,(anonymous_18)
FN:225,(anonymous_19)
FN:226,(anonymous_20)
FN:229,(anonymous_21)
FN:237,(anonymous_22)
FN:240,(anonymous_23)
FN:254,(anonymous_24)
FN:284,(anonymous_25)
FN:320,(anonymous_26)
FN:325,(anonymous_27)
FN:328,(anonymous_28)
FN:331,(anonymous_29)
FN:336,(anonymous_30)
FN:345,(anonymous_31)
FN:355,(anonymous_32)
FN:358,(anonymous_33)
FN:363,(anonymous_34)
FN:368,(anonymous_35)
FN:369,(anonymous_36)
FN:400,(anonymous_37)
FN:418,(anonymous_38)
FN:419,(anonymous_39)
FN:420,(anonymous_40)
FN:428,(anonymous_41)
FN:429,(anonymous_42)
FN:433,(anonymous_43)
FN:434,(anonymous_44)
FN:439,(anonymous_45)
FN:440,(anonymous_46)
FN:448,(anonymous_47)
FN:449,(anonymous_48)
FNF:49
FNH:0
FNDA:0,(anonymous_0)
FNDA:0,(anonymous_1)
FNDA:0,(anonymous_2)
FNDA:0,(anonymous_3)
FNDA:0,(anonymous_4)
FNDA:0,(anonymous_5)
FNDA:0,(anonymous_6)
FNDA:0,(anonymous_7)
FNDA:0,(anonymous_8)
FNDA:0,(anonymous_9)
FNDA:0,(anonymous_10)
FNDA:0,(anonymous_11)
FNDA:0,(anonymous_12)
FNDA:0,(anonymous_13)
FNDA:0,(anonymous_14)
FNDA:0,(anonymous_15)
FNDA:0,(anonymous_16)
FNDA:0,(anonymous_17)
FNDA:0,(anonymous_18)
FNDA:0,(anonymous_19)
FNDA:0,(anonymous_20)
FNDA:0,(anonymous_21)
FNDA:0,(anonymous_22)
FNDA:0,(anonymous_23)
FNDA:0,(anonymous_24)
FNDA:0,(anonymous_25)
FNDA:0,(anonymous_26)
FNDA:0,(anonymous_27)
FNDA:0,(anonymous_28)
FNDA:0,(anonymous_29)
FNDA:0,(anonymous_30)
FNDA:0,(anonymous_31)
FNDA:0,(anonymous_32)
FNDA:0,(anonymous_33)
FNDA:0,(anonymous_34)
FNDA:0,(anonymous_35)
FNDA:0,(anonymous_36)
FNDA:0,(anonymous_37)
FNDA:0,(anonymous_38)
FNDA:0,(anonymous_39)
FNDA:0,(anonymous_40)
FNDA:0,(anonymous_41)
FNDA:0,(anonymous_42)
FNDA:0,(anonymous_43)
FNDA:0,(anonymous_44)
FNDA:0,(anonymous_45)
FNDA:0,(anonymous_46)
FNDA:0,(anonymous_47)
FNDA:0,(anonymous_48)
DA:6,0
DA:7,0
DA:8,0
DA:9,0
DA:13,0
DA:23,0
DA:24,0
DA:32,0
DA:39,0
DA:42,0
DA:43,0
DA:47,0
DA:48,0
DA:52,0
DA:53,0
DA:61,0
DA:62,0
DA:64,0
DA:65,0
DA:67,0
DA:68,0
DA:70,0
DA:77,0
DA:79,0
DA:81,0
DA:82,0
DA:88,0
DA:89,0
DA:95,0
DA:96,0
DA:102,0
DA:110,0
DA:111,0
DA:112,0
DA:114,0
DA:115,0
DA:116,0
DA:118,0
DA:121,0
DA:122,0
DA:129,0
DA:130,0
DA:131,0
DA:132,0
DA:134,0
DA:146,0
DA:147,0
DA:148,0
DA:152,0
DA:159,0
DA:160,0
DA:173,0
DA:175,0
DA:176,0
DA:179,0
DA:186,0
DA:187,0
DA:195,0
DA:196,0
DA:198,0
DA:200,0
DA:201,0
DA:202,0
DA:204,0
DA:205,0
DA:206,0
DA:207,0
DA:212,0
DA:213,0
DA:214,0
DA:216,0
DA:217,0
DA:218,0
DA:219,0
DA:224,0
DA:225,0
DA:226,0
DA:228,0
DA:229,0
DA:230,0
DA:231,0
DA:236,0
DA:237,0
DA:239,0
DA:240,0
DA:241,0
DA:242,0
DA:247,0
DA:255,0
DA:264,0
DA:267,0
DA:268,0
DA:271,0
DA:274,0
DA:275,0
DA:278,0
DA:285,0
DA:286,0
DA:287,0
DA:296,0
DA:308,0
DA:309,0
DA:313,0
DA:321,0
DA:324,0
DA:325,0
DA:327,0
DA:328,0
DA:330,0
DA:331,0
DA:335,0
DA:336,0
DA:339,0
DA:346,0
DA:347,0
DA:350,0
DA:351,0
DA:354,0
DA:355,0
DA:357,0
DA:358,0
DA:362,0
DA:363,0
DA:367,0
DA:368,0
DA:369,0
DA:371,0
DA:372,0
DA:373,0
DA:374,0
DA:377,0
DA:401,0
DA:404,0
DA:406,0
DA:407,0
DA:409,0
DA:410,0
DA:412,0
DA:413,0
DA:415,0
DA:418,0
DA:419,0
DA:420,0
DA:422,0
DA:428,0
DA:429,0
DA:433,0
DA:434,0
DA:439,0
DA:440,0
DA:449,0
DA:450,0
DA:451,0
DA:452,0
DA:453,0
DA:454,0
DA:456,0
DA:460,0
LF:158
LH:0
BRDA:61,0,0,0
BRDA:61,0,1,0
BRDA:64,1,0,0
BRDA:64,1,1,0
BRDA:67,2,0,0
BRDA:67,2,1,0
BRDA:148,3,0,0
BRDA:148,3,1,0
BRDA:172,4,0,0
BRDA:175,5,0,0
BRDA:175,5,1,0
BRDA:186,6,0,0
BRDA:186,6,1,0
BRDA:204,7,0,0
BRDA:204,7,1,0
BRDA:206,8,0,0
BRDA:206,8,1,0
BRDA:216,9,0,0
BRDA:216,9,1,0
BRDA:218,10,0,0
BRDA:218,10,1,0
BRDA:228,11,0,0
BRDA:228,11,1,0
BRDA:230,12,0,0
BRDA:230,12,1,0
BRDA:239,13,0,0
BRDA:239,13,1,0
BRDA:241,14,0,0
BRDA:241,14,1,0
BRDA:254,15,0,0
BRDA:267,16,0,0
BRDA:267,16,1,0
BRDA:274,17,0,0
BRDA:274,17,1,0
BRDA:286,18,0,0
BRDA:286,18,1,0
BRDA:286,19,0,0
BRDA:286,19,1,0
BRDA:308,20,0,0
BRDA:308,20,1,0
BRDA:336,21,0,0
BRDA:336,21,1,0
BRDA:357,22,0,0
BRDA:357,22,1,0
BRDA:362,23,0,0
BRDA:362,23,1,0
BRDA:371,24,0,0
BRDA:371,24,1,0
BRDA:373,25,0,0
BRDA:373,25,1,0
BRDA:382,26,0,0
BRDA:382,26,1,0
BRDA:383,27,0,0
BRDA:383,27,1,0
BRDA:400,28,0,0
BRDA:404,29,0,0
BRDA:404,29,1,0
BRDA:404,29,2,0
BRDA:404,29,3,0
BRDA:428,30,0,0
BRDA:428,30,1,0
BRDA:429,31,0,0
BRDA:429,31,1,0
BRDA:433,32,0,0
BRDA:433,32,1,0
BRDA:434,33,0,0
BRDA:434,33,1,0
BRDA:440,34,0,0
BRDA:440,34,1,0
BRDA:450,35,0,0
BRDA:450,35,1,0
BRF:71
BRH:0
end_of_record
TN:
SF:server\services\notificationService.js
FN:8,(anonymous_0)
FN:12,(anonymous_1)
FN:17,(anonymous_2)
FN:27,(anonymous_3)
FNF:4
FNH:2
FNDA:3,(anonymous_0)
FNDA:3,(anonymous_1)
FNDA:0,(anonymous_2)
FNDA:0,(anonymous_3)
DA:5,3
DA:9,3
DA:13,3
DA:14,3
DA:18,0
DA:19,0
DA:20,0
DA:22,0
DA:23,0
DA:28,0
DA:29,0
DA:30,0
DA:31,0
DA:33,0
DA:34,0
DA:39,3
LF:16
LH:5
BRF:0
BRH:0
end_of_record
TN:
SF:server\services\websocketHandler.js
FN:8,(anonymous_0)
FNF:1
FNH:1
FNDA:3,(anonymous_0)
DA:5,3
DA:9,3
DA:10,3
DA:14,3
LF:4
LH:4
BRF:0
BRH:0
end_of_record
TN:
SF:server\utils\logger.js
FN:9,(anonymous_0)
FN:57,(anonymous_1)
FN:71,(anonymous_2)
FN:75,(anonymous_3)
FN:79,(anonymous_4)
FN:83,(anonymous_5)
FNF:6
FNH:2
FNDA:3,(anonymous_0)
FNDA:0,(anonymous_1)
FNDA:33,(anonymous_2)
FNDA:0,(anonymous_3)
FNDA:0,(anonymous_4)
FNDA:0,(anonymous_5)
DA:5,3
DA:6,3
DA:10,3
DA:50,3
DA:51,3
DA:58,0
DA:60,0
DA:61,0
DA:64,0
DA:72,33
DA:76,0
DA:80,0
DA:84,0
DA:88,3
LF:14
LH:7
BRDA:11,0,0,3
BRDA:11,0,1,0
BRDA:21,1,0,3
BRDA:21,1,1,0
BRDA:50,2,0,3
BRDA:50,2,1,0
BRDA:60,3,0,0
BRDA:60,3,1,0
BRDA:71,4,0,33
BRDA:75,5,0,0
BRDA:79,6,0,0
BRDA:83,7,0,0
BRF:12
BRH:4
end_of_record
TN:
SF:server\utils\responseHelper.js
FN:13,(anonymous_0)
FN:35,(anonymous_1)
FN:55,(anonymous_2)
FN:70,(anonymous_3)
FN:84,(anonymous_4)
FN:98,(anonymous_5)
FN:112,(anonymous_6)
FN:125,(anonymous_7)
FN:139,(anonymous_8)
FN:155,(anonymous_9)
FN:174,(anonymous_10)
FN:190,(anonymous_11)
FNF:12
FNH:0
FNDA:0,(anonymous_0)
FNDA:0,(anonymous_1)
FNDA:0,(anonymous_2)
FNDA:0,(anonymous_3)
FNDA:0,(anonymous_4)
FNDA:0,(anonymous_5)
FNDA:0,(anonymous_6)
FNDA:0,(anonymous_7)
FNDA:0,(anonymous_8)
FNDA:0,(anonymous_9)
FNDA:0,(anonymous_10)
FNDA:0,(anonymous_11)
DA:14,0
DA:20,0
DA:21,0
DA:24,0
DA:36,0
DA:43,0
DA:44,0
DA:47,0
DA:56,0
DA:71,0
DA:85,0
DA:99,0
DA:113,0
DA:126,0
DA:140,0
DA:156,0
DA:175,0
DA:191,0
DA:201,3
LF:19
LH:1
BRDA:13,0,0,0
BRDA:13,1,0,0
BRDA:13,2,0,0
BRDA:20,3,0,0
BRDA:20,3,1,0
BRDA:35,4,0,0
BRDA:35,5,0,0
BRDA:35,6,0,0
BRDA:35,7,0,0
BRDA:43,8,0,0
BRDA:43,8,1,0
BRDA:43,9,0,0
BRDA:43,9,1,0
BRDA:70,10,0,0
BRDA:84,11,0,0
BRDA:98,12,0,0
BRDA:112,13,0,0
BRDA:139,14,0,0
BRDA:155,15,0,0
BRDA:159,16,0,0
BRDA:159,16,1,0
BRDA:160,17,0,0
BRDA:160,17,1,0
BRDA:161,18,0,0
BRDA:161,18,1,0
BRDA:162,19,0,0
BRDA:162,19,1,0
BRDA:163,20,0,0
BRDA:163,20,1,0
BRDA:164,21,0,0
BRDA:164,21,1,0
BRDA:192,22,0,0
BRDA:192,22,1,0
BRDA:193,23,0,0
BRDA:193,23,1,0
BRDA:194,24,0,0
BRDA:194,24,1,0
BRDA:195,25,0,0
BRDA:195,25,1,0
BRDA:196,26,0,0
BRDA:196,26,1,0
BRF:41
BRH:0
end_of_record
